log started: Wed Feb 15 12:51:54 2023

Log file: ./leap.log
>> #
>> # ----- leaprc for loading the ff19SB force field
>> # ----- NOTE: this is designed for PDB format 3!
>> #
>> #	load atom type hybridizations
>> #
>> addAtomTypes {
>> 	{ "H"   "H" "sp3" }
>> 	{ "HO"  "H" "sp3" }
>> 	{ "HS"  "H" "sp3" }
>> 	{ "H1"  "H" "sp3" }
>> 	{ "H2"  "H" "sp3" }
>> 	{ "H3"  "H" "sp3" }
>> 	{ "H4"  "H" "sp3" }
>> 	{ "H5"  "H" "sp3" }
>> 	{ "HW"  "H" "sp3" }
>> 	{ "HC"  "H" "sp3" }
>> 	{ "HA"  "H" "sp3" }
>> 	{ "HP"  "H" "sp3" }
>> 	{ "HZ"  "H" "sp3" }
>> 	{ "OH"  "O" "sp3" }
>> 	{ "OS"  "O" "sp3" }
>> 	{ "O"   "O" "sp2" }
>> 	{ "O2"  "O" "sp2" }
>> 	{ "OP"  "O" "sp2" }
>> 	{ "OW"  "O" "sp3" }
>> 	{ "CT"  "C" "sp3" }
>> 	{ "CX"  "C" "sp3" }
>> 	{ "XC"  "C" "sp3" }
>> 	{ "C8"  "C" "sp3" }
>> 	{ "2C"  "C" "sp3" }
>> 	{ "3C"  "C" "sp3" }
>> 	{ "CH"  "C" "sp3" }
>> 	{ "CS"  "C" "sp2" }
>> 	{ "C"   "C" "sp2" }
>> 	{ "CO"   "C" "sp2" }
>> 	{ "C*"  "C" "sp2" }
>> 	{ "CA"  "C" "sp2" }
>> 	{ "CB"  "C" "sp2" }
>> 	{ "CC"  "C" "sp2" }
>> 	{ "CN"  "C" "sp2" }
>> 	{ "CM"  "C" "sp2" }
>> 	{ "CK"  "C" "sp2" }
>> 	{ "CQ"  "C" "sp2" }
>> 	{ "CD"  "C" "sp2" }
>> 	{ "C5"  "C" "sp2" }
>> 	{ "C4"  "C" "sp2" }
>> 	{ "CP"  "C" "sp2" }
>> 	{ "CI"  "C" "sp3" }
>> 	{ "CJ"  "C" "sp2" }
>> 	{ "CW"  "C" "sp2" }
>> 	{ "CV"  "C" "sp2" }
>> 	{ "CR"  "C" "sp2" }
>> 	{ "CA"  "C" "sp2" }
>> 	{ "CY"  "C" "sp2" }
>> 	{ "C0"  "Ca" "sp3" }
>> 	{ "MG"  "Mg" "sp3" }
>> 	{ "N"   "N" "sp2" }
>> 	{ "NA"  "N" "sp2" }
>> 	{ "N2"  "N" "sp2" }
>> 	{ "N*"  "N" "sp2" }
>> 	{ "NP"  "N" "sp2" }
>> 	{ "NQ"  "N" "sp2" }
>> 	{ "NB"  "N" "sp2" }
>> 	{ "NC"  "N" "sp2" }
>> 	{ "NT"  "N" "sp3" }
>> 	{ "NY"  "N" "sp2" }
>> 	{ "N3"  "N" "sp3" }
>> 	{ "S"   "S" "sp3" }
>> 	{ "SH"  "S" "sp3" }
>> 	{ "P"   "P" "sp3" }
>> 	{ "LP"  ""  "sp3" }
>> 	{ "EP"  ""  "sp3" }
>> 	{ "F"   "F" "sp3" }
>> 	{ "Cl"  "Cl" "sp3" }
>> 	{ "Br"  "Br" "sp3" }
>> 	{ "I"   "I"  "sp3" }
>> }
>> #
>> #	Load the main parameter set.
>> #
>> set default cmap on
>> parm19 = loadamberparams parm19.dat
Loading parameters: /home/elite/miniconda3/dat/leap/parm/parm19.dat
Reading title:
PARM99 + frcmod.ff99SB + frcmod.parmbsc0 + OL3 for RNA + ff19SB
(UNKNOWN ATOM TYPE: Zn)
(UNKNOWN ATOM TYPE: EP)
>> frcmod19SB = loadamberparams frcmod.ff19SB
Loading parameters: /home/elite/miniconda3/dat/leap/parm/frcmod.ff19SB
Reading force field modification type file (frcmod)
Reading title:
ff19SB AA-specific backbone CMAPs for protein 07/25/2019
>> #
>> #	Load main chain and terminating amino acid libraries
>> #
>> loadOff amino19.lib
Loading library: /home/elite/miniconda3/dat/leap/lib/amino19.lib
Loading: ALA
Loading: ARG
Loading: ASH
Loading: ASN
Loading: ASP
Loading: CYM
Loading: CYS
Loading: CYX
Loading: GLH
Loading: GLN
Loading: GLU
Loading: GLY
Loading: HID
Loading: HIE
Loading: HIP
Loading: HYP
Loading: ILE
Loading: LEU
Loading: LYN
Loading: LYS
Loading: MET
Loading: PHE
Loading: PRO
Loading: SER
Loading: THR
Loading: TRP
Loading: TYR
Loading: VAL
>> loadOff aminoct12.lib
Loading library: /home/elite/miniconda3/dat/leap/lib/aminoct12.lib
Loading: CALA
Loading: CARG
Loading: CASN
Loading: CASP
Loading: CCYS
Loading: CCYX
Loading: CGLN
Loading: CGLU
Loading: CGLY
Loading: CHID
Loading: CHIE
Loading: CHIP
Loading: CHYP
Loading: CILE
Loading: CLEU
Loading: CLYS
Loading: CMET
Loading: CPHE
Loading: CPRO
Loading: CSER
Loading: CTHR
Loading: CTRP
Loading: CTYR
Loading: CVAL
Loading: NHE
Loading: NME
>> loadOff aminont12.lib
Loading library: /home/elite/miniconda3/dat/leap/lib/aminont12.lib
Loading: ACE
Loading: NALA
Loading: NARG
Loading: NASN
Loading: NASP
Loading: NCYS
Loading: NCYX
Loading: NGLN
Loading: NGLU
Loading: NGLY
Loading: NHID
Loading: NHIE
Loading: NHIP
Loading: NILE
Loading: NLEU
Loading: NLYS
Loading: NMET
Loading: NPHE
Loading: NPRO
Loading: NSER
Loading: NTHR
Loading: NTRP
Loading: NTYR
Loading: NVAL
>> 
>> #
>> #	Define the PDB name map for the amino acids
>> #
>> addPdbResMap {
>>   { 0 "HYP" "NHYP" } { 1 "HYP" "CHYP" }
>>   { 0 "ALA" "NALA" } { 1 "ALA" "CALA" }
>>   { 0 "ARG" "NARG" } { 1 "ARG" "CARG" }
>>   { 0 "ASN" "NASN" } { 1 "ASN" "CASN" }
>>   { 0 "ASP" "NASP" } { 1 "ASP" "CASP" }
>>   { 0 "CYS" "NCYS" } { 1 "CYS" "CCYS" }
>>   { 0 "CYX" "NCYX" } { 1 "CYX" "CCYX" }
>>   { 0 "GLN" "NGLN" } { 1 "GLN" "CGLN" }
>>   { 0 "GLU" "NGLU" } { 1 "GLU" "CGLU" }
>>   { 0 "GLY" "NGLY" } { 1 "GLY" "CGLY" }
>>   { 0 "HID" "NHID" } { 1 "HID" "CHID" }
>>   { 0 "HIE" "NHIE" } { 1 "HIE" "CHIE" }
>>   { 0 "HIP" "NHIP" } { 1 "HIP" "CHIP" }
>>   { 0 "ILE" "NILE" } { 1 "ILE" "CILE" }
>>   { 0 "LEU" "NLEU" } { 1 "LEU" "CLEU" }
>>   { 0 "LYS" "NLYS" } { 1 "LYS" "CLYS" }
>>   { 0 "MET" "NMET" } { 1 "MET" "CMET" }
>>   { 0 "PHE" "NPHE" } { 1 "PHE" "CPHE" }
>>   { 0 "PRO" "NPRO" } { 1 "PRO" "CPRO" }
>>   { 0 "SER" "NSER" } { 1 "SER" "CSER" }
>>   { 0 "THR" "NTHR" } { 1 "THR" "CTHR" }
>>   { 0 "TRP" "NTRP" } { 1 "TRP" "CTRP" }
>>   { 0 "TYR" "NTYR" } { 1 "TYR" "CTYR" }
>>   { 0 "VAL" "NVAL" } { 1 "VAL" "CVAL" }
>>   { 0 "HIS" "NHIS" } { 1 "HIS" "CHIS" }
>> }
>> 
>> #
>> # assume that most often proteins use HIE
>> #
>> NHIS = NHIE
>> HIS = HIE
>> CHIS = CHIE
> 
> ###Load GAFF force field (for our ligand)                                       
> source leaprc.gaff

/home/elite/miniconda3/bin/teLeap: Note.
A carriage return character has been read.
This is an indicator of DOS line endings.
Although LEaP treats it as whitespace, other programs may not.
One can convert line endings from DOS to UNIX with various tools including:
    dos2unix
----- Source: /home/elite/miniconda3/dat/leap/cmd/leaprc.gaff
----- Source of /home/elite/miniconda3/dat/leap/cmd/leaprc.gaff done
>> logFile leap.log
log started: Wed Feb 15 12:51:54 2023

Log file: ./leap.log
>> #
>> # ----- leaprc for loading the general Amber Force field.
>> #       This file is mostly for use with Antechamber
>> #
>> #	load atom type hybridizations
>> #
>> addAtomTypes {
>> 	{ "h1"  "H" "sp3" }
>> 	{ "h2"  "H" "sp3" }
>> 	{ "h3"  "H" "sp3" }
>> 	{ "h4"  "H" "sp3" }
>> 	{ "h5"  "H" "sp3" }
>> 	{ "ha"  "H" "sp3" }
>> 	{ "hc"  "H" "sp3" }
>> 	{ "hn"  "H" "sp3" }
>> 	{ "ho"  "H" "sp3" }
>> 	{ "hp"  "H" "sp3" }
>> 	{ "hs"  "H" "sp3" }
>> 	{ "hw"  "H" "sp3" }
>> 	{ "hx"  "H" "sp3" }
>> 	{ "o"  "O" "sp2" }
>> 	{ "o2"  "O" "sp2" }
>> 	{ "oh"  "O" "sp3" }
>> 	{ "op"  "O" "sp3" }
>> 	{ "oq"  "O" "sp3" }
>> 	{ "os"  "O" "sp3" }
>> 	{ "ow"  "O" "sp3" }
>> 	{ "c"  "C" "sp2" }
>> 	{ "c1"  "C" "sp2" }
>> 	{ "c2"  "C" "sp2" }
>> 	{ "c3"  "C" "sp3" }
>> 	{ "ca"  "C" "sp2" }
>> 	{ "cc"  "C" "sp2" }
>> 	{ "cd"  "C" "sp2" }
>> 	{ "ce"  "C" "sp2" }
>> 	{ "cf"  "C" "sp2" }
>> 	{ "cg"  "C" "sp2" }
>> 	{ "ch"  "C" "sp2" }
>> 	{ "cp"  "C" "sp2" }
>> 	{ "cq"  "C" "sp2" }
>> 	{ "cu"  "C" "sp2" }
>> 	{ "cv"  "C" "sp2" }
>> 	{ "cx"  "C" "sp2" }
>> 	{ "cy"  "C" "sp2" }
>> 	{ "cz"  "C" "sp2" }
>> 	{ "n"   "N" "sp2" }
>> 	{ "n1"  "N" "sp2" }
>> 	{ "n2"  "N" "sp2" }
>> 	{ "n3"  "N" "sp3" }
>> 	{ "n4"  "N" "sp3" }
>> 	{ "na"  "N" "sp2" }
>> 	{ "nb"  "N" "sp2" }
>> 	{ "nc"  "N" "sp2" }
>> 	{ "nd"  "N" "sp2" }
>> 	{ "ne"  "N" "sp2" }
>> 	{ "nf"  "N" "sp2" }
>> 	{ "nh"  "N" "sp2" }
>> 	{ "ni"  "N" "sp2" }
>> 	{ "nj"  "N" "sp2" }
>> 	{ "nk"  "N" "sp3" }
>> 	{ "nl"  "N" "sp3" }
>> 	{ "nm"  "N" "sp2" }
>> 	{ "nn"  "N" "sp2" }
>> 	{ "no"  "N" "sp2" }
>> 	{ "np"  "N" "sp3" }
>> 	{ "nq"  "N" "sp3" }
>> 	{ "s"   "S" "sp2" }
>> 	{ "s2"   "S" "sp2" }
>> 	{ "s3"   "S" "sp3" }
>> 	{ "s4"   "S" "sp3" }
>> 	{ "s6"   "S" "sp3" }
>> 	{ "sh"   "S" "sp3" }
>> 	{ "sp"   "S" "sp3" }
>> 	{ "sq"   "S" "sp3" }
>> 	{ "ss"   "S" "sp3" }
>> 	{ "sx"   "S" "sp3" }
>> 	{ "sy"   "S" "sp3" }
>> 	{ "p2"   "P" "sp2" }
>> 	{ "p3"   "P" "sp3" }
>> 	{ "p4"   "P" "sp3" }
>> 	{ "p5"   "P" "sp3" }
>> 	{ "pb"   "P" "sp3" }
>> 	{ "pc"   "P" "sp3" }
>> 	{ "pd"   "P" "sp3" }
>> 	{ "pe"   "P" "sp3" }
>> 	{ "pf"   "P" "sp3" }
>> 	{ "px"   "P" "sp3" }
>> 	{ "py"   "P" "sp3" }
>> 	{ "f"   "F" "sp3" }
>> 	{ "cl"  "Cl" "sp3" }
>> 	{ "br"  "Br" "sp3" }
>> 	{ "i"   "I"  "sp3" }
>> }
>> #
>> #	Load the general force field parameter set.
>> #
>> gaff = loadamberparams gaff.dat
Loading parameters: /home/elite/miniconda3/dat/leap/parm/gaff.dat
Reading title:
AMBER General Force Field for organic molecules (Version 1.81, May 2017)
> 
> ###Load OPC (water) force field                                               
> source leaprc.water.opc 
----- Source: /home/elite/miniconda3/dat/leap/cmd/leaprc.water.opc
----- Source of /home/elite/miniconda3/dat/leap/cmd/leaprc.water.opc done
>> #
>> #  Load OPC water model and ions for OPC + Li/Merz ion parameters
>> #  (-1 to +4, 12-6 normal usage set)
>> # 
>> addAtomTypes {
>> 	{ "F-"   "F" "sp3" }
>> 	{ "Cl-"  "Cl" "sp3" }
>> 	{ "Br-"  "Br" "sp3" }
>> 	{ "I-"   "I"  "sp3" }
>> 	{ "Li+"  "Li"  "sp3" }
>> 	{ "Na+"  "Na"  "sp3" }
>> 	{ "K+"  "K"  "sp3" }
>> 	{ "Rb+"  "Rb"  "sp3" }
>> 	{ "Cs+"  "Cs"  "sp3" }
>> 	{ "Mg+"  "Mg"  "sp3" }
>>     { "Tl+"  "Tl"  "sp3" }
>>     { "Cu+"  "Cu"  "sp3" }
>>     { "Ag+"  "Ag"  "sp3" }
>>     { "Be2+" "Be"  "sp3" }
>>     { "Cu2+" "Cu"  "sp3" }
>>     { "Ni2+" "Ni"  "sp3" }
>>     { "Pt2+" "Pt"  "sp3" }
>>     { "Zn2+" "Zn"  "sp3" }
>>     { "Co2+" "Co"  "sp3" }
>>     { "Pd2+" "Pd"  "sp3" }
>>     { "Ag2+" "Ag"  "sp3" }
>>     { "Cr2+" "Cr"  "sp3" }
>>     { "Fe2+" "Fe"  "sp3" }
>>     { "Mg2+" "Mg"  "sp3" }
>>     { "V2+"  "V"   "sp3" }
>>     { "Mn2+" "Mn"  "sp3" }
>>     { "Hg2+" "Hg"  "sp3" }
>>     { "Cd2+" "Cd"  "sp3" }
>>     { "Yb2+" "Yb"  "sp3" }
>>     { "Ca2+" "Ca"  "sp3" }
>>     { "Sn2+" "Sn"  "sp3" }
>>     { "Pb2+" "Pb"  "sp3" }
>>     { "Eu2+" "Eu"  "sp3" }
>>     { "Sr2+" "Sr"  "sp3" }
>>     { "Sm2+" "Sm"  "sp3" }
>>     { "Ba2+" "Ba"  "sp3" }
>>     { "Ra2+" "Ra"  "sp3" }
>>     { "Al3+" "Al"  "sp3" }
>>     { "Fe3+" "Fe"  "sp3" }
>>     { "Cr3+" "Cr"  "sp3" }
>>     { "In3+" "In"  "sp3" }
>>     { "Tl3+" "Tl"  "sp3" }
>>     { "Y3+"  "Y"   "sp3" }
>>     { "La3+" "La"  "sp3" }
>>     { "Ce3+" "Ce"  "sp3" }
>>     { "Pr3+" "Pr"  "sp3" }
>>     { "Nd3+" "Nd"  "sp3" }
>>     { "Sm3+" "Sm"  "sp3" }
>>     { "Eu3+" "Eu"  "sp3" }
>>     { "Gd3+" "Gd"  "sp3" }
>>     { "Tb3+" "Tb"  "sp3" }
>>     { "Dy3+" "Dy"  "sp3" }
>>     { "Er3+" "Er"  "sp3" }
>>     { "Tm3+" "Tm"  "sp3" }
>>     { "Lu3+" "Lu"  "sp3" }
>>     { "Hf4+" "Hf"  "sp3" }
>>     { "Zr4+" "Zr"  "sp3" }
>>     { "Ce4+" "Ce"  "sp3" }
>>     { "U4+"  "U"   "sp3" }
>>     { "Pu4+" "Pu"  "sp3" }
>>     { "Th4+" "Th"  "sp3" }
>>     { "OW"   "O"   "sp3" }
>>     { "HW"   "H"   "sp3" }
>>     { "EP"   ""    "sp3" }
>> }
>> loadOff atomic_ions.lib
Loading library: /home/elite/miniconda3/dat/leap/lib/atomic_ions.lib
Loading: AG
Loading: AL
Loading: Ag
Loading: BA
Loading: BR
Loading: Be
Loading: CA
Loading: CD
Loading: CE
Loading: CL
Loading: CO
Loading: CR
Loading: CS
Loading: CU
Loading: CU1
Loading: Ce
Loading: Cl-
Loading: Cr
Loading: Dy
Loading: EU
Loading: EU3
Loading: Er
Loading: F
Loading: FE
Loading: FE2
Loading: GD3
Loading: H3O+
Loading: HE+
Loading: HG
Loading: HZ+
Loading: Hf
Loading: IN
Loading: IOD
Loading: K
Loading: K+
Loading: LA
Loading: LI
Loading: LU
Loading: MG
Loading: MN
Loading: NA
Loading: NH4
Loading: NI
Loading: Na+
Loading: Nd
Loading: PB
Loading: PD
Loading: PR
Loading: PT
Loading: Pu
Loading: RB
Loading: Ra
Loading: SM
Loading: SR
Loading: Sm
Loading: Sn
Loading: TB
Loading: TL
Loading: Th
Loading: Tl
Loading: Tm
Loading: U4+
Loading: V2+
Loading: Y
Loading: YB2
Loading: ZN
Loading: Zr
>> loadOff solvents.lib
Loading library: /home/elite/miniconda3/dat/leap/lib/solvents.lib
Loading: CHCL3BOX
Loading: DC4
Loading: FB3
Loading: FB3BOX
Loading: FB4
Loading: FB4BOX
Loading: MEOHBOX
Loading: NMABOX
Loading: O3P
Loading: OP3
Loading: OPC
Loading: OPC3BOX
Loading: OPCBOX
Loading: PL3
Loading: POL3BOX
Loading: QSPCFWBOX
Loading: SPC
Loading: SPCBOX
Loading: SPCFWBOX
Loading: SPF
Loading: SPG
Loading: T4E
Loading: TIP3PBOX
Loading: TIP3PFBOX
Loading: TIP4PBOX
Loading: TIP4PEWBOX
Loading: TIP5PBOX
Loading: TP3
Loading: TP4
Loading: TP5
Loading: TPF
>> HOH = OPC
>> WAT = OPC
>> loadAmberParams frcmod.opc
Loading parameters: /home/elite/miniconda3/dat/leap/parm/frcmod.opc
Reading force field modification type file (frcmod)
Reading title:
Parameters for OPC water (JPCL, 2014, 5 (21), pp 3863-3871)
(UNKNOWN ATOM TYPE: EP)
>> loadAmberParams frcmod.ionslm_126_opc
Loading parameters: /home/elite/miniconda3/dat/leap/parm/frcmod.ionslm_126_opc
Reading force field modification type file (frcmod)
Reading title:
Li/Merz ion parameters of atomic ions for the OPC water model (12-6 set)
>> 
> 
> ####Load Ions frcmod for the OPC model                                        
> loadamberparams frcmod.ionslm_126_opc

/home/elite/miniconda3/bin/teLeap: Note.
A carriage return character has been read.
This is an indicator of DOS line endings.
Although LEaP treats it as whitespace, other programs may not.
One can convert line endings from DOS to UNIX with various tools including:
    dos2unix
Loading parameters: /home/elite/miniconda3/dat/leap/parm/frcmod.ionslm_126_opc
Reading force field modification type file (frcmod)
Reading title:
Li/Merz ion parameters of atomic ions for the OPC water model (12-6 set)
> ###Needed so we can use igb=8 model                                             
> set default PBradii mbondi3

/home/elite/miniconda3/bin/teLeap: Note.
A carriage return character has been read.
This is an indicator of DOS line endings.
Although LEaP treats it as whitespace, other programs may not.
One can convert line endings from DOS to UNIX with various tools including:
    dos2unix
Using ArgH and AspGluO modified Bondi2 radii
> 
> ###Load Protein pdb file                                                        
> rec=loadpdb rec.pdb

/home/elite/miniconda3/bin/teLeap: Note.
A carriage return character has been read.
This is an indicator of DOS line endings.
Although LEaP treats it as whitespace, other programs may not.
One can convert line endings from DOS to UNIX with various tools including:
    dos2unix
Loading PDB file: ./rec.pdb
Matching PDB residue names to LEaP variables.
Mapped residue CYS, term: Terminal/beginning, seq. number: 0 to: NCYS.
Mapped residue ALA, term: Terminal/last, seq. number: 130 to: CALA.
  total atoms in file: 2059
> 
> ###Load Ligand frcmod/mol2                                                      
> loadamberparams lig.am1bcc.frcmod

/home/elite/miniconda3/bin/teLeap: Note.
A carriage return character has been read.
This is an indicator of DOS line endings.
Although LEaP treats it as whitespace, other programs may not.
One can convert line endings from DOS to UNIX with various tools including:
    dos2unix
Loading parameters: ./lig.am1bcc.frcmod
Reading force field modification type file (frcmod)
Reading title:
Remark line goes here
> lig=loadmol2 lig.am1bcc.mol2

/home/elite/miniconda3/bin/teLeap: Note.
A carriage return character has been read.
This is an indicator of DOS line endings.
Although LEaP treats it as whitespace, other programs may not.
One can convert line endings from DOS to UNIX with various tools including:
    dos2unix
Loading Mol2 file: ./lig.am1bcc.mol2
Reading MOLECULE named LIG
> 
> ###Create gas-phase complex                                                     
> gascomplex= combine {rec lig}
  Sequence: default_name
  Sequence: LIG
> 
> ###Create complex
> complex= combine {rec lig}
  Sequence: default_name
  Sequence: LIG
> 
> ###Write gas-phase pdb                                                          
> savepdb gascomplex 2nnq.gas.complex.pdb

/home/elite/miniconda3/bin/teLeap: Note.
A carriage return character has been read.
This is an indicator of DOS line endings.
Although LEaP treats it as whitespace, other programs may not.
One can convert line endings from DOS to UNIX with various tools including:
    dos2unix
Writing pdb file: 2nnq.gas.complex.pdb

/home/elite/miniconda3/bin/teLeap: Warning!
 Converting N-terminal residue name to PDB format: NCYS -> CYS

/home/elite/miniconda3/bin/teLeap: Warning!
 Converting C-terminal residue name to PDB format: CALA -> ALA
> 
> ###Write gas-phase toplogy and coord files for MMGBSA calc                      
> saveamberparm gascomplex gas.complex.prmtop gas.complex.incprd

/home/elite/miniconda3/bin/teLeap: Note.
A carriage return character has been read.
This is an indicator of DOS line endings.
Although LEaP treats it as whitespace, other programs may not.
One can convert line endings from DOS to UNIX with various tools including:
    dos2unix
Checking Unit.

/home/elite/miniconda3/bin/teLeap: Warning!
The unperturbed charge of the unit (-0.999001) is not zero.

/home/elite/miniconda3/bin/teLeap: Note.
Ignoring the warning from Unit Checking.

Building topology.
Building atom parameters.
Building bond parameters.
Building angle parameters.
Building proper torsion parameters.
Building improper torsion parameters.
 total 416 improper torsions applied
Building H-Bond parameters.
Incorporating Non-Bonded adjustments.
Not Marking per-residue atom chain types.
Marking per-residue atom chain types.
  (Residues lacking connect0/connect1 - 
   these don't have chain types marked:

	res	total affected

	CALA	1
	LIG	1
	NCYS	1
  )
 (no restraints)
> saveamberparm rec gas.receptor.prmtop gas.receptor.incprd

/home/elite/miniconda3/bin/teLeap: Note.
A carriage return character has been read.
This is an indicator of DOS line endings.
Although LEaP treats it as whitespace, other programs may not.
One can convert line endings from DOS to UNIX with various tools including:
    dos2unix
Checking Unit.
Building topology.
Building atom parameters.
Building bond parameters.
Building angle parameters.
Building proper torsion parameters.
Building improper torsion parameters.
 total 387 improper torsions applied
Building H-Bond parameters.
Incorporating Non-Bonded adjustments.
Not Marking per-residue atom chain types.
Marking per-residue atom chain types.
  (Residues lacking connect0/connect1 - 
   these don't have chain types marked:

	res	total affected

	CALA	1
	NCYS	1
  )
 (no restraints)
> saveamberparm lig gas.ligand.prmtop gas.ligand.incprd

/home/elite/miniconda3/bin/teLeap: Note.
A carriage return character has been read.
This is an indicator of DOS line endings.
Although LEaP treats it as whitespace, other programs may not.
One can convert line endings from DOS to UNIX with various tools including:
    dos2unix
Checking Unit.

/home/elite/miniconda3/bin/teLeap: Warning!
The unperturbed charge of the unit (-0.999001) is not zero.

/home/elite/miniconda3/bin/teLeap: Note.
Ignoring the warning from Unit Checking.

Building topology.
Building atom parameters.
Building bond parameters.
Building angle parameters.
Building proper torsion parameters.
Building improper torsion parameters.
 total 29 improper torsions applied
Building H-Bond parameters.
Incorporating Non-Bonded adjustments.
Not Marking per-residue atom chain types.
Marking per-residue atom chain types.
  (Residues lacking connect0/connect1 - 
   these don't have chain types marked:

	res	total affected

	LIG	1
  )
 (no restraints)
> 
> ###Create solvated complex (albeit redundant)                                   
> solvcomplex= combine {rec lig}
  Sequence: default_name
  Sequence: LIG
> 
> ###Solvate the system                                                           
> solvateoct solvcomplex OPCBOX 12.0

/home/elite/miniconda3/bin/teLeap: Note.
A carriage return character has been read.
This is an indicator of DOS line endings.
Although LEaP treats it as whitespace, other programs may not.
One can convert line endings from DOS to UNIX with various tools including:
    dos2unix
Scaling up box by a factor of 1.284973 to meet diagonal cut criterion
  Solute vdw bounding box:              33.036 39.813 45.953
  Total bounding box for atom centers:  76.792 76.792 76.792
      (box expansion for 'iso' is  30.7%)
  Solvent unit box:                     18.865 18.478 19.006
The number of boxes:  x= 5  y= 5  z= 5
  Volume: 235384.997 A^3 (oct)
  Total mass 125535.448 amu,  Density 0.886 g/cc
  Added 6132 residues.
> 
> ###Neutralize system (it will add either Na or Cl depending on net charge)      
> addions solvcomplex Cl- 0

/home/elite/miniconda3/bin/teLeap: Note.
A carriage return character has been read.
This is an indicator of DOS line endings.
Although LEaP treats it as whitespace, other programs may not.
One can convert line endings from DOS to UNIX with various tools including:
    dos2unix

/home/elite/miniconda3/bin/teLeap: Warning!
addIons: 1st Ion & target unit have charges of the same sign:
     unit charge = -0.999001; ion1 charge = -1;
     can't neutralize.
> addions solvcomplex Na+ 0

/home/elite/miniconda3/bin/teLeap: Note.
A carriage return character has been read.
This is an indicator of DOS line endings.
Although LEaP treats it as whitespace, other programs may not.
One can convert line endings from DOS to UNIX with various tools including:
    dos2unix
1 Na+ ion required to neutralize.
Adding 1 counter ions to "solvcomplex" using 1A grid
Total solute charge:  -1.00  Max atom radius:   1.98
Grid extends from solute vdw + 1.47  to  7.45
Box:
   enclosing:  -24.98 -28.05 -24.88   29.09 29.59 22.92
   sized:			      39.02 35.95 39.12
   edge:        64.00
Resolution:      1.00 Angstrom.
Tree depth: 6
Volume = 12.82% of box, grid points 33601
Solvent present: replacing closest with ion
	 when steric overlaps occur
Calculating grid charges
(Replacing solvent molecule)
Placed Na+ in solvcomplex at (8.50, -19.38, -4.04).

Done adding ions.
> 
> ###Write solvated pdb file
> savepdb solvcomplex wet.complex.pdb

/home/elite/miniconda3/bin/teLeap: Note.
A carriage return character has been read.
This is an indicator of DOS line endings.
Although LEaP treats it as whitespace, other programs may not.
One can convert line endings from DOS to UNIX with various tools including:
    dos2unix
Writing pdb file: wet.complex.pdb
   printing CRYST1 record to PDB file with box info

/home/elite/miniconda3/bin/teLeap: Warning!
 Converting N-terminal residue name to PDB format: NCYS -> CYS

/home/elite/miniconda3/bin/teLeap: Warning!
 Converting C-terminal residue name to PDB format: CALA -> ALA
> 
> ###check the system
> charge solvcomplex

/home/elite/miniconda3/bin/teLeap: Note.
A carriage return character has been read.
This is an indicator of DOS line endings.
Although LEaP treats it as whitespace, other programs may not.
One can convert line endings from DOS to UNIX with various tools including:
    dos2unix
Total unperturbed charge:   0.000999
Total perturbed charge:     0.000999
> check solvcomplex

/home/elite/miniconda3/bin/teLeap: Note.
A carriage return character has been read.
This is an indicator of DOS line endings.
Although LEaP treats it as whitespace, other programs may not.
One can convert line endings from DOS to UNIX with various tools including:
    dos2unix
Checking 'solvcomplex'....

/home/elite/miniconda3/bin/teLeap: Warning!
Close contact of 1.300 angstroms between nonbonded atoms HD2 and O
-------  .R<LYS 79>.A<HD2 12> and .R<LYS 79>.A<O 22>

/home/elite/miniconda3/bin/teLeap: Warning!
Close contact of 1.471 angstroms between nonbonded atoms HD21 and HA
-------  .R<ASN 59>.A<HD21 11> and .R<GLU 54>.A<HA 4>
Checking parameters for unit 'solvcomplex'.
Checking for bond parameters.
Checking for angle parameters.
check:  Warnings: 18395
Unit is OK.
> 
> ###Write solvated topology and coordinate file
> saveamberparm complex solvated.prmtop solvated.inpcrd

/home/elite/miniconda3/bin/teLeap: Note.
A carriage return character has been read.
This is an indicator of DOS line endings.
Although LEaP treats it as whitespace, other programs may not.
One can convert line endings from DOS to UNIX with various tools including:
    dos2unix
Checking Unit.

/home/elite/miniconda3/bin/teLeap: Warning!
The unperturbed charge of the unit (-0.999001) is not zero.

/home/elite/miniconda3/bin/teLeap: Note.
Ignoring the warning from Unit Checking.

Building topology.
Building atom parameters.
Building bond parameters.
Building angle parameters.
Building proper torsion parameters.
Building improper torsion parameters.
 total 416 improper torsions applied
Building H-Bond parameters.
Incorporating Non-Bonded adjustments.
Not Marking per-residue atom chain types.
Marking per-residue atom chain types.
  (Residues lacking connect0/connect1 - 
   these don't have chain types marked:

	res	total affected

	CALA	1
	LIG	1
	NCYS	1
  )
 (no restraints)
 
> quit
	Quit

Exiting LEaP: Errors = 0; Warnings = 10; Notes = 21.
log started: Wed Feb 15 12:53:12 2023

Log file: ./leap.log
>> #
>> # ----- leaprc for loading the ff19SB force field
>> # ----- NOTE: this is designed for PDB format 3!
>> #
>> #	load atom type hybridizations
>> #
>> addAtomTypes {
>> 	{ "H"   "H" "sp3" }
>> 	{ "HO"  "H" "sp3" }
>> 	{ "HS"  "H" "sp3" }
>> 	{ "H1"  "H" "sp3" }
>> 	{ "H2"  "H" "sp3" }
>> 	{ "H3"  "H" "sp3" }
>> 	{ "H4"  "H" "sp3" }
>> 	{ "H5"  "H" "sp3" }
>> 	{ "HW"  "H" "sp3" }
>> 	{ "HC"  "H" "sp3" }
>> 	{ "HA"  "H" "sp3" }
>> 	{ "HP"  "H" "sp3" }
>> 	{ "HZ"  "H" "sp3" }
>> 	{ "OH"  "O" "sp3" }
>> 	{ "OS"  "O" "sp3" }
>> 	{ "O"   "O" "sp2" }
>> 	{ "O2"  "O" "sp2" }
>> 	{ "OP"  "O" "sp2" }
>> 	{ "OW"  "O" "sp3" }
>> 	{ "CT"  "C" "sp3" }
>> 	{ "CX"  "C" "sp3" }
>> 	{ "XC"  "C" "sp3" }
>> 	{ "C8"  "C" "sp3" }
>> 	{ "2C"  "C" "sp3" }
>> 	{ "3C"  "C" "sp3" }
>> 	{ "CH"  "C" "sp3" }
>> 	{ "CS"  "C" "sp2" }
>> 	{ "C"   "C" "sp2" }
>> 	{ "CO"   "C" "sp2" }
>> 	{ "C*"  "C" "sp2" }
>> 	{ "CA"  "C" "sp2" }
>> 	{ "CB"  "C" "sp2" }
>> 	{ "CC"  "C" "sp2" }
>> 	{ "CN"  "C" "sp2" }
>> 	{ "CM"  "C" "sp2" }
>> 	{ "CK"  "C" "sp2" }
>> 	{ "CQ"  "C" "sp2" }
>> 	{ "CD"  "C" "sp2" }
>> 	{ "C5"  "C" "sp2" }
>> 	{ "C4"  "C" "sp2" }
>> 	{ "CP"  "C" "sp2" }
>> 	{ "CI"  "C" "sp3" }
>> 	{ "CJ"  "C" "sp2" }
>> 	{ "CW"  "C" "sp2" }
>> 	{ "CV"  "C" "sp2" }
>> 	{ "CR"  "C" "sp2" }
>> 	{ "CA"  "C" "sp2" }
>> 	{ "CY"  "C" "sp2" }
>> 	{ "C0"  "Ca" "sp3" }
>> 	{ "MG"  "Mg" "sp3" }
>> 	{ "N"   "N" "sp2" }
>> 	{ "NA"  "N" "sp2" }
>> 	{ "N2"  "N" "sp2" }
>> 	{ "N*"  "N" "sp2" }
>> 	{ "NP"  "N" "sp2" }
>> 	{ "NQ"  "N" "sp2" }
>> 	{ "NB"  "N" "sp2" }
>> 	{ "NC"  "N" "sp2" }
>> 	{ "NT"  "N" "sp3" }
>> 	{ "NY"  "N" "sp2" }
>> 	{ "N3"  "N" "sp3" }
>> 	{ "S"   "S" "sp3" }
>> 	{ "SH"  "S" "sp3" }
>> 	{ "P"   "P" "sp3" }
>> 	{ "LP"  ""  "sp3" }
>> 	{ "EP"  ""  "sp3" }
>> 	{ "F"   "F" "sp3" }
>> 	{ "Cl"  "Cl" "sp3" }
>> 	{ "Br"  "Br" "sp3" }
>> 	{ "I"   "I"  "sp3" }
>> }
>> #
>> #	Load the main parameter set.
>> #
>> set default cmap on
>> parm19 = loadamberparams parm19.dat
Loading parameters: /home/elite/miniconda3/dat/leap/parm/parm19.dat
Reading title:
PARM99 + frcmod.ff99SB + frcmod.parmbsc0 + OL3 for RNA + ff19SB
(UNKNOWN ATOM TYPE: Zn)
(UNKNOWN ATOM TYPE: EP)
>> frcmod19SB = loadamberparams frcmod.ff19SB
Loading parameters: /home/elite/miniconda3/dat/leap/parm/frcmod.ff19SB
Reading force field modification type file (frcmod)
Reading title:
ff19SB AA-specific backbone CMAPs for protein 07/25/2019
>> #
>> #	Load main chain and terminating amino acid libraries
>> #
>> loadOff amino19.lib
Loading library: /home/elite/miniconda3/dat/leap/lib/amino19.lib
Loading: ALA
Loading: ARG
Loading: ASH
Loading: ASN
Loading: ASP
Loading: CYM
Loading: CYS
Loading: CYX
Loading: GLH
Loading: GLN
Loading: GLU
Loading: GLY
Loading: HID
Loading: HIE
Loading: HIP
Loading: HYP
Loading: ILE
Loading: LEU
Loading: LYN
Loading: LYS
Loading: MET
Loading: PHE
Loading: PRO
Loading: SER
Loading: THR
Loading: TRP
Loading: TYR
Loading: VAL
>> loadOff aminoct12.lib
Loading library: /home/elite/miniconda3/dat/leap/lib/aminoct12.lib
Loading: CALA
Loading: CARG
Loading: CASN
Loading: CASP
Loading: CCYS
Loading: CCYX
Loading: CGLN
Loading: CGLU
Loading: CGLY
Loading: CHID
Loading: CHIE
Loading: CHIP
Loading: CHYP
Loading: CILE
Loading: CLEU
Loading: CLYS
Loading: CMET
Loading: CPHE
Loading: CPRO
Loading: CSER
Loading: CTHR
Loading: CTRP
Loading: CTYR
Loading: CVAL
Loading: NHE
Loading: NME
>> loadOff aminont12.lib
Loading library: /home/elite/miniconda3/dat/leap/lib/aminont12.lib
Loading: ACE
Loading: NALA
Loading: NARG
Loading: NASN
Loading: NASP
Loading: NCYS
Loading: NCYX
Loading: NGLN
Loading: NGLU
Loading: NGLY
Loading: NHID
Loading: NHIE
Loading: NHIP
Loading: NILE
Loading: NLEU
Loading: NLYS
Loading: NMET
Loading: NPHE
Loading: NPRO
Loading: NSER
Loading: NTHR
Loading: NTRP
Loading: NTYR
Loading: NVAL
>> 
>> #
>> #	Define the PDB name map for the amino acids
>> #
>> addPdbResMap {
>>   { 0 "HYP" "NHYP" } { 1 "HYP" "CHYP" }
>>   { 0 "ALA" "NALA" } { 1 "ALA" "CALA" }
>>   { 0 "ARG" "NARG" } { 1 "ARG" "CARG" }
>>   { 0 "ASN" "NASN" } { 1 "ASN" "CASN" }
>>   { 0 "ASP" "NASP" } { 1 "ASP" "CASP" }
>>   { 0 "CYS" "NCYS" } { 1 "CYS" "CCYS" }
>>   { 0 "CYX" "NCYX" } { 1 "CYX" "CCYX" }
>>   { 0 "GLN" "NGLN" } { 1 "GLN" "CGLN" }
>>   { 0 "GLU" "NGLU" } { 1 "GLU" "CGLU" }
>>   { 0 "GLY" "NGLY" } { 1 "GLY" "CGLY" }
>>   { 0 "HID" "NHID" } { 1 "HID" "CHID" }
>>   { 0 "HIE" "NHIE" } { 1 "HIE" "CHIE" }
>>   { 0 "HIP" "NHIP" } { 1 "HIP" "CHIP" }
>>   { 0 "ILE" "NILE" } { 1 "ILE" "CILE" }
>>   { 0 "LEU" "NLEU" } { 1 "LEU" "CLEU" }
>>   { 0 "LYS" "NLYS" } { 1 "LYS" "CLYS" }
>>   { 0 "MET" "NMET" } { 1 "MET" "CMET" }
>>   { 0 "PHE" "NPHE" } { 1 "PHE" "CPHE" }
>>   { 0 "PRO" "NPRO" } { 1 "PRO" "CPRO" }
>>   { 0 "SER" "NSER" } { 1 "SER" "CSER" }
>>   { 0 "THR" "NTHR" } { 1 "THR" "CTHR" }
>>   { 0 "TRP" "NTRP" } { 1 "TRP" "CTRP" }
>>   { 0 "TYR" "NTYR" } { 1 "TYR" "CTYR" }
>>   { 0 "VAL" "NVAL" } { 1 "VAL" "CVAL" }
>>   { 0 "HIS" "NHIS" } { 1 "HIS" "CHIS" }
>> }
>> 
>> #
>> # assume that most often proteins use HIE
>> #
>> NHIS = NHIE
>> HIS = HIE
>> CHIS = CHIE
> 
> ###Load GAFF force field (for our ligand)                                       
> source leaprc.gaff

/home/elite/miniconda3/bin/teLeap: Note.
A carriage return character has been read.
This is an indicator of DOS line endings.
Although LEaP treats it as whitespace, other programs may not.
One can convert line endings from DOS to UNIX with various tools including:
    dos2unix
----- Source: /home/elite/miniconda3/dat/leap/cmd/leaprc.gaff
----- Source of /home/elite/miniconda3/dat/leap/cmd/leaprc.gaff done
>> logFile leap.log
log started: Wed Feb 15 12:53:12 2023

Log file: ./leap.log
>> #
>> # ----- leaprc for loading the general Amber Force field.
>> #       This file is mostly for use with Antechamber
>> #
>> #	load atom type hybridizations
>> #
>> addAtomTypes {
>> 	{ "h1"  "H" "sp3" }
>> 	{ "h2"  "H" "sp3" }
>> 	{ "h3"  "H" "sp3" }
>> 	{ "h4"  "H" "sp3" }
>> 	{ "h5"  "H" "sp3" }
>> 	{ "ha"  "H" "sp3" }
>> 	{ "hc"  "H" "sp3" }
>> 	{ "hn"  "H" "sp3" }
>> 	{ "ho"  "H" "sp3" }
>> 	{ "hp"  "H" "sp3" }
>> 	{ "hs"  "H" "sp3" }
>> 	{ "hw"  "H" "sp3" }
>> 	{ "hx"  "H" "sp3" }
>> 	{ "o"  "O" "sp2" }
>> 	{ "o2"  "O" "sp2" }
>> 	{ "oh"  "O" "sp3" }
>> 	{ "op"  "O" "sp3" }
>> 	{ "oq"  "O" "sp3" }
>> 	{ "os"  "O" "sp3" }
>> 	{ "ow"  "O" "sp3" }
>> 	{ "c"  "C" "sp2" }
>> 	{ "c1"  "C" "sp2" }
>> 	{ "c2"  "C" "sp2" }
>> 	{ "c3"  "C" "sp3" }
>> 	{ "ca"  "C" "sp2" }
>> 	{ "cc"  "C" "sp2" }
>> 	{ "cd"  "C" "sp2" }
>> 	{ "ce"  "C" "sp2" }
>> 	{ "cf"  "C" "sp2" }
>> 	{ "cg"  "C" "sp2" }
>> 	{ "ch"  "C" "sp2" }
>> 	{ "cp"  "C" "sp2" }
>> 	{ "cq"  "C" "sp2" }
>> 	{ "cu"  "C" "sp2" }
>> 	{ "cv"  "C" "sp2" }
>> 	{ "cx"  "C" "sp2" }
>> 	{ "cy"  "C" "sp2" }
>> 	{ "cz"  "C" "sp2" }
>> 	{ "n"   "N" "sp2" }
>> 	{ "n1"  "N" "sp2" }
>> 	{ "n2"  "N" "sp2" }
>> 	{ "n3"  "N" "sp3" }
>> 	{ "n4"  "N" "sp3" }
>> 	{ "na"  "N" "sp2" }
>> 	{ "nb"  "N" "sp2" }
>> 	{ "nc"  "N" "sp2" }
>> 	{ "nd"  "N" "sp2" }
>> 	{ "ne"  "N" "sp2" }
>> 	{ "nf"  "N" "sp2" }
>> 	{ "nh"  "N" "sp2" }
>> 	{ "ni"  "N" "sp2" }
>> 	{ "nj"  "N" "sp2" }
>> 	{ "nk"  "N" "sp3" }
>> 	{ "nl"  "N" "sp3" }
>> 	{ "nm"  "N" "sp2" }
>> 	{ "nn"  "N" "sp2" }
>> 	{ "no"  "N" "sp2" }
>> 	{ "np"  "N" "sp3" }
>> 	{ "nq"  "N" "sp3" }
>> 	{ "s"   "S" "sp2" }
>> 	{ "s2"   "S" "sp2" }
>> 	{ "s3"   "S" "sp3" }
>> 	{ "s4"   "S" "sp3" }
>> 	{ "s6"   "S" "sp3" }
>> 	{ "sh"   "S" "sp3" }
>> 	{ "sp"   "S" "sp3" }
>> 	{ "sq"   "S" "sp3" }
>> 	{ "ss"   "S" "sp3" }
>> 	{ "sx"   "S" "sp3" }
>> 	{ "sy"   "S" "sp3" }
>> 	{ "p2"   "P" "sp2" }
>> 	{ "p3"   "P" "sp3" }
>> 	{ "p4"   "P" "sp3" }
>> 	{ "p5"   "P" "sp3" }
>> 	{ "pb"   "P" "sp3" }
>> 	{ "pc"   "P" "sp3" }
>> 	{ "pd"   "P" "sp3" }
>> 	{ "pe"   "P" "sp3" }
>> 	{ "pf"   "P" "sp3" }
>> 	{ "px"   "P" "sp3" }
>> 	{ "py"   "P" "sp3" }
>> 	{ "f"   "F" "sp3" }
>> 	{ "cl"  "Cl" "sp3" }
>> 	{ "br"  "Br" "sp3" }
>> 	{ "i"   "I"  "sp3" }
>> }
>> #
>> #	Load the general force field parameter set.
>> #
>> gaff = loadamberparams gaff.dat
Loading parameters: /home/elite/miniconda3/dat/leap/parm/gaff.dat
Reading title:
AMBER General Force Field for organic molecules (Version 1.81, May 2017)
> 
> ###Load OPC (water) force field                                               
> source leaprc.water.opc 
----- Source: /home/elite/miniconda3/dat/leap/cmd/leaprc.water.opc
----- Source of /home/elite/miniconda3/dat/leap/cmd/leaprc.water.opc done
>> #
>> #  Load OPC water model and ions for OPC + Li/Merz ion parameters
>> #  (-1 to +4, 12-6 normal usage set)
>> # 
>> addAtomTypes {
>> 	{ "F-"   "F" "sp3" }
>> 	{ "Cl-"  "Cl" "sp3" }
>> 	{ "Br-"  "Br" "sp3" }
>> 	{ "I-"   "I"  "sp3" }
>> 	{ "Li+"  "Li"  "sp3" }
>> 	{ "Na+"  "Na"  "sp3" }
>> 	{ "K+"  "K"  "sp3" }
>> 	{ "Rb+"  "Rb"  "sp3" }
>> 	{ "Cs+"  "Cs"  "sp3" }
>> 	{ "Mg+"  "Mg"  "sp3" }
>>     { "Tl+"  "Tl"  "sp3" }
>>     { "Cu+"  "Cu"  "sp3" }
>>     { "Ag+"  "Ag"  "sp3" }
>>     { "Be2+" "Be"  "sp3" }
>>     { "Cu2+" "Cu"  "sp3" }
>>     { "Ni2+" "Ni"  "sp3" }
>>     { "Pt2+" "Pt"  "sp3" }
>>     { "Zn2+" "Zn"  "sp3" }
>>     { "Co2+" "Co"  "sp3" }
>>     { "Pd2+" "Pd"  "sp3" }
>>     { "Ag2+" "Ag"  "sp3" }
>>     { "Cr2+" "Cr"  "sp3" }
>>     { "Fe2+" "Fe"  "sp3" }
>>     { "Mg2+" "Mg"  "sp3" }
>>     { "V2+"  "V"   "sp3" }
>>     { "Mn2+" "Mn"  "sp3" }
>>     { "Hg2+" "Hg"  "sp3" }
>>     { "Cd2+" "Cd"  "sp3" }
>>     { "Yb2+" "Yb"  "sp3" }
>>     { "Ca2+" "Ca"  "sp3" }
>>     { "Sn2+" "Sn"  "sp3" }
>>     { "Pb2+" "Pb"  "sp3" }
>>     { "Eu2+" "Eu"  "sp3" }
>>     { "Sr2+" "Sr"  "sp3" }
>>     { "Sm2+" "Sm"  "sp3" }
>>     { "Ba2+" "Ba"  "sp3" }
>>     { "Ra2+" "Ra"  "sp3" }
>>     { "Al3+" "Al"  "sp3" }
>>     { "Fe3+" "Fe"  "sp3" }
>>     { "Cr3+" "Cr"  "sp3" }
>>     { "In3+" "In"  "sp3" }
>>     { "Tl3+" "Tl"  "sp3" }
>>     { "Y3+"  "Y"   "sp3" }
>>     { "La3+" "La"  "sp3" }
>>     { "Ce3+" "Ce"  "sp3" }
>>     { "Pr3+" "Pr"  "sp3" }
>>     { "Nd3+" "Nd"  "sp3" }
>>     { "Sm3+" "Sm"  "sp3" }
>>     { "Eu3+" "Eu"  "sp3" }
>>     { "Gd3+" "Gd"  "sp3" }
>>     { "Tb3+" "Tb"  "sp3" }
>>     { "Dy3+" "Dy"  "sp3" }
>>     { "Er3+" "Er"  "sp3" }
>>     { "Tm3+" "Tm"  "sp3" }
>>     { "Lu3+" "Lu"  "sp3" }
>>     { "Hf4+" "Hf"  "sp3" }
>>     { "Zr4+" "Zr"  "sp3" }
>>     { "Ce4+" "Ce"  "sp3" }
>>     { "U4+"  "U"   "sp3" }
>>     { "Pu4+" "Pu"  "sp3" }
>>     { "Th4+" "Th"  "sp3" }
>>     { "OW"   "O"   "sp3" }
>>     { "HW"   "H"   "sp3" }
>>     { "EP"   ""    "sp3" }
>> }
>> loadOff atomic_ions.lib
Loading library: /home/elite/miniconda3/dat/leap/lib/atomic_ions.lib
Loading: AG
Loading: AL
Loading: Ag
Loading: BA
Loading: BR
Loading: Be
Loading: CA
Loading: CD
Loading: CE
Loading: CL
Loading: CO
Loading: CR
Loading: CS
Loading: CU
Loading: CU1
Loading: Ce
Loading: Cl-
Loading: Cr
Loading: Dy
Loading: EU
Loading: EU3
Loading: Er
Loading: F
Loading: FE
Loading: FE2
Loading: GD3
Loading: H3O+
Loading: HE+
Loading: HG
Loading: HZ+
Loading: Hf
Loading: IN
Loading: IOD
Loading: K
Loading: K+
Loading: LA
Loading: LI
Loading: LU
Loading: MG
Loading: MN
Loading: NA
Loading: NH4
Loading: NI
Loading: Na+
Loading: Nd
Loading: PB
Loading: PD
Loading: PR
Loading: PT
Loading: Pu
Loading: RB
Loading: Ra
Loading: SM
Loading: SR
Loading: Sm
Loading: Sn
Loading: TB
Loading: TL
Loading: Th
Loading: Tl
Loading: Tm
Loading: U4+
Loading: V2+
Loading: Y
Loading: YB2
Loading: ZN
Loading: Zr
>> loadOff solvents.lib
Loading library: /home/elite/miniconda3/dat/leap/lib/solvents.lib
Loading: CHCL3BOX
Loading: DC4
Loading: FB3
Loading: FB3BOX
Loading: FB4
Loading: FB4BOX
Loading: MEOHBOX
Loading: NMABOX
Loading: O3P
Loading: OP3
Loading: OPC
Loading: OPC3BOX
Loading: OPCBOX
Loading: PL3
Loading: POL3BOX
Loading: QSPCFWBOX
Loading: SPC
Loading: SPCBOX
Loading: SPCFWBOX
Loading: SPF
Loading: SPG
Loading: T4E
Loading: TIP3PBOX
Loading: TIP3PFBOX
Loading: TIP4PBOX
Loading: TIP4PEWBOX
Loading: TIP5PBOX
Loading: TP3
Loading: TP4
Loading: TP5
Loading: TPF
>> HOH = OPC
>> WAT = OPC
>> loadAmberParams frcmod.opc
Loading parameters: /home/elite/miniconda3/dat/leap/parm/frcmod.opc
Reading force field modification type file (frcmod)
Reading title:
Parameters for OPC water (JPCL, 2014, 5 (21), pp 3863-3871)
(UNKNOWN ATOM TYPE: EP)
>> loadAmberParams frcmod.ionslm_126_opc
Loading parameters: /home/elite/miniconda3/dat/leap/parm/frcmod.ionslm_126_opc
Reading force field modification type file (frcmod)
Reading title:
Li/Merz ion parameters of atomic ions for the OPC water model (12-6 set)
>> 
> 
> ####Load Ions frcmod for the OPC model                                        
> loadamberparams frcmod.ionslm_126_opc

/home/elite/miniconda3/bin/teLeap: Note.
A carriage return character has been read.
This is an indicator of DOS line endings.
Although LEaP treats it as whitespace, other programs may not.
One can convert line endings from DOS to UNIX with various tools including:
    dos2unix
Loading parameters: /home/elite/miniconda3/dat/leap/parm/frcmod.ionslm_126_opc
Reading force field modification type file (frcmod)
Reading title:
Li/Merz ion parameters of atomic ions for the OPC water model (12-6 set)
> ###Needed so we can use igb=8 model                                             
> set default PBradii mbondi3

/home/elite/miniconda3/bin/teLeap: Note.
A carriage return character has been read.
This is an indicator of DOS line endings.
Although LEaP treats it as whitespace, other programs may not.
One can convert line endings from DOS to UNIX with various tools including:
    dos2unix
Using ArgH and AspGluO modified Bondi2 radii
> 
> ###Load Protein pdb file                                                        
> rec=loadpdb rec.pdb

/home/elite/miniconda3/bin/teLeap: Note.
A carriage return character has been read.
This is an indicator of DOS line endings.
Although LEaP treats it as whitespace, other programs may not.
One can convert line endings from DOS to UNIX with various tools including:
    dos2unix
Loading PDB file: ./rec.pdb
Matching PDB residue names to LEaP variables.
Mapped residue CYS, term: Terminal/beginning, seq. number: 0 to: NCYS.
Mapped residue ALA, term: Terminal/last, seq. number: 130 to: CALA.
  total atoms in file: 2059
> 
> ###Load Ligand frcmod/mol2                                                      
> loadamberparams lig.am1bcc.frcmod

/home/elite/miniconda3/bin/teLeap: Note.
A carriage return character has been read.
This is an indicator of DOS line endings.
Although LEaP treats it as whitespace, other programs may not.
One can convert line endings from DOS to UNIX with various tools including:
    dos2unix
Loading parameters: ./lig.am1bcc.frcmod
Reading force field modification type file (frcmod)
Reading title:
Remark line goes here
> lig=loadmol2 lig.am1bcc.mol2

/home/elite/miniconda3/bin/teLeap: Note.
A carriage return character has been read.
This is an indicator of DOS line endings.
Although LEaP treats it as whitespace, other programs may not.
One can convert line endings from DOS to UNIX with various tools including:
    dos2unix
Loading Mol2 file: ./lig.am1bcc.mol2
Reading MOLECULE named LIG
> 
> ###Create gas-phase complex                                                     
> gascomplex= combine {rec lig}
  Sequence: default_name
  Sequence: LIG
> 
> ###Create complex
> complex= combine {rec lig}
  Sequence: default_name
  Sequence: LIG
> 
> ###Write gas-phase pdb                                                          
> savepdb gascomplex 2nnq.gas.complex.pdb

/home/elite/miniconda3/bin/teLeap: Note.
A carriage return character has been read.
This is an indicator of DOS line endings.
Although LEaP treats it as whitespace, other programs may not.
One can convert line endings from DOS to UNIX with various tools including:
    dos2unix
Writing pdb file: 2nnq.gas.complex.pdb

/home/elite/miniconda3/bin/teLeap: Warning!
 Converting N-terminal residue name to PDB format: NCYS -> CYS

/home/elite/miniconda3/bin/teLeap: Warning!
 Converting C-terminal residue name to PDB format: CALA -> ALA
> 
> ###Write gas-phase toplogy and coord files for MMGBSA calc                      
> saveamberparm gascomplex gas.complex.prmtop gas.complex.incprd

/home/elite/miniconda3/bin/teLeap: Note.
A carriage return character has been read.
This is an indicator of DOS line endings.
Although LEaP treats it as whitespace, other programs may not.
One can convert line endings from DOS to UNIX with various tools including:
    dos2unix
Checking Unit.

/home/elite/miniconda3/bin/teLeap: Warning!
The unperturbed charge of the unit (-0.999001) is not zero.

/home/elite/miniconda3/bin/teLeap: Note.
Ignoring the warning from Unit Checking.

Building topology.
Building atom parameters.
Building bond parameters.
Building angle parameters.
Building proper torsion parameters.
Building improper torsion parameters.
 total 416 improper torsions applied
Building H-Bond parameters.
Incorporating Non-Bonded adjustments.
Not Marking per-residue atom chain types.
Marking per-residue atom chain types.
  (Residues lacking connect0/connect1 - 
   these don't have chain types marked:

	res	total affected

	CALA	1
	LIG	1
	NCYS	1
  )
 (no restraints)
> saveamberparm rec gas.receptor.prmtop gas.receptor.incprd

/home/elite/miniconda3/bin/teLeap: Note.
A carriage return character has been read.
This is an indicator of DOS line endings.
Although LEaP treats it as whitespace, other programs may not.
One can convert line endings from DOS to UNIX with various tools including:
    dos2unix
Checking Unit.
Building topology.
Building atom parameters.
Building bond parameters.
Building angle parameters.
Building proper torsion parameters.
Building improper torsion parameters.
 total 387 improper torsions applied
Building H-Bond parameters.
Incorporating Non-Bonded adjustments.
Not Marking per-residue atom chain types.
Marking per-residue atom chain types.
  (Residues lacking connect0/connect1 - 
   these don't have chain types marked:

	res	total affected

	CALA	1
	NCYS	1
  )
 (no restraints)
> saveamberparm lig gas.ligand.prmtop gas.ligand.incprd

/home/elite/miniconda3/bin/teLeap: Note.
A carriage return character has been read.
This is an indicator of DOS line endings.
Although LEaP treats it as whitespace, other programs may not.
One can convert line endings from DOS to UNIX with various tools including:
    dos2unix
Checking Unit.

/home/elite/miniconda3/bin/teLeap: Warning!
The unperturbed charge of the unit (-0.999001) is not zero.

/home/elite/miniconda3/bin/teLeap: Note.
Ignoring the warning from Unit Checking.

Building topology.
Building atom parameters.
Building bond parameters.
Building angle parameters.
Building proper torsion parameters.
Building improper torsion parameters.
 total 29 improper torsions applied
Building H-Bond parameters.
Incorporating Non-Bonded adjustments.
Not Marking per-residue atom chain types.
Marking per-residue atom chain types.
  (Residues lacking connect0/connect1 - 
   these don't have chain types marked:

	res	total affected

	LIG	1
  )
 (no restraints)
> 
> ###Create solvated complex (albeit redundant)                                   
> solvcomplex= combine {rec lig}
  Sequence: default_name
  Sequence: LIG
> 
> ###Solvate the system                                                           
> solvateoct solvcomplex OPCBOX 12.0

/home/elite/miniconda3/bin/teLeap: Note.
A carriage return character has been read.
This is an indicator of DOS line endings.
Although LEaP treats it as whitespace, other programs may not.
One can convert line endings from DOS to UNIX with various tools including:
    dos2unix
Scaling up box by a factor of 1.284973 to meet diagonal cut criterion
  Solute vdw bounding box:              33.036 39.813 45.953
  Total bounding box for atom centers:  76.792 76.792 76.792
      (box expansion for 'iso' is  30.7%)
  Solvent unit box:                     18.865 18.478 19.006
The number of boxes:  x= 5  y= 5  z= 5
  Volume: 235384.997 A^3 (oct)
  Total mass 125535.448 amu,  Density 0.886 g/cc
  Added 6132 residues.
> 
> ###Neutralize system (it will add either Na or Cl depending on net charge)      
> addions solvcomplex Cl- 0

/home/elite/miniconda3/bin/teLeap: Note.
A carriage return character has been read.
This is an indicator of DOS line endings.
Although LEaP treats it as whitespace, other programs may not.
One can convert line endings from DOS to UNIX with various tools including:
    dos2unix

/home/elite/miniconda3/bin/teLeap: Warning!
addIons: 1st Ion & target unit have charges of the same sign:
     unit charge = -0.999001; ion1 charge = -1;
     can't neutralize.
> addions solvcomplex Na+ 0

/home/elite/miniconda3/bin/teLeap: Note.
A carriage return character has been read.
This is an indicator of DOS line endings.
Although LEaP treats it as whitespace, other programs may not.
One can convert line endings from DOS to UNIX with various tools including:
    dos2unix
1 Na+ ion required to neutralize.
Adding 1 counter ions to "solvcomplex" using 1A grid
Total solute charge:  -1.00  Max atom radius:   1.98
Grid extends from solute vdw + 1.47  to  7.45
Box:
   enclosing:  -24.98 -28.05 -24.88   29.09 29.59 22.92
   sized:			      39.02 35.95 39.12
   edge:        64.00
Resolution:      1.00 Angstrom.
Tree depth: 6
Volume = 12.82% of box, grid points 33601
Solvent present: replacing closest with ion
	 when steric overlaps occur
Calculating grid charges
(Replacing solvent molecule)
Placed Na+ in solvcomplex at (8.50, -19.38, -4.04).

Done adding ions.
> 
> ###Write solvated pdb file
> savepdb solvcomplex wet.complex.pdb

/home/elite/miniconda3/bin/teLeap: Note.
A carriage return character has been read.
This is an indicator of DOS line endings.
Although LEaP treats it as whitespace, other programs may not.
One can convert line endings from DOS to UNIX with various tools including:
    dos2unix
Writing pdb file: wet.complex.pdb
   printing CRYST1 record to PDB file with box info

/home/elite/miniconda3/bin/teLeap: Warning!
 Converting N-terminal residue name to PDB format: NCYS -> CYS

/home/elite/miniconda3/bin/teLeap: Warning!
 Converting C-terminal residue name to PDB format: CALA -> ALA
> 
> ###check the system
> charge solvcomplex

/home/elite/miniconda3/bin/teLeap: Note.
A carriage return character has been read.
This is an indicator of DOS line endings.
Although LEaP treats it as whitespace, other programs may not.
One can convert line endings from DOS to UNIX with various tools including:
    dos2unix
Total unperturbed charge:   0.000999
Total perturbed charge:     0.000999
> check solvcomplex

/home/elite/miniconda3/bin/teLeap: Note.
A carriage return character has been read.
This is an indicator of DOS line endings.
Although LEaP treats it as whitespace, other programs may not.
One can convert line endings from DOS to UNIX with various tools including:
    dos2unix
Checking 'solvcomplex'....

/home/elite/miniconda3/bin/teLeap: Warning!
Close contact of 1.300 angstroms between nonbonded atoms HD2 and O
-------  .R<LYS 79>.A<HD2 12> and .R<LYS 79>.A<O 22>

/home/elite/miniconda3/bin/teLeap: Warning!
Close contact of 1.471 angstroms between nonbonded atoms HD21 and HA
-------  .R<ASN 59>.A<HD21 11> and .R<GLU 54>.A<HA 4>
Checking parameters for unit 'solvcomplex'.
Checking for bond parameters.
Checking for angle parameters.
check:  Warnings: 18395
Unit is OK.
> 
> ###Write solvated topology and coordinate file
> saveamberparm complex solvated.prmtop solvated.inpcrd

/home/elite/miniconda3/bin/teLeap: Note.
A carriage return character has been read.
This is an indicator of DOS line endings.
Although LEaP treats it as whitespace, other programs may not.
One can convert line endings from DOS to UNIX with various tools including:
    dos2unix
Checking Unit.

/home/elite/miniconda3/bin/teLeap: Warning!
The unperturbed charge of the unit (-0.999001) is not zero.

/home/elite/miniconda3/bin/teLeap: Note.
Ignoring the warning from Unit Checking.

Building topology.
Building atom parameters.
Building bond parameters.
Building angle parameters.
Building proper torsion parameters.
Building improper torsion parameters.
 total 416 improper torsions applied
Building H-Bond parameters.
Incorporating Non-Bonded adjustments.
Not Marking per-residue atom chain types.
Marking per-residue atom chain types.
  (Residues lacking connect0/connect1 - 
   these don't have chain types marked:

	res	total affected

	CALA	1
	LIG	1
	NCYS	1
  )
 (no restraints)
> quit

/home/elite/miniconda3/bin/teLeap: Note.
A carriage return character has been read.
This is an indicator of DOS line endings.
Although LEaP treats it as whitespace, other programs may not.
One can convert line endings from DOS to UNIX with various tools including:
    dos2unix
	Quit

Exiting LEaP: Errors = 0; Warnings = 10; Notes = 22.
