                      :-) GROMACS - gmx mdrun, 2022.2 (-:

Copyright 1991-2022 The GROMACS Authors.
GROMACS is free software; you can redistribute it and/or modify it
under the terms of the GNU Lesser General Public License
as published by the Free Software Foundation; either version 2.1
of the License, or (at your option) any later version.

                         Current GROMACS contributors:
       Mark Abraham           Andrey Alekseenko           Cathrine Bergh      
      Christian Blau            Eliane Briand               Kevin Boyd        
     Oliver Fleetwood         Stefan Fleischmann           Vytas Gapsys       
       Gaurav Garg           Gilles Gouaillardet            Alan Gray         
      Victor Holanda           M. Eric Irrgang              Joe Jordan        
    Christoph Junghans        Prashanth Kanduri           Sebastian Kehl      
     Sebastian Keller          Carsten Kutzner           Magnus Lundborg      
       Pascal Merz              Dmitry Morozov             Szilard Pall       
      Roland Schulz             Michael Shirts         David van der Spoel    
     Alessandra Villa      Sebastian Wingbermuehle        Artem Zhmurov       

                         Previous GROMACS contributors:
        Emile Apol             Rossen Apostolov           James Barnett       
  Herman J.C. Berendsen          Par Bjelkmar           Viacheslav Bolnykh    
    Aldert van Buuren          Carlo Camilloni           Rudi van Drunen      
      Anton Feenstra           Gerrit Groenhof            Bert de Groot       
      Anca Hamuraru           Vincent Hindriksen         Aleksei Iupinov      
   Dimitrios Karkoulis           Peter Kasson               Jiri Kraus        
       Per Larsson             Justin A. Lemkul           Viveca Lindahl      
      Erik Marklund           Pieter Meulenhoff           Vedran Miletic      
      Teemu Murtola              Sander Pronk            Alexey Shvetsov      
      Alfons Sijbers            Peter Tieleman             Jon Vincent        
     Teemu Virolainen         Christian Wennberg           Maarten Wolf       

                  Coordinated by the GROMACS project leaders:
                    Paul Bauer, Berk Hess, and Erik Lindahl

GROMACS:      gmx mdrun, version 2022.2
Executable:   /home/elite/Programs/gromacs/build/bin/gmx
Data prefix:  /home/elite/Programs/gromacs (source tree)
Working dir:  /home/elite/Documents/latihan/HMS/19-OPC5
Process ID:   38930
Command line:
  gmx mdrun -v -s md.tpr -deffnm md

GROMACS version:    2022.2
Precision:          mixed
Memory model:       64 bit
MPI library:        thread_mpi
OpenMP support:     enabled (GMX_OPENMP_MAX_THREADS = 128)
GPU support:        CUDA
SIMD instructions:  AVX2_256
CPU FFT library:    fftw-3.3.8-sse2-avx-avx2-avx2_128
GPU FFT library:    cuFFT
RDTSCP usage:       enabled
TNG support:        enabled
Hwloc support:      disabled
Tracing support:    disabled
C compiler:         /usr/bin/cc GNU 11.2.0
C compiler flags:   -mavx2 -mfma -Wno-missing-field-initializers -fexcess-precision=fast -funroll-all-loops -O3 -DNDEBUG
C++ compiler:       /usr/bin/c++ GNU 11.2.0
C++ compiler flags: -mavx2 -mfma -Wno-missing-field-initializers -fexcess-precision=fast -funroll-all-loops -fopenmp -O3 -DNDEBUG
CUDA compiler:      /usr/local/cuda/bin/nvcc nvcc: NVIDIA (R) Cuda compiler driver;Copyright (c) 2005-2022 NVIDIA Corporation;Built on Tue_May__3_18:49:52_PDT_2022;Cuda compilation tools, release 11.7, V11.7.64;Build cuda_11.7.r11.7/compiler.31294372_0
CUDA compiler flags:-std=c++17;-gencode;arch=compute_35,code=sm_35;-gencode;arch=compute_37,code=sm_37;-gencode;arch=compute_50,code=sm_50;-gencode;arch=compute_52,code=sm_52;-gencode;arch=compute_60,code=sm_60;-gencode;arch=compute_61,code=sm_61;-gencode;arch=compute_70,code=sm_70;-gencode;arch=compute_75,code=sm_75;-gencode;arch=compute_80,code=sm_80;-Wno-deprecated-gpu-targets;-gencode;arch=compute_53,code=sm_53;-gencode;arch=compute_80,code=sm_80;-use_fast_math;-D_FORCE_INLINES;-mavx2 -mfma -Wno-missing-field-initializers -fexcess-precision=fast -funroll-all-loops -fopenmp -O3 -DNDEBUG
CUDA driver:        11.80
CUDA runtime:       11.70


Running on 1 node with total 6 cores, 12 processing units, 1 compatible GPU
Hardware detected:
  CPU info:
    Vendor: AMD
    Brand:  AMD Ryzen 5 3600 6-Core Processor              
    Family: 23   Model: 113   Stepping: 0
    Features: aes amd apic avx avx2 clfsh cmov cx8 cx16 f16c fma htt lahf misalignsse mmx msr nonstop_tsc pclmuldq pdpe1gb popcnt pse rdrnd rdtscp sha sse2 sse3 sse4a sse4.1 sse4.2 ssse3
  Hardware topology: Basic
    Packages, cores, and logical processors:
    [indices refer to OS logical processors]
      Package  0: [   0   6] [   1   7] [   2   8] [   3   9] [   4  10] [   5  11]
    CPU limit set by OS: -1   Recommended max number of threads: 12
  GPU info:
    Number of GPUs detected: 1
    #0: NVIDIA NVIDIA GeForce GTX 1660 SUPER, compute cap.: 7.5, ECC:  no, stat: compatible


++++ PLEASE READ AND CITE THE FOLLOWING REFERENCE ++++
M. J. Abraham, T. Murtola, R. Schulz, S. Páll, J. C. Smith, B. Hess, E.
Lindahl
GROMACS: High performance molecular simulations through multi-level
parallelism from laptops to supercomputers
SoftwareX 1 (2015) pp. 19-25
-------- -------- --- Thank You --- -------- --------


++++ PLEASE READ AND CITE THE FOLLOWING REFERENCE ++++
S. Páll, M. J. Abraham, C. Kutzner, B. Hess, E. Lindahl
Tackling Exascale Software Challenges in Molecular Dynamics Simulations with
GROMACS
In S. Markidis & E. Laure (Eds.), Solving Software Challenges for Exascale 8759 (2015) pp. 3-27
-------- -------- --- Thank You --- -------- --------


++++ PLEASE READ AND CITE THE FOLLOWING REFERENCE ++++
S. Pronk, S. Páll, R. Schulz, P. Larsson, P. Bjelkmar, R. Apostolov, M. R.
Shirts, J. C. Smith, P. M. Kasson, D. van der Spoel, B. Hess, and E. Lindahl
GROMACS 4.5: a high-throughput and highly parallel open source molecular
simulation toolkit
Bioinformatics 29 (2013) pp. 845-54
-------- -------- --- Thank You --- -------- --------


++++ PLEASE READ AND CITE THE FOLLOWING REFERENCE ++++
B. Hess and C. Kutzner and D. van der Spoel and E. Lindahl
GROMACS 4: Algorithms for highly efficient, load-balanced, and scalable
molecular simulation
J. Chem. Theory Comput. 4 (2008) pp. 435-447
-------- -------- --- Thank You --- -------- --------


++++ PLEASE READ AND CITE THE FOLLOWING REFERENCE ++++
D. van der Spoel, E. Lindahl, B. Hess, G. Groenhof, A. E. Mark and H. J. C.
Berendsen
GROMACS: Fast, Flexible and Free
J. Comp. Chem. 26 (2005) pp. 1701-1719
-------- -------- --- Thank You --- -------- --------


++++ PLEASE READ AND CITE THE FOLLOWING REFERENCE ++++
E. Lindahl and B. Hess and D. van der Spoel
GROMACS 3.0: A package for molecular simulation and trajectory analysis
J. Mol. Mod. 7 (2001) pp. 306-317
-------- -------- --- Thank You --- -------- --------


++++ PLEASE READ AND CITE THE FOLLOWING REFERENCE ++++
H. J. C. Berendsen, D. van der Spoel and R. van Drunen
GROMACS: A message-passing parallel molecular dynamics implementation
Comp. Phys. Comm. 91 (1995) pp. 43-56
-------- -------- --- Thank You --- -------- --------


++++ PLEASE CITE THE DOI FOR THIS VERSION OF GROMACS ++++
https://doi.org/10.5281/zenodo.6637571
-------- -------- --- Thank You --- -------- --------

Input Parameters:
   integrator                     = md
   tinit                          = 0
   dt                             = 0.004
   nsteps                         = 250000
   init-step                      = 0
   simulation-part                = 1
   mts                            = false
   comm-mode                      = Linear
   nstcomm                        = 100
   bd-fric                        = 0
   ld-seed                        = -35324244
   emtol                          = 10
   emstep                         = 0.01
   niter                          = 20
   fcstep                         = 0
   nstcgsteep                     = 1000
   nbfgscorr                      = 10
   rtpi                           = 0.05
   nstxout                        = 0
   nstvout                        = 0
   nstfout                        = 0
   nstlog                         = 5000
   nstcalcenergy                  = 100
   nstenergy                      = 5000
   nstxout-compressed             = 5000
   compressed-x-precision         = 1000
   cutoff-scheme                  = Verlet
   nstlist                        = 10
   pbc                            = xyz
   periodic-molecules             = false
   verlet-buffer-tolerance        = 0.005
   rlist                          = 1.042
   coulombtype                    = PME
   coulomb-modifier               = Potential-shift
   rcoulomb-switch                = 0
   rcoulomb                       = 1
   epsilon-r                      = 1
   epsilon-rf                     = inf
   vdw-type                       = Cut-off
   vdw-modifier                   = Potential-shift
   rvdw-switch                    = 0
   rvdw                           = 1
   DispCorr                       = EnerPres
   table-extension                = 1
   fourierspacing                 = 0.16
   fourier-nx                     = 42
   fourier-ny                     = 42
   fourier-nz                     = 42
   pme-order                      = 4
   ewald-rtol                     = 1e-05
   ewald-rtol-lj                  = 0.001
   lj-pme-comb-rule               = Geometric
   ewald-geometry                 = 3d
   epsilon-surface                = 0
   tcoupl                         = V-rescale
   nsttcouple                     = 10
   nh-chain-length                = 0
   print-nose-hoover-chain-variables = false
   pcoupl                         = Parrinello-Rahman
   pcoupltype                     = Isotropic
   nstpcouple                     = 10
   tau-p                          = 2
   compressibility (3x3):
      compressibility[    0]={ 4.50000e-05,  0.00000e+00,  0.00000e+00}
      compressibility[    1]={ 0.00000e+00,  4.50000e-05,  0.00000e+00}
      compressibility[    2]={ 0.00000e+00,  0.00000e+00,  4.50000e-05}
   ref-p (3x3):
      ref-p[    0]={ 1.00000e+00,  0.00000e+00,  0.00000e+00}
      ref-p[    1]={ 0.00000e+00,  1.00000e+00,  0.00000e+00}
      ref-p[    2]={ 0.00000e+00,  0.00000e+00,  1.00000e+00}
   refcoord-scaling               = No
   posres-com (3):
      posres-com[0]= 0.00000e+00
      posres-com[1]= 0.00000e+00
      posres-com[2]= 0.00000e+00
   posres-comB (3):
      posres-comB[0]= 0.00000e+00
      posres-comB[1]= 0.00000e+00
      posres-comB[2]= 0.00000e+00
   QMMM                           = false
qm-opts:
   ngQM                           = 0
   constraint-algorithm           = Lincs
   continuation                   = true
   Shake-SOR                      = false
   shake-tol                      = 0.0001
   lincs-order                    = 4
   lincs-iter                     = 1
   lincs-warnangle                = 30
   nwall                          = 0
   wall-type                      = 9-3
   wall-r-linpot                  = -1
   wall-atomtype[0]               = -1
   wall-atomtype[1]               = -1
   wall-density[0]                = 0
   wall-density[1]                = 0
   wall-ewald-zfac                = 3
   pull                           = false
   awh                            = false
   rotation                       = false
   interactiveMD                  = false
   disre                          = No
   disre-weighting                = Conservative
   disre-mixed                    = false
   dr-fc                          = 1000
   dr-tau                         = 0
   nstdisreout                    = 100
   orire-fc                       = 0
   orire-tau                      = 0
   nstorireout                    = 100
   free-energy                    = no
   cos-acceleration               = 0
   deform (3x3):
      deform[    0]={ 0.00000e+00,  0.00000e+00,  0.00000e+00}
      deform[    1]={ 0.00000e+00,  0.00000e+00,  0.00000e+00}
      deform[    2]={ 0.00000e+00,  0.00000e+00,  0.00000e+00}
   simulated-tempering            = false
   swapcoords                     = no
   userint1                       = 0
   userint2                       = 0
   userint3                       = 0
   userint4                       = 0
   userreal1                      = 0
   userreal2                      = 0
   userreal3                      = 0
   userreal4                      = 0
   applied-forces:
     electric-field:
       x:
         E0                       = 0
         omega                    = 0
         t0                       = 0
         sigma                    = 0
       y:
         E0                       = 0
         omega                    = 0
         t0                       = 0
         sigma                    = 0
       z:
         E0                       = 0
         omega                    = 0
         t0                       = 0
         sigma                    = 0
     density-guided-simulation:
       active                     = false
       group                      = protein
       similarity-measure         = inner-product
       atom-spreading-weight      = unity
       force-constant             = 1e+09
       gaussian-transform-spreading-width = 0.2
       gaussian-transform-spreading-range-in-multiples-of-width = 4
       reference-density-filename = reference.mrc
       nst                        = 1
       normalize-densities        = true
       adaptive-force-scaling     = false
       adaptive-force-scaling-time-constant = 4
       shift-vector               = 
       transformation-matrix      = 
     qmmm-cp2k:
       active                     = false
       qmgroup                    = System
       qmmethod                   = PBE
       qmfilenames                = 
       qmcharge                   = 0
       qmmultiplicity             = 1
grpopts:
   nrdf:     5139.63     36944.4
   ref-t:         310         310
   tau-t:         0.1         0.1
annealing:          No          No
annealing-npoints:           0           0
   acc:	           0           0           0
   nfreeze:           N           N           N
   energygrp-flags[  0]: 0

Changing nstlist from 10 to 50, rlist from 1.042 to 1.194

When checking whether update groups are usable:
  Domain decomposition is not active, so there is no need for update groups
  At least one moleculetype does not conform to the requirements for using update groups
1 GPU selected for this run.
Mapping of GPU IDs to the 2 GPU tasks in the 1 rank on this node:
  PP:0,PME:0
PP tasks will do (non-perturbed) short-ranged interactions on the GPU
PP task will update and constrain coordinates on the CPU
PME tasks will do all aspects on the GPU
Using 1 MPI thread
Using 6 OpenMP threads 

Pinning threads with an auto-selected logical cpu stride of 2
System total charge: 0.001
Will do PME sum in reciprocal space for electrostatic interactions.

++++ PLEASE READ AND CITE THE FOLLOWING REFERENCE ++++
U. Essmann, L. Perera, M. L. Berkowitz, T. Darden, H. Lee and L. G. Pedersen 
A smooth particle mesh Ewald method
J. Chem. Phys. 103 (1995) pp. 8577-8592
-------- -------- --- Thank You --- -------- --------

Using a Gaussian width (1/beta) of 0.320163 nm for Ewald
Potential shift: LJ r^-12: -1.000e+00 r^-6: -1.000e+00, Ewald -1.000e-05
Initialized non-bonded Coulomb Ewald tables, spacing: 9.33e-04 size: 1073

Generated table with 1097 data points for 1-4 COUL.
Tabscale = 500 points/nm
Generated table with 1097 data points for 1-4 LJ6.
Tabscale = 500 points/nm
Generated table with 1097 data points for 1-4 LJ12.
Tabscale = 500 points/nm
Long Range LJ corr.: <C6> 2.6076e-04


Using GPU 8x8 nonbonded short-range kernels

Using a dual 8x8 pair-list setup updated with dynamic, rolling pruning:
  outer list: updated every 50 steps, buffer 0.194 nm, rlist 1.194 nm
  inner list: updated every  4 steps, buffer 0.007 nm, rlist 1.007 nm
At tolerance 0.005 kJ/mol/ps per atom, equivalent classical 1x1 list would be:
  outer list: updated every 50 steps, buffer 0.328 nm, rlist 1.328 nm
  inner list: updated every  4 steps, buffer 0.039 nm, rlist 1.039 nm

Using Lorentz-Berthelot Lennard-Jones combination rule

Initializing LINear Constraint Solver

++++ PLEASE READ AND CITE THE FOLLOWING REFERENCE ++++
B. Hess and H. Bekker and H. J. C. Berendsen and J. G. E. M. Fraaije
LINCS: A Linear Constraint Solver for molecular simulations
J. Comp. Chem. 18 (1997) pp. 1463-1472
-------- -------- --- Thank You --- -------- --------

The number of constraints is 1062

++++ PLEASE READ AND CITE THE FOLLOWING REFERENCE ++++
S. Miyamoto and P. A. Kollman
SETTLE: An Analytical Version of the SHAKE and RATTLE Algorithms for Rigid
Water Models
J. Comp. Chem. 13 (1992) pp. 952-962
-------- -------- --- Thank You --- -------- --------

Setting the maximum number of constraint warnings to 2147483647

++++ PLEASE READ AND CITE THE FOLLOWING REFERENCE ++++
G. Bussi, D. Donadio and M. Parrinello
Canonical sampling through velocity rescaling
J. Chem. Phys. 126 (2007) pp. 014101
-------- -------- --- Thank You --- -------- --------

There are: 20514 Atoms
There are: 6131 VSites
Center of mass motion removal mode is Linear
We have the following groups for center of mass motion removal:
  0:  rest

Started mdrun on rank 0 Fri Feb 17 09:39:41 2023

           Step           Time
              0        0.00000

   Energies (kJ/mol)
           Bond          Angle    Proper Dih.Periodic Improper Dih.      CMAP Dih.
    1.57305e+03    4.45223e+03    2.71529e+03    2.49892e+02    3.49363e+02
          LJ-14     Coulomb-14        LJ (SR)  Disper. corr.   Coulomb (SR)
    1.99181e+03    2.50102e+04    4.44246e+04   -3.81760e+03   -4.11841e+05
   Coul. recip.      Potential    Kinetic En.   Total Energy  Conserved En.
    2.00855e+03   -3.32884e+05    5.42578e+04   -2.78626e+05   -2.78614e+05
    Temperature Pres. DC (bar) Pressure (bar)   Constr. rmsd
    3.10128e+02   -3.12653e+02    3.25859e+02    2.34262e-05

           Step           Time
           5000       20.00000

   Energies (kJ/mol)
           Bond          Angle    Proper Dih.Periodic Improper Dih.      CMAP Dih.
    1.61678e+03    4.31227e+03    2.56113e+03    2.48734e+02    3.48191e+02
          LJ-14     Coulomb-14        LJ (SR)  Disper. corr.   Coulomb (SR)
    1.96705e+03    2.48578e+04    4.26702e+04   -3.83663e+03   -4.08800e+05
   Coul. recip.      Potential    Kinetic En.   Total Energy  Conserved En.
    2.00721e+03   -3.32048e+05    5.38921e+04   -2.78156e+05   -2.78393e+05
    Temperature Pres. DC (bar) Pressure (bar)   Constr. rmsd
    3.08038e+02   -3.15775e+02    1.86347e+00    2.25997e-05

step 6750: timed with pme grid 42 42 42, coulomb cutoff 1.000: 132.0 M-cycles
step 6850: timed with pme grid 36 36 36, coulomb cutoff 1.113: 150.9 M-cycles
step 6950: timed with pme grid 40 40 40, coulomb cutoff 1.002: 133.2 M-cycles
step 7050: timed with pme grid 42 42 42, coulomb cutoff 1.000: 133.3 M-cycles
              optimal pme grid 42 42 42, coulomb cutoff 1.000
           Step           Time
          10000       40.00000

   Energies (kJ/mol)
           Bond          Angle    Proper Dih.Periodic Improper Dih.      CMAP Dih.
    1.57073e+03    4.49137e+03    2.70384e+03    2.27266e+02    3.72036e+02
          LJ-14     Coulomb-14        LJ (SR)  Disper. corr.   Coulomb (SR)
    1.93561e+03    2.48591e+04    4.25715e+04   -3.82404e+03   -4.08766e+05
   Coul. recip.      Potential    Kinetic En.   Total Energy  Conserved En.
    2.07233e+03   -3.31786e+05    5.42838e+04   -2.77502e+05   -2.77962e+05
    Temperature Pres. DC (bar) Pressure (bar)   Constr. rmsd
    3.10277e+02   -3.13708e+02   -2.22474e+02    2.14541e-05

           Step           Time
          15000       60.00000

   Energies (kJ/mol)
           Bond          Angle    Proper Dih.Periodic Improper Dih.      CMAP Dih.
    1.78430e+03    4.31417e+03    2.75066e+03    2.02231e+02    3.83316e+02
          LJ-14     Coulomb-14        LJ (SR)  Disper. corr.   Coulomb (SR)
    1.97908e+03    2.49133e+04    4.34908e+04   -3.83816e+03   -4.10201e+05
   Coul. recip.      Potential    Kinetic En.   Total Energy  Conserved En.
    1.98689e+03   -3.32234e+05    5.39240e+04   -2.78310e+05   -2.77472e+05
    Temperature Pres. DC (bar) Pressure (bar)   Constr. rmsd
    3.08220e+02   -3.16026e+02   -4.22647e+01    2.15269e-05

           Step           Time
          20000       80.00000

   Energies (kJ/mol)
           Bond          Angle    Proper Dih.Periodic Improper Dih.      CMAP Dih.
    1.76067e+03    4.28498e+03    2.67090e+03    2.56908e+02    4.24480e+02
          LJ-14     Coulomb-14        LJ (SR)  Disper. corr.   Coulomb (SR)
    1.94826e+03    2.48094e+04    4.18791e+04   -3.78382e+03   -4.07397e+05
   Coul. recip.      Potential    Kinetic En.   Total Energy  Conserved En.
    2.05243e+03   -3.31094e+05    5.38976e+04   -2.77196e+05   -2.77142e+05
    Temperature Pres. DC (bar) Pressure (bar)   Constr. rmsd
    3.08069e+02   -3.07150e+02   -5.56878e+02    2.17327e-05

           Step           Time
          25000      100.00000

   Energies (kJ/mol)
           Bond          Angle    Proper Dih.Periodic Improper Dih.      CMAP Dih.
    1.64184e+03    4.45382e+03    2.60703e+03    2.20373e+02    3.70356e+02
          LJ-14     Coulomb-14        LJ (SR)  Disper. corr.   Coulomb (SR)
    1.96764e+03    2.45831e+04    4.39684e+04   -3.82861e+03   -4.10256e+05
   Coul. recip.      Potential    Kinetic En.   Total Energy  Conserved En.
    1.99945e+03   -3.32273e+05    5.40349e+04   -2.78238e+05   -2.76788e+05
    Temperature Pres. DC (bar) Pressure (bar)   Constr. rmsd
    3.08854e+02   -3.14457e+02    1.40618e+02    2.35123e-05

           Step           Time
          30000      120.00000

   Energies (kJ/mol)
           Bond          Angle    Proper Dih.Periodic Improper Dih.      CMAP Dih.
    1.64666e+03    4.38915e+03    2.61039e+03    2.54754e+02    3.81009e+02
          LJ-14     Coulomb-14        LJ (SR)  Disper. corr.   Coulomb (SR)
    1.94894e+03    2.47082e+04    4.30368e+04   -3.81811e+03   -4.09770e+05
   Coul. recip.      Potential    Kinetic En.   Total Energy  Conserved En.
    2.00782e+03   -3.32604e+05    5.41443e+04   -2.78460e+05   -2.76570e+05
    Temperature Pres. DC (bar) Pressure (bar)   Constr. rmsd
    3.09479e+02   -3.12736e+02   -1.67674e+02    2.22394e-05

           Step           Time
          35000      140.00000

   Energies (kJ/mol)
           Bond          Angle    Proper Dih.Periodic Improper Dih.      CMAP Dih.
    1.65647e+03    4.52330e+03    2.68836e+03    2.43091e+02    3.79731e+02
          LJ-14     Coulomb-14        LJ (SR)  Disper. corr.   Coulomb (SR)
    1.92275e+03    2.47430e+04    4.30516e+04   -3.80867e+03   -4.09282e+05
   Coul. recip.      Potential    Kinetic En.   Total Energy  Conserved En.
    2.03043e+03   -3.31852e+05    5.39100e+04   -2.77942e+05   -2.76067e+05
    Temperature Pres. DC (bar) Pressure (bar)   Constr. rmsd
    3.08140e+02   -3.11193e+02   -5.52068e+02    1.86456e-05

           Step           Time
          40000      160.00000

   Energies (kJ/mol)
           Bond          Angle    Proper Dih.Periodic Improper Dih.      CMAP Dih.
    1.68019e+03    4.40294e+03    2.66553e+03    2.14630e+02    3.75198e+02
          LJ-14     Coulomb-14        LJ (SR)  Disper. corr.   Coulomb (SR)
    1.97523e+03    2.48095e+04    4.35597e+04   -3.83706e+03   -4.10331e+05
   Coul. recip.      Potential    Kinetic En.   Total Energy  Conserved En.
    2.01823e+03   -3.32467e+05    5.43295e+04   -2.78138e+05   -2.75658e+05
    Temperature Pres. DC (bar) Pressure (bar)   Constr. rmsd
    3.10538e+02   -3.15845e+02    1.74232e+02    2.13985e-05

           Step           Time
          45000      180.00000

   Energies (kJ/mol)
           Bond          Angle    Proper Dih.Periodic Improper Dih.      CMAP Dih.
    1.68563e+03    4.18503e+03    2.63310e+03    2.72112e+02    3.42454e+02
          LJ-14     Coulomb-14        LJ (SR)  Disper. corr.   Coulomb (SR)
    1.96692e+03    2.48949e+04    4.33373e+04   -3.84970e+03   -4.10197e+05
   Coul. recip.      Potential    Kinetic En.   Total Energy  Conserved En.
    2.04214e+03   -3.32687e+05    5.46237e+04   -2.78064e+05   -2.75439e+05
    Temperature Pres. DC (bar) Pressure (bar)   Constr. rmsd
    3.12219e+02   -3.17927e+02    1.00216e+02    2.09568e-05

           Step           Time
          50000      200.00000

   Energies (kJ/mol)
           Bond          Angle    Proper Dih.Periodic Improper Dih.      CMAP Dih.
    1.65374e+03    4.32727e+03    2.58892e+03    2.60374e+02    3.79468e+02
          LJ-14     Coulomb-14        LJ (SR)  Disper. corr.   Coulomb (SR)
    1.98666e+03    2.48921e+04    4.44998e+04   -3.80126e+03   -4.11173e+05
   Coul. recip.      Potential    Kinetic En.   Total Energy  Conserved En.
    2.03069e+03   -3.32356e+05    5.41059e+04   -2.78250e+05   -2.74971e+05
    Temperature Pres. DC (bar) Pressure (bar)   Constr. rmsd
    3.09260e+02   -3.09984e+02    3.26442e+02    1.92763e-05

           Step           Time
          55000      220.00000

   Energies (kJ/mol)
           Bond          Angle    Proper Dih.Periodic Improper Dih.      CMAP Dih.
    1.67397e+03    4.32760e+03    2.66164e+03    2.61775e+02    3.52285e+02
          LJ-14     Coulomb-14        LJ (SR)  Disper. corr.   Coulomb (SR)
    2.02847e+03    2.47408e+04    4.35752e+04   -3.81445e+03   -4.10012e+05
   Coul. recip.      Potential    Kinetic En.   Total Energy  Conserved En.
    2.12063e+03   -3.32084e+05    5.44878e+04   -2.77596e+05   -2.74617e+05
    Temperature Pres. DC (bar) Pressure (bar)   Constr. rmsd
    3.11443e+02   -3.12137e+02    2.42795e+02    2.08604e-05

           Step           Time
          60000      240.00000

   Energies (kJ/mol)
           Bond          Angle    Proper Dih.Periodic Improper Dih.      CMAP Dih.
    1.69486e+03    4.35719e+03    2.55864e+03    2.07125e+02    3.37031e+02
          LJ-14     Coulomb-14        LJ (SR)  Disper. corr.   Coulomb (SR)
    1.94250e+03    2.48628e+04    4.39187e+04   -3.79448e+03   -4.10220e+05
   Coul. recip.      Potential    Kinetic En.   Total Energy  Conserved En.
    2.02292e+03   -3.32113e+05    5.34347e+04   -2.78678e+05   -2.74186e+05
    Temperature Pres. DC (bar) Pressure (bar)   Constr. rmsd
    3.05423e+02   -3.08881e+02   -3.24838e+01    1.88131e-05

           Step           Time
          65000      260.00000

   Energies (kJ/mol)
           Bond          Angle    Proper Dih.Periodic Improper Dih.      CMAP Dih.
    1.59275e+03    4.40530e+03    2.61944e+03    2.76142e+02    3.33079e+02
          LJ-14     Coulomb-14        LJ (SR)  Disper. corr.   Coulomb (SR)
    1.99942e+03    2.49075e+04    4.33297e+04   -3.81611e+03   -4.09683e+05
   Coul. recip.      Potential    Kinetic En.   Total Energy  Conserved En.
    2.01347e+03   -3.32023e+05    5.44060e+04   -2.77617e+05   -2.73908e+05
    Temperature Pres. DC (bar) Pressure (bar)   Constr. rmsd
    3.10975e+02   -3.12409e+02    2.77030e+02    2.38956e-05

           Step           Time
          70000      280.00000

   Energies (kJ/mol)
           Bond          Angle    Proper Dih.Periodic Improper Dih.      CMAP Dih.
    1.77589e+03    4.31548e+03    2.57991e+03    2.11442e+02    3.74788e+02
          LJ-14     Coulomb-14        LJ (SR)  Disper. corr.   Coulomb (SR)
    1.95209e+03    2.47159e+04    4.39840e+04   -3.82877e+03   -4.10397e+05
   Coul. recip.      Potential    Kinetic En.   Total Energy  Conserved En.
    2.09210e+03   -3.32224e+05    5.49065e+04   -2.77318e+05   -2.73527e+05
    Temperature Pres. DC (bar) Pressure (bar)   Constr. rmsd
    3.13836e+02   -3.14483e+02    2.20400e+02    2.55167e-05

           Step           Time
          75000      300.00000

   Energies (kJ/mol)
           Bond          Angle    Proper Dih.Periodic Improper Dih.      CMAP Dih.
    1.62268e+03    4.26586e+03    2.70034e+03    2.59876e+02    3.54031e+02
          LJ-14     Coulomb-14        LJ (SR)  Disper. corr.   Coulomb (SR)
    2.03526e+03    2.49252e+04    4.25642e+04   -3.83139e+03   -4.09154e+05
   Coul. recip.      Potential    Kinetic En.   Total Energy  Conserved En.
    1.98817e+03   -3.32270e+05    5.35352e+04   -2.78735e+05   -2.73147e+05
    Temperature Pres. DC (bar) Pressure (bar)   Constr. rmsd
    3.05998e+02   -3.14913e+02   -6.18823e+01    2.02524e-05

           Step           Time
          80000      320.00000

   Energies (kJ/mol)
           Bond          Angle    Proper Dih.Periodic Improper Dih.      CMAP Dih.
    1.58734e+03    4.28972e+03    2.69878e+03    2.87181e+02    3.51517e+02
          LJ-14     Coulomb-14        LJ (SR)  Disper. corr.   Coulomb (SR)
    2.02103e+03    2.49214e+04    4.27415e+04   -3.81299e+03   -4.09406e+05
   Coul. recip.      Potential    Kinetic En.   Total Energy  Conserved En.
    2.04371e+03   -3.32276e+05    5.37665e+04   -2.78510e+05   -2.72834e+05
    Temperature Pres. DC (bar) Pressure (bar)   Constr. rmsd
    3.07320e+02   -3.11899e+02   -1.18839e+02    2.09689e-05

           Step           Time
          85000      340.00000

   Energies (kJ/mol)
           Bond          Angle    Proper Dih.Periodic Improper Dih.      CMAP Dih.
    1.65060e+03    4.51675e+03    2.67377e+03    2.44780e+02    3.68758e+02
          LJ-14     Coulomb-14        LJ (SR)  Disper. corr.   Coulomb (SR)
    1.96584e+03    2.48262e+04    4.32788e+04   -3.82173e+03   -4.09730e+05
   Coul. recip.      Potential    Kinetic En.   Total Energy  Conserved En.
    1.95782e+03   -3.32069e+05    5.42894e+04   -2.77779e+05   -2.72400e+05
    Temperature Pres. DC (bar) Pressure (bar)   Constr. rmsd
    3.10309e+02   -3.13328e+02   -1.90491e+01    2.16818e-05

           Step           Time
          90000      360.00000

   Energies (kJ/mol)
           Bond          Angle    Proper Dih.Periodic Improper Dih.      CMAP Dih.
    1.56405e+03    4.30426e+03    2.66573e+03    2.71645e+02    3.59714e+02
          LJ-14     Coulomb-14        LJ (SR)  Disper. corr.   Coulomb (SR)
    2.00339e+03    2.48266e+04    4.41408e+04   -3.82162e+03   -4.11535e+05
   Coul. recip.      Potential    Kinetic En.   Total Energy  Conserved En.
    2.02588e+03   -3.33195e+05    5.37509e+04   -2.79444e+05   -2.72141e+05
    Temperature Pres. DC (bar) Pressure (bar)   Constr. rmsd
    3.07231e+02   -3.13310e+02    3.41921e+01    2.20371e-05

           Step           Time
          95000      380.00000

   Energies (kJ/mol)
           Bond          Angle    Proper Dih.Periodic Improper Dih.      CMAP Dih.
    1.77495e+03    4.42055e+03    2.72329e+03    2.53452e+02    3.72352e+02
          LJ-14     Coulomb-14        LJ (SR)  Disper. corr.   Coulomb (SR)
    2.00791e+03    2.49099e+04    4.27994e+04   -3.80609e+03   -4.10191e+05
   Coul. recip.      Potential    Kinetic En.   Total Energy  Conserved En.
    2.06494e+03   -3.32671e+05    5.47157e+04   -2.77955e+05   -2.71648e+05
    Temperature Pres. DC (bar) Pressure (bar)   Constr. rmsd
    3.12746e+02   -3.10772e+02   -2.21383e+02    2.32348e-05

           Step           Time
         100000      400.00000

   Energies (kJ/mol)
           Bond          Angle    Proper Dih.Periodic Improper Dih.      CMAP Dih.
    1.67258e+03    4.32712e+03    2.65477e+03    2.21193e+02    3.47789e+02
          LJ-14     Coulomb-14        LJ (SR)  Disper. corr.   Coulomb (SR)
    1.97480e+03    2.47478e+04    4.42044e+04   -3.83137e+03   -4.11177e+05
   Coul. recip.      Potential    Kinetic En.   Total Energy  Conserved En.
    2.00531e+03   -3.32852e+05    5.46242e+04   -2.78228e+05   -2.71364e+05
    Temperature Pres. DC (bar) Pressure (bar)   Constr. rmsd
    3.12223e+02   -3.14910e+02    2.69832e+02    2.17361e-05

           Step           Time
         105000      420.00000

   Energies (kJ/mol)
           Bond          Angle    Proper Dih.Periodic Improper Dih.      CMAP Dih.
    1.76663e+03    4.19922e+03    2.73185e+03    2.23227e+02    3.41859e+02
          LJ-14     Coulomb-14        LJ (SR)  Disper. corr.   Coulomb (SR)
    2.00994e+03    2.46828e+04    4.30678e+04   -3.81565e+03   -4.10155e+05
   Coul. recip.      Potential    Kinetic En.   Total Energy  Conserved En.
    1.99003e+03   -3.32958e+05    5.48629e+04   -2.78095e+05   -2.71039e+05
    Temperature Pres. DC (bar) Pressure (bar)   Constr. rmsd
    3.13586e+02   -3.12333e+02   -1.67391e+02    2.16167e-05

           Step           Time
         110000      440.00000

   Energies (kJ/mol)
           Bond          Angle    Proper Dih.Periodic Improper Dih.      CMAP Dih.
    1.64583e+03    4.25599e+03    2.58751e+03    2.43759e+02    3.52047e+02
          LJ-14     Coulomb-14        LJ (SR)  Disper. corr.   Coulomb (SR)
    1.99635e+03    2.49235e+04    4.40549e+04   -3.81908e+03   -4.09768e+05
   Coul. recip.      Potential    Kinetic En.   Total Energy  Conserved En.
    2.12739e+03   -3.31400e+05    5.37680e+04   -2.77632e+05   -2.70585e+05
    Temperature Pres. DC (bar) Pressure (bar)   Constr. rmsd
    3.07328e+02   -3.12894e+02    2.59790e+02    2.09137e-05

           Step           Time
         115000      460.00000

   Energies (kJ/mol)
           Bond          Angle    Proper Dih.Periodic Improper Dih.      CMAP Dih.
    1.65444e+03    4.24982e+03    2.61038e+03    2.08376e+02    3.80870e+02
          LJ-14     Coulomb-14        LJ (SR)  Disper. corr.   Coulomb (SR)
    2.01639e+03    2.48138e+04    4.34656e+04   -3.81671e+03   -4.09882e+05
   Coul. recip.      Potential    Kinetic En.   Total Energy  Conserved En.
    2.00710e+03   -3.32291e+05    5.42521e+04   -2.78039e+05   -2.70267e+05
    Temperature Pres. DC (bar) Pressure (bar)   Constr. rmsd
    3.10096e+02   -3.12507e+02    9.06490e+01    1.89281e-05

           Step           Time
         120000      480.00000

   Energies (kJ/mol)
           Bond          Angle    Proper Dih.Periodic Improper Dih.      CMAP Dih.
    1.76842e+03    4.32056e+03    2.63211e+03    2.63551e+02    3.59099e+02
          LJ-14     Coulomb-14        LJ (SR)  Disper. corr.   Coulomb (SR)
    1.98733e+03    2.45433e+04    4.39106e+04   -3.81101e+03   -4.10083e+05
   Coul. recip.      Potential    Kinetic En.   Total Energy  Conserved En.
    2.08943e+03   -3.32019e+05    5.38395e+04   -2.78180e+05   -2.69834e+05
    Temperature Pres. DC (bar) Pressure (bar)   Constr. rmsd
    3.07737e+02   -3.11576e+02    7.80956e+01    2.28088e-05

           Step           Time
         125000      500.00000

   Energies (kJ/mol)
           Bond          Angle    Proper Dih.Periodic Improper Dih.      CMAP Dih.
    1.76198e+03    4.47724e+03    2.57566e+03    2.63962e+02    3.68194e+02
          LJ-14     Coulomb-14        LJ (SR)  Disper. corr.   Coulomb (SR)
    1.98698e+03    2.46638e+04    4.21670e+04   -3.82907e+03   -4.07965e+05
   Coul. recip.      Potential    Kinetic En.   Total Energy  Conserved En.
    2.03756e+03   -3.31491e+05    5.49938e+04   -2.76498e+05   -2.69462e+05
    Temperature Pres. DC (bar) Pressure (bar)   Constr. rmsd
    3.14335e+02   -3.14532e+02   -1.40864e+02    2.18986e-05

           Step           Time
         130000      520.00000

   Energies (kJ/mol)
           Bond          Angle    Proper Dih.Periodic Improper Dih.      CMAP Dih.
    1.63944e+03    4.37148e+03    2.60789e+03    2.62074e+02    3.43403e+02
          LJ-14     Coulomb-14        LJ (SR)  Disper. corr.   Coulomb (SR)
    2.03533e+03    2.45454e+04    4.39055e+04   -3.84141e+03   -4.10914e+05
   Coul. recip.      Potential    Kinetic En.   Total Energy  Conserved En.
    1.98778e+03   -3.33057e+05    5.41244e+04   -2.78932e+05   -2.69089e+05
    Temperature Pres. DC (bar) Pressure (bar)   Constr. rmsd
    3.09365e+02   -3.16562e+02    3.09132e+02    2.15306e-05

           Step           Time
         135000      540.00000

   Energies (kJ/mol)
           Bond          Angle    Proper Dih.Periodic Improper Dih.      CMAP Dih.
    1.58731e+03    4.50445e+03    2.68833e+03    2.35508e+02    4.07584e+02
          LJ-14     Coulomb-14        LJ (SR)  Disper. corr.   Coulomb (SR)
    1.95083e+03    2.47011e+04    4.29589e+04   -3.82524e+03   -4.09334e+05
   Coul. recip.      Potential    Kinetic En.   Total Energy  Conserved En.
    1.99118e+03   -3.32134e+05    5.40611e+04   -2.78073e+05   -2.68622e+05
    Temperature Pres. DC (bar) Pressure (bar)   Constr. rmsd
    3.09004e+02   -3.13905e+02   -1.67451e+02    2.11973e-05

           Step           Time
         140000      560.00000

   Energies (kJ/mol)
           Bond          Angle    Proper Dih.Periodic Improper Dih.      CMAP Dih.
    1.66589e+03    4.35349e+03    2.62424e+03    2.43873e+02    3.91153e+02
          LJ-14     Coulomb-14        LJ (SR)  Disper. corr.   Coulomb (SR)
    1.94098e+03    2.46326e+04    4.35229e+04   -3.81123e+03   -4.10182e+05
   Coul. recip.      Potential    Kinetic En.   Total Energy  Conserved En.
    2.06827e+03   -3.32550e+05    5.42464e+04   -2.78304e+05   -2.68208e+05
    Temperature Pres. DC (bar) Pressure (bar)   Constr. rmsd
    3.10063e+02   -3.11611e+02   -3.75557e+00    2.54205e-05

           Step           Time
         145000      580.00000

   Energies (kJ/mol)
           Bond          Angle    Proper Dih.Periodic Improper Dih.      CMAP Dih.
    1.75471e+03    4.25053e+03    2.53223e+03    2.55012e+02    3.72338e+02
          LJ-14     Coulomb-14        LJ (SR)  Disper. corr.   Coulomb (SR)
    1.93256e+03    2.47034e+04    4.33812e+04   -3.80578e+03   -4.09718e+05
   Coul. recip.      Potential    Kinetic En.   Total Energy  Conserved En.
    2.07056e+03   -3.32271e+05    5.46150e+04   -2.77656e+05   -2.67965e+05
    Temperature Pres. DC (bar) Pressure (bar)   Constr. rmsd
    3.12169e+02   -3.10722e+02   -2.86570e+02    2.33683e-05

           Step           Time
         150000      600.00000

   Energies (kJ/mol)
           Bond          Angle    Proper Dih.Periodic Improper Dih.      CMAP Dih.
    1.61661e+03    4.29031e+03    2.63038e+03    2.77139e+02    3.85056e+02
          LJ-14     Coulomb-14        LJ (SR)  Disper. corr.   Coulomb (SR)
    1.98061e+03    2.47024e+04    4.22876e+04   -3.82130e+03   -4.08126e+05
   Coul. recip.      Potential    Kinetic En.   Total Energy  Conserved En.
    1.98080e+03   -3.31797e+05    5.43181e+04   -2.77479e+05   -2.67678e+05
    Temperature Pres. DC (bar) Pressure (bar)   Constr. rmsd
    3.10473e+02   -3.13258e+02   -1.37676e+02    2.34878e-05

           Step           Time
         155000      620.00000

   Energies (kJ/mol)
           Bond          Angle    Proper Dih.Periodic Improper Dih.      CMAP Dih.
    1.66457e+03    4.42220e+03    2.60924e+03    2.54913e+02    3.54891e+02
          LJ-14     Coulomb-14        LJ (SR)  Disper. corr.   Coulomb (SR)
    2.01720e+03    2.47572e+04    4.28998e+04   -3.81288e+03   -4.10019e+05
   Coul. recip.      Potential    Kinetic En.   Total Energy  Conserved En.
    2.04157e+03   -3.32811e+05    5.45595e+04   -2.78251e+05   -2.67146e+05
    Temperature Pres. DC (bar) Pressure (bar)   Constr. rmsd
    3.11853e+02   -3.11881e+02    2.86380e+01    2.02485e-05

           Step           Time
         160000      640.00000

   Energies (kJ/mol)
           Bond          Angle    Proper Dih.Periodic Improper Dih.      CMAP Dih.
    1.78686e+03    4.44127e+03    2.69092e+03    2.58917e+02    3.01974e+02
          LJ-14     Coulomb-14        LJ (SR)  Disper. corr.   Coulomb (SR)
    1.95447e+03    2.46249e+04    4.20240e+04   -3.82513e+03   -4.07063e+05
   Coul. recip.      Potential    Kinetic En.   Total Energy  Conserved En.
    2.03096e+03   -3.30774e+05    5.41927e+04   -2.76581e+05   -2.66747e+05
    Temperature Pres. DC (bar) Pressure (bar)   Constr. rmsd
    3.09756e+02   -3.13886e+02   -2.00962e+02    2.11258e-05

           Step           Time
         165000      660.00000

   Energies (kJ/mol)
           Bond          Angle    Proper Dih.Periodic Improper Dih.      CMAP Dih.
    1.64876e+03    4.33541e+03    2.57905e+03    2.43119e+02    3.68970e+02
          LJ-14     Coulomb-14        LJ (SR)  Disper. corr.   Coulomb (SR)
    2.01316e+03    2.47946e+04    4.37634e+04   -3.82086e+03   -4.10015e+05
   Coul. recip.      Potential    Kinetic En.   Total Energy  Conserved En.
    2.15549e+03   -3.31934e+05    5.41969e+04   -2.77737e+05   -2.66217e+05
    Temperature Pres. DC (bar) Pressure (bar)   Constr. rmsd
    3.09780e+02   -3.13186e+02    2.36824e+02    2.19678e-05

           Step           Time
         170000      680.00000

   Energies (kJ/mol)
           Bond          Angle    Proper Dih.Periodic Improper Dih.      CMAP Dih.
    1.60860e+03    4.39640e+03    2.64672e+03    2.31046e+02    3.71400e+02
          LJ-14     Coulomb-14        LJ (SR)  Disper. corr.   Coulomb (SR)
    1.94690e+03    2.46808e+04    4.32489e+04   -3.79779e+03   -4.09917e+05
   Coul. recip.      Potential    Kinetic En.   Total Energy  Conserved En.
    2.04588e+03   -3.32538e+05    5.43949e+04   -2.78143e+05   -2.65782e+05
    Temperature Pres. DC (bar) Pressure (bar)   Constr. rmsd
    3.10911e+02   -3.09420e+02   -1.82031e+02    1.87827e-05

           Step           Time
         175000      700.00000

   Energies (kJ/mol)
           Bond          Angle    Proper Dih.Periodic Improper Dih.      CMAP Dih.
    1.74402e+03    4.33050e+03    2.61142e+03    2.72900e+02    3.45988e+02
          LJ-14     Coulomb-14        LJ (SR)  Disper. corr.   Coulomb (SR)
    1.93606e+03    2.47942e+04    4.35482e+04   -3.82432e+03   -4.09590e+05
   Coul. recip.      Potential    Kinetic En.   Total Energy  Conserved En.
    1.99941e+03   -3.31831e+05    5.43019e+04   -2.77529e+05   -2.65326e+05
    Temperature Pres. DC (bar) Pressure (bar)   Constr. rmsd
    3.10380e+02   -3.13753e+02   -1.44724e+02    2.55959e-05

           Step           Time
         180000      720.00000

   Energies (kJ/mol)
           Bond          Angle    Proper Dih.Periodic Improper Dih.      CMAP Dih.
    1.67467e+03    4.29890e+03    2.64027e+03    2.22935e+02    3.71005e+02
          LJ-14     Coulomb-14        LJ (SR)  Disper. corr.   Coulomb (SR)
    1.89008e+03    2.47585e+04    4.35006e+04   -3.82970e+03   -4.10704e+05
   Coul. recip.      Potential    Kinetic En.   Total Energy  Conserved En.
    2.01933e+03   -3.33157e+05    5.36913e+04   -2.79466e+05   -2.64915e+05
    Temperature Pres. DC (bar) Pressure (bar)   Constr. rmsd
    3.06890e+02   -3.14636e+02   -1.14577e+02    1.98917e-05

           Step           Time
         185000      740.00000

   Energies (kJ/mol)
           Bond          Angle    Proper Dih.Periodic Improper Dih.      CMAP Dih.
    1.74324e+03    4.32705e+03    2.65688e+03    2.30936e+02    3.38236e+02
          LJ-14     Coulomb-14        LJ (SR)  Disper. corr.   Coulomb (SR)
    1.93750e+03    2.47104e+04    4.25672e+04   -3.81883e+03   -4.08656e+05
   Coul. recip.      Potential    Kinetic En.   Total Energy  Conserved En.
    2.03758e+03   -3.31926e+05    5.49143e+04   -2.77012e+05   -2.64577e+05
    Temperature Pres. DC (bar) Pressure (bar)   Constr. rmsd
    3.13881e+02   -3.12853e+02   -2.94189e+02    2.34593e-05

           Step           Time
         190000      760.00000

   Energies (kJ/mol)
           Bond          Angle    Proper Dih.Periodic Improper Dih.      CMAP Dih.
    1.64004e+03    4.34996e+03    2.65480e+03    2.31487e+02    3.67274e+02
          LJ-14     Coulomb-14        LJ (SR)  Disper. corr.   Coulomb (SR)
    1.96181e+03    2.47832e+04    4.29582e+04   -3.82350e+03   -4.08665e+05
   Coul. recip.      Potential    Kinetic En.   Total Energy  Conserved En.
    2.01353e+03   -3.31528e+05    5.40008e+04   -2.77527e+05   -2.64075e+05
    Temperature Pres. DC (bar) Pressure (bar)   Constr. rmsd
    3.08659e+02   -3.13619e+02    7.91420e+01    2.28085e-05

           Step           Time
         195000      780.00000

   Energies (kJ/mol)
           Bond          Angle    Proper Dih.Periodic Improper Dih.      CMAP Dih.
    1.68162e+03    4.38950e+03    2.58074e+03    2.94914e+02    4.00562e+02
          LJ-14     Coulomb-14        LJ (SR)  Disper. corr.   Coulomb (SR)
    2.01599e+03    2.47322e+04    4.25726e+04   -3.80703e+03   -4.09699e+05
   Coul. recip.      Potential    Kinetic En.   Total Energy  Conserved En.
    1.93074e+03   -3.32907e+05    5.42901e+04   -2.78617e+05   -2.63625e+05
    Temperature Pres. DC (bar) Pressure (bar)   Constr. rmsd
    3.10313e+02   -3.10925e+02   -1.60316e+02    2.14666e-05

           Step           Time
         200000      800.00000

   Energies (kJ/mol)
           Bond          Angle    Proper Dih.Periodic Improper Dih.      CMAP Dih.
    1.70372e+03    4.44092e+03    2.62365e+03    2.28127e+02    3.57879e+02
          LJ-14     Coulomb-14        LJ (SR)  Disper. corr.   Coulomb (SR)
    2.02594e+03    2.47898e+04    4.29267e+04   -3.84665e+03   -4.08595e+05
   Coul. recip.      Potential    Kinetic En.   Total Energy  Conserved En.
    2.03303e+03   -3.31312e+05    5.45335e+04   -2.76779e+05   -2.63194e+05
    Temperature Pres. DC (bar) Pressure (bar)   Constr. rmsd
    3.11704e+02   -3.17425e+02    1.31080e+02    2.22806e-05

           Step           Time
         205000      820.00000

   Energies (kJ/mol)
           Bond          Angle    Proper Dih.Periodic Improper Dih.      CMAP Dih.
    1.58025e+03    4.06703e+03    2.48205e+03    2.49236e+02    3.86280e+02
          LJ-14     Coulomb-14        LJ (SR)  Disper. corr.   Coulomb (SR)
    2.09545e+03    2.47943e+04    4.40405e+04   -3.81509e+03   -4.12253e+05
   Coul. recip.      Potential    Kinetic En.   Total Energy  Conserved En.
    1.98343e+03   -3.34389e+05    5.43954e+04   -2.79994e+05   -2.62937e+05
    Temperature Pres. DC (bar) Pressure (bar)   Constr. rmsd
    3.10915e+02   -3.12242e+02    1.70126e+02    2.47189e-05

           Step           Time
         210000      840.00000

   Energies (kJ/mol)
           Bond          Angle    Proper Dih.Periodic Improper Dih.      CMAP Dih.
    1.62325e+03    4.43618e+03    2.58641e+03    2.36932e+02    3.66649e+02
          LJ-14     Coulomb-14        LJ (SR)  Disper. corr.   Coulomb (SR)
    2.14545e+03    2.48966e+04    4.26840e+04   -3.83967e+03   -4.08803e+05
   Coul. recip.      Potential    Kinetic En.   Total Energy  Conserved En.
    2.00735e+03   -3.31660e+05    5.42952e+04   -2.77364e+05   -2.62463e+05
    Temperature Pres. DC (bar) Pressure (bar)   Constr. rmsd
    3.10342e+02   -3.16274e+02    3.61776e+02    2.69835e-05

           Step           Time
         215000      860.00000

   Energies (kJ/mol)
           Bond          Angle    Proper Dih.Periodic Improper Dih.      CMAP Dih.
    1.76920e+03    4.38673e+03    2.62357e+03    2.66623e+02    3.44252e+02
          LJ-14     Coulomb-14        LJ (SR)  Disper. corr.   Coulomb (SR)
    2.00277e+03    2.47148e+04    4.26804e+04   -3.83786e+03   -4.08701e+05
   Coul. recip.      Potential    Kinetic En.   Total Energy  Conserved En.
    2.03133e+03   -3.31719e+05    5.42869e+04   -2.77432e+05   -2.62023e+05
    Temperature Pres. DC (bar) Pressure (bar)   Constr. rmsd
    3.10294e+02   -3.15977e+02    5.26553e+01    1.88096e-05

           Step           Time
         220000      880.00000

   Energies (kJ/mol)
           Bond          Angle    Proper Dih.Periodic Improper Dih.      CMAP Dih.
    1.70451e+03    4.43976e+03    2.57451e+03    2.63318e+02    3.52217e+02
          LJ-14     Coulomb-14        LJ (SR)  Disper. corr.   Coulomb (SR)
    1.98953e+03    2.48500e+04    4.40462e+04   -3.83469e+03   -4.10528e+05
   Coul. recip.      Potential    Kinetic En.   Total Energy  Conserved En.
    2.04496e+03   -3.32098e+05    5.43652e+04   -2.77732e+05   -2.61675e+05
    Temperature Pres. DC (bar) Pressure (bar)   Constr. rmsd
    3.10742e+02   -3.15455e+02    3.02278e+02    2.03908e-05

           Step           Time
         225000      900.00000

   Energies (kJ/mol)
           Bond          Angle    Proper Dih.Periodic Improper Dih.      CMAP Dih.
    1.59580e+03    4.33401e+03    2.59480e+03    2.54071e+02    3.60431e+02
          LJ-14     Coulomb-14        LJ (SR)  Disper. corr.   Coulomb (SR)
    2.05042e+03    2.46648e+04    4.39651e+04   -3.83015e+03   -4.10651e+05
   Coul. recip.      Potential    Kinetic En.   Total Energy  Conserved En.
    2.02030e+03   -3.32641e+05    5.49810e+04   -2.77660e+05   -2.61427e+05
    Temperature Pres. DC (bar) Pressure (bar)   Constr. rmsd
    3.14262e+02   -3.14710e+02    4.76348e+02    2.41828e-05

           Step           Time
         230000      920.00000

   Energies (kJ/mol)
           Bond          Angle    Proper Dih.Periodic Improper Dih.      CMAP Dih.
    1.63398e+03    4.49209e+03    2.61627e+03    2.55879e+02    3.95479e+02
          LJ-14     Coulomb-14        LJ (SR)  Disper. corr.   Coulomb (SR)
    2.00094e+03    2.49656e+04    4.39000e+04   -3.83808e+03   -4.10275e+05
   Coul. recip.      Potential    Kinetic En.   Total Energy  Conserved En.
    2.00353e+03   -3.31849e+05    5.50564e+04   -2.76793e+05   -2.61002e+05
    Temperature Pres. DC (bar) Pressure (bar)   Constr. rmsd
    3.14693e+02   -3.16013e+02    4.51758e+02    2.65270e-05

           Step           Time
         235000      940.00000

   Energies (kJ/mol)
           Bond          Angle    Proper Dih.Periodic Improper Dih.      CMAP Dih.
    1.70658e+03    4.25704e+03    2.61636e+03    2.62445e+02    3.58532e+02
          LJ-14     Coulomb-14        LJ (SR)  Disper. corr.   Coulomb (SR)
    1.99876e+03    2.48002e+04    4.33625e+04   -3.81245e+03   -4.10196e+05
   Coul. recip.      Potential    Kinetic En.   Total Energy  Conserved En.
    2.00159e+03   -3.32645e+05    5.37461e+04   -2.78899e+05   -2.60512e+05
    Temperature Pres. DC (bar) Pressure (bar)   Constr. rmsd
    3.07203e+02   -3.11811e+02   -2.69444e+02    2.11392e-05

           Step           Time
         240000      960.00000

   Energies (kJ/mol)
           Bond          Angle    Proper Dih.Periodic Improper Dih.      CMAP Dih.
    1.67621e+03    4.33429e+03    2.61623e+03    2.07663e+02    3.60927e+02
          LJ-14     Coulomb-14        LJ (SR)  Disper. corr.   Coulomb (SR)
    1.96740e+03    2.47237e+04    4.25759e+04   -3.83023e+03   -4.08301e+05
   Coul. recip.      Potential    Kinetic En.   Total Energy  Conserved En.
    1.97391e+03   -3.31695e+05    5.43198e+04   -2.77375e+05   -2.60284e+05
    Temperature Pres. DC (bar) Pressure (bar)   Constr. rmsd
    3.10482e+02   -3.14723e+02    1.49007e-01    2.18438e-05

           Step           Time
         245000      980.00000

   Energies (kJ/mol)
           Bond          Angle    Proper Dih.Periodic Improper Dih.      CMAP Dih.
    1.71908e+03    4.38239e+03    2.64201e+03    2.02599e+02    4.27756e+02
          LJ-14     Coulomb-14        LJ (SR)  Disper. corr.   Coulomb (SR)
    1.97326e+03    2.47021e+04    4.35830e+04   -3.85333e+03   -4.10244e+05
   Coul. recip.      Potential    Kinetic En.   Total Energy  Conserved En.
    2.03168e+03   -3.32433e+05    5.40213e+04   -2.78412e+05   -2.59861e+05
    Temperature Pres. DC (bar) Pressure (bar)   Constr. rmsd
    3.08776e+02   -3.18527e+02    2.45418e+02    2.44941e-05

           Step           Time
         250000     1000.00000

Writing checkpoint, step 250000 at Fri Feb 17 09:42:51 2023


   Energies (kJ/mol)
           Bond          Angle    Proper Dih.Periodic Improper Dih.      CMAP Dih.
    1.66946e+03    4.33070e+03    2.52125e+03    2.44124e+02    3.91712e+02
          LJ-14     Coulomb-14        LJ (SR)  Disper. corr.   Coulomb (SR)
    1.92044e+03    2.47248e+04    4.31092e+04   -3.81143e+03   -4.10181e+05
   Coul. recip.      Potential    Kinetic En.   Total Energy  Conserved En.
    1.99702e+03   -3.33084e+05    5.37962e+04   -2.79288e+05   -2.59416e+05
    Temperature Pres. DC (bar) Pressure (bar)   Constr. rmsd
    3.07490e+02   -3.11643e+02   -2.64075e+02    2.32085e-05


Energy conservation over simulation part #1 of length 1000 ps, time 0 to 1000 ps
  Conserved energy drift: 7.20e-04 kJ/mol/ps per atom


	<======  ###############  ==>
	<====  A V E R A G E S  ====>
	<==  ###############  ======>

	Statistics over 250001 steps using 2501 frames

   Energies (kJ/mol)
           Bond          Angle    Proper Dih.Periodic Improper Dih.      CMAP Dih.
    1.66973e+03    4.35096e+03    2.63731e+03    2.44923e+02    3.66080e+02
          LJ-14     Coulomb-14        LJ (SR)  Disper. corr.   Coulomb (SR)
    1.98181e+03    2.47848e+04    4.32141e+04   -3.82255e+03   -4.09689e+05
   Coul. recip.      Potential    Kinetic En.   Total Energy  Conserved En.
    2.02635e+03   -3.32236e+05    5.42510e+04   -2.77985e+05   -2.69256e+05
    Temperature Pres. DC (bar) Pressure (bar)   Constr. rmsd
    3.10089e+02   -3.13466e+02    1.05229e+00    0.00000e+00

          Box-X          Box-Y          Box-Z
    6.40932e+00    6.04276e+00    5.23318e+00

   Total Virial (kJ/mol)
    1.80252e+04    1.28548e+01    1.04748e+01
    1.28715e+01    1.81114e+04   -5.17779e+01
    1.04570e+01   -5.18071e+01    1.81005e+04

   Pressure (bar)
    6.70846e+00    1.32213e+00    1.98088e+00
    1.31938e+00   -7.04759e+00    4.37714e+00
    1.98379e+00    4.38192e+00    3.49599e+00

      T-Protein  T-non-Protein
    3.10612e+02    3.10016e+02


	M E G A - F L O P S   A C C O U N T I N G

 NB=Group-cutoff nonbonded kernels    NxN=N-by-N cluster Verlet kernels
 RF=Reaction-Field  VdW=Van der Waals  QSTab=quadratic-spline table
 W3=SPC/TIP3p  W4=TIP4p (single or pairs)
 V&F=Potential and force  V=Potential only  F=Force only

 Computing:                               M-Number         M-Flops  % Flops
-----------------------------------------------------------------------------
 Pair Search distance check           15760.139904      141841.259     0.0
 NxN Ewald Elec. + LJ [F]           7847357.422400   517925589.878    98.1
 NxN Ewald Elec. + LJ [V&F]           79299.668480     8485064.527     1.6
 1,4 nonbonded interactions            1386.505546      124785.499     0.0
 Shift-X                                133.251645         799.510     0.0
 Bonds                                  268.751075       15856.313     0.0
 Angles                                 965.003860      162120.648     0.0
 Propers                               1300.755203      297872.941     0.1
 Impropers                              103.000412       21424.086     0.0
 Virial                                 667.276690       12010.980     0.0
 Stop-CM                                 66.639145         666.391     0.0
 Calc-Ekin                             1332.303290       35972.189     0.0
 Lincs                                  265.501062       15930.064     0.0
 Lincs-Mat                             1443.005772        5772.023     0.0
 Constraint-V                          5129.270517       46163.435     0.0
 Constraint-Vir                         486.394455       11673.467     0.0
 Settle                                1532.756131      567119.768     0.1
 Virtual Site 3                        1686.037262       62383.379     0.0
 CMAP                                    32.250129       54825.219     0.0
-----------------------------------------------------------------------------
 Total                                               527987871.579   100.0
-----------------------------------------------------------------------------


     R E A L   C Y C L E   A N D   T I M E   A C C O U N T I N G

On 1 MPI rank, each using 6 OpenMP threads

 Computing:          Num   Num      Call    Wall time         Giga-Cycles
                     Ranks Threads  Count      (s)         total sum    %
-----------------------------------------------------------------------------
 Vsite constr.          1    6     250001       8.110        174.847   4.3
 Neighbor search        1    6       5001       9.408        202.837   4.9
 Launch GPU ops.        1    6     250001      11.068        238.620   5.8
 Force                  1    6     250001      25.178        542.820  13.2
 Wait PME GPU gather    1    6     250001      37.528        809.076  19.7
 Reduce GPU PME F       1    6     250001       2.658         57.298   1.4
 Wait GPU NB local                             36.050        777.210  19.0
 NB X/F buffer ops.     1    6     495001      16.495        355.632   8.7
 Vsite spread           1    6     275002       3.561         76.765   1.9
 Write traj.            1    6         51       0.088          1.897   0.0
 Update                 1    6     250001       6.956        149.978   3.7
 Constraints            1    6     250001      10.324        222.576   5.4
 Rest                                          22.704        489.485  11.9
-----------------------------------------------------------------------------
 Total                                        190.127       4099.040 100.0
-----------------------------------------------------------------------------

               Core t (s)   Wall t (s)        (%)
       Time:     1140.761      190.127      600.0
                 (ns/day)    (hour/ns)
Performance:      454.435        0.053
Finished mdrun on rank 0 Fri Feb 17 09:42:51 2023

