                      :-) GROMACS - gmx mdrun, 2022.2 (-:

Copyright 1991-2022 The GROMACS Authors.
GROMACS is free software; you can redistribute it and/or modify it
under the terms of the GNU Lesser General Public License
as published by the Free Software Foundation; either version 2.1
of the License, or (at your option) any later version.

                         Current GROMACS contributors:
       Mark Abraham           Andrey Alekseenko           Cathrine Bergh      
      Christian Blau            Eliane Briand               Kevin Boyd        
     Oliver Fleetwood         Stefan Fleischmann           Vytas Gapsys       
       Gaurav Garg           Gilles Gouaillardet            Alan Gray         
      Victor Holanda           M. Eric Irrgang              Joe Jordan        
    Christoph Junghans        Prashanth Kanduri           Sebastian Kehl      
     Sebastian Keller          Carsten Kutzner           Magnus Lundborg      
       Pascal Merz              Dmitry Morozov             Szilard Pall       
      Roland Schulz             Michael Shirts         David van der Spoel    
     Alessandra Villa      Sebastian Wingbermuehle        Artem Zhmurov       

                         Previous GROMACS contributors:
        Emile Apol             Rossen Apostolov           James Barnett       
  Herman J.C. Berendsen          Par Bjelkmar           Viacheslav Bolnykh    
    Aldert van Buuren          Carlo Camilloni           Rudi van Drunen      
      Anton Feenstra           Gerrit Groenhof            Bert de Groot       
      Anca Hamuraru           Vincent Hindriksen         Aleksei Iupinov      
   Dimitrios Karkoulis           Peter Kasson               Jiri Kraus        
       Per Larsson             Justin A. Lemkul           Viveca Lindahl      
      Erik Marklund           Pieter Meulenhoff           Vedran Miletic      
      Teemu Murtola              Sander Pronk            Alexey Shvetsov      
      Alfons Sijbers            Peter Tieleman             Jon Vincent        
     Teemu Virolainen         Christian Wennberg           Maarten Wolf       

                  Coordinated by the GROMACS project leaders:
                    Paul Bauer, Berk Hess, and Erik Lindahl

GROMACS:      gmx mdrun, version 2022.2
Executable:   /home/elite/Programs/gromacs/build/bin/gmx
Data prefix:  /home/elite/Programs/gromacs (source tree)
Working dir:  /home/elite/Documents/latihan/HMS/19-OPC2
Process ID:   39379
Command line:
  gmx mdrun -v -s npt.tpr -deffnm npt

GROMACS version:    2022.2
Precision:          mixed
Memory model:       64 bit
MPI library:        thread_mpi
OpenMP support:     enabled (GMX_OPENMP_MAX_THREADS = 128)
GPU support:        CUDA
SIMD instructions:  AVX2_256
CPU FFT library:    fftw-3.3.8-sse2-avx-avx2-avx2_128
GPU FFT library:    cuFFT
RDTSCP usage:       enabled
TNG support:        enabled
Hwloc support:      disabled
Tracing support:    disabled
C compiler:         /usr/bin/cc GNU 11.2.0
C compiler flags:   -mavx2 -mfma -Wno-missing-field-initializers -fexcess-precision=fast -funroll-all-loops -O3 -DNDEBUG
C++ compiler:       /usr/bin/c++ GNU 11.2.0
C++ compiler flags: -mavx2 -mfma -Wno-missing-field-initializers -fexcess-precision=fast -funroll-all-loops -fopenmp -O3 -DNDEBUG
CUDA compiler:      /usr/local/cuda/bin/nvcc nvcc: NVIDIA (R) Cuda compiler driver;Copyright (c) 2005-2022 NVIDIA Corporation;Built on Tue_May__3_18:49:52_PDT_2022;Cuda compilation tools, release 11.7, V11.7.64;Build cuda_11.7.r11.7/compiler.31294372_0
CUDA compiler flags:-std=c++17;-gencode;arch=compute_35,code=sm_35;-gencode;arch=compute_37,code=sm_37;-gencode;arch=compute_50,code=sm_50;-gencode;arch=compute_52,code=sm_52;-gencode;arch=compute_60,code=sm_60;-gencode;arch=compute_61,code=sm_61;-gencode;arch=compute_70,code=sm_70;-gencode;arch=compute_75,code=sm_75;-gencode;arch=compute_80,code=sm_80;-Wno-deprecated-gpu-targets;-gencode;arch=compute_53,code=sm_53;-gencode;arch=compute_80,code=sm_80;-use_fast_math;-D_FORCE_INLINES;-mavx2 -mfma -Wno-missing-field-initializers -fexcess-precision=fast -funroll-all-loops -fopenmp -O3 -DNDEBUG
CUDA driver:        11.80
CUDA runtime:       11.70


Running on 1 node with total 6 cores, 12 processing units, 1 compatible GPU
Hardware detected:
  CPU info:
    Vendor: AMD
    Brand:  AMD Ryzen 5 3600 6-Core Processor              
    Family: 23   Model: 113   Stepping: 0
    Features: aes amd apic avx avx2 clfsh cmov cx8 cx16 f16c fma htt lahf misalignsse mmx msr nonstop_tsc pclmuldq pdpe1gb popcnt pse rdrnd rdtscp sha sse2 sse3 sse4a sse4.1 sse4.2 ssse3
  Hardware topology: Basic
    Packages, cores, and logical processors:
    [indices refer to OS logical processors]
      Package  0: [   0   6] [   1   7] [   2   8] [   3   9] [   4  10] [   5  11]
    CPU limit set by OS: -1   Recommended max number of threads: 12
  GPU info:
    Number of GPUs detected: 1
    #0: NVIDIA NVIDIA GeForce GTX 1660 SUPER, compute cap.: 7.5, ECC:  no, stat: compatible


++++ PLEASE READ AND CITE THE FOLLOWING REFERENCE ++++
M. J. Abraham, T. Murtola, R. Schulz, S. Páll, J. C. Smith, B. Hess, E.
Lindahl
GROMACS: High performance molecular simulations through multi-level
parallelism from laptops to supercomputers
SoftwareX 1 (2015) pp. 19-25
-------- -------- --- Thank You --- -------- --------


++++ PLEASE READ AND CITE THE FOLLOWING REFERENCE ++++
S. Páll, M. J. Abraham, C. Kutzner, B. Hess, E. Lindahl
Tackling Exascale Software Challenges in Molecular Dynamics Simulations with
GROMACS
In S. Markidis & E. Laure (Eds.), Solving Software Challenges for Exascale 8759 (2015) pp. 3-27
-------- -------- --- Thank You --- -------- --------


++++ PLEASE READ AND CITE THE FOLLOWING REFERENCE ++++
S. Pronk, S. Páll, R. Schulz, P. Larsson, P. Bjelkmar, R. Apostolov, M. R.
Shirts, J. C. Smith, P. M. Kasson, D. van der Spoel, B. Hess, and E. Lindahl
GROMACS 4.5: a high-throughput and highly parallel open source molecular
simulation toolkit
Bioinformatics 29 (2013) pp. 845-54
-------- -------- --- Thank You --- -------- --------


++++ PLEASE READ AND CITE THE FOLLOWING REFERENCE ++++
B. Hess and C. Kutzner and D. van der Spoel and E. Lindahl
GROMACS 4: Algorithms for highly efficient, load-balanced, and scalable
molecular simulation
J. Chem. Theory Comput. 4 (2008) pp. 435-447
-------- -------- --- Thank You --- -------- --------


++++ PLEASE READ AND CITE THE FOLLOWING REFERENCE ++++
D. van der Spoel, E. Lindahl, B. Hess, G. Groenhof, A. E. Mark and H. J. C.
Berendsen
GROMACS: Fast, Flexible and Free
J. Comp. Chem. 26 (2005) pp. 1701-1719
-------- -------- --- Thank You --- -------- --------


++++ PLEASE READ AND CITE THE FOLLOWING REFERENCE ++++
E. Lindahl and B. Hess and D. van der Spoel
GROMACS 3.0: A package for molecular simulation and trajectory analysis
J. Mol. Mod. 7 (2001) pp. 306-317
-------- -------- --- Thank You --- -------- --------


++++ PLEASE READ AND CITE THE FOLLOWING REFERENCE ++++
H. J. C. Berendsen, D. van der Spoel and R. van Drunen
GROMACS: A message-passing parallel molecular dynamics implementation
Comp. Phys. Comm. 91 (1995) pp. 43-56
-------- -------- --- Thank You --- -------- --------


++++ PLEASE CITE THE DOI FOR THIS VERSION OF GROMACS ++++
https://doi.org/10.5281/zenodo.6637571
-------- -------- --- Thank You --- -------- --------

Input Parameters:
   integrator                     = md
   tinit                          = 0
   dt                             = 0.004
   nsteps                         = 25000
   init-step                      = 0
   simulation-part                = 1
   mts                            = false
   comm-mode                      = Linear
   nstcomm                        = 100
   bd-fric                        = 0
   ld-seed                        = -65612
   emtol                          = 10
   emstep                         = 0.01
   niter                          = 20
   fcstep                         = 0
   nstcgsteep                     = 1000
   nbfgscorr                      = 10
   rtpi                           = 0.05
   nstxout                        = 500
   nstvout                        = 500
   nstfout                        = 0
   nstlog                         = 500
   nstcalcenergy                  = 100
   nstenergy                      = 500
   nstxout-compressed             = 0
   compressed-x-precision         = 1000
   cutoff-scheme                  = Verlet
   nstlist                        = 10
   pbc                            = xyz
   periodic-molecules             = false
   verlet-buffer-tolerance        = 0.005
   rlist                          = 1
   coulombtype                    = PME
   coulomb-modifier               = Potential-shift
   rcoulomb-switch                = 0
   rcoulomb                       = 1
   epsilon-r                      = 1
   epsilon-rf                     = inf
   vdw-type                       = Cut-off
   vdw-modifier                   = Potential-shift
   rvdw-switch                    = 0
   rvdw                           = 1
   DispCorr                       = EnerPres
   table-extension                = 1
   fourierspacing                 = 0.16
   fourier-nx                     = 24
   fourier-ny                     = 28
   fourier-nz                     = 28
   pme-order                      = 4
   ewald-rtol                     = 1e-05
   ewald-rtol-lj                  = 0.001
   lj-pme-comb-rule               = Geometric
   ewald-geometry                 = 3d
   epsilon-surface                = 0
   tcoupl                         = V-rescale
   nsttcouple                     = 10
   nh-chain-length                = 0
   print-nose-hoover-chain-variables = false
   pcoupl                         = Parrinello-Rahman
   pcoupltype                     = Isotropic
   nstpcouple                     = 10
   tau-p                          = 2
   compressibility (3x3):
      compressibility[    0]={ 4.50000e-05,  0.00000e+00,  0.00000e+00}
      compressibility[    1]={ 0.00000e+00,  4.50000e-05,  0.00000e+00}
      compressibility[    2]={ 0.00000e+00,  0.00000e+00,  4.50000e-05}
   ref-p (3x3):
      ref-p[    0]={ 1.00000e+00,  0.00000e+00,  0.00000e+00}
      ref-p[    1]={ 0.00000e+00,  1.00000e+00,  0.00000e+00}
      ref-p[    2]={ 0.00000e+00,  0.00000e+00,  1.00000e+00}
   refcoord-scaling               = COM
   posres-com (3):
      posres-com[0]= 0.00000e+00
      posres-com[1]= 0.00000e+00
      posres-com[2]= 0.00000e+00
   posres-comB (3):
      posres-comB[0]= 0.00000e+00
      posres-comB[1]= 0.00000e+00
      posres-comB[2]= 0.00000e+00
   QMMM                           = false
qm-opts:
   ngQM                           = 0
   constraint-algorithm           = Lincs
   continuation                   = true
   Shake-SOR                      = false
   shake-tol                      = 0.0001
   lincs-order                    = 4
   lincs-iter                     = 1
   lincs-warnangle                = 30
   nwall                          = 0
   wall-type                      = 9-3
   wall-r-linpot                  = -1
   wall-atomtype[0]               = -1
   wall-atomtype[1]               = -1
   wall-density[0]                = 0
   wall-density[1]                = 0
   wall-ewald-zfac                = 3
   pull                           = false
   awh                            = false
   rotation                       = false
   interactiveMD                  = false
   disre                          = No
   disre-weighting                = Conservative
   disre-mixed                    = false
   dr-fc                          = 1000
   dr-tau                         = 0
   nstdisreout                    = 100
   orire-fc                       = 0
   orire-tau                      = 0
   nstorireout                    = 100
   free-energy                    = no
   cos-acceleration               = 0
   deform (3x3):
      deform[    0]={ 0.00000e+00,  0.00000e+00,  0.00000e+00}
      deform[    1]={ 0.00000e+00,  0.00000e+00,  0.00000e+00}
      deform[    2]={ 0.00000e+00,  0.00000e+00,  0.00000e+00}
   simulated-tempering            = false
   swapcoords                     = no
   userint1                       = 0
   userint2                       = 0
   userint3                       = 0
   userint4                       = 0
   userreal1                      = 0
   userreal2                      = 0
   userreal3                      = 0
   userreal4                      = 0
   applied-forces:
     electric-field:
       x:
         E0                       = 0
         omega                    = 0
         t0                       = 0
         sigma                    = 0
       y:
         E0                       = 0
         omega                    = 0
         t0                       = 0
         sigma                    = 0
       z:
         E0                       = 0
         omega                    = 0
         t0                       = 0
         sigma                    = 0
     density-guided-simulation:
       active                     = false
       group                      = protein
       similarity-measure         = inner-product
       atom-spreading-weight      = unity
       force-constant             = 1e+09
       gaussian-transform-spreading-width = 0.2
       gaussian-transform-spreading-range-in-multiples-of-width = 4
       reference-density-filename = reference.mrc
       nst                        = 1
       normalize-densities        = true
       adaptive-force-scaling     = false
       adaptive-force-scaling-time-constant = 4
       shift-vector               = 
       transformation-matrix      = 
     qmmm-cp2k:
       active                     = false
       qmgroup                    = System
       qmmethod                   = PBE
       qmfilenames                = 
       qmcharge                   = 0
       qmmultiplicity             = 1
grpopts:
   nrdf:     5137.09     157.911
   ref-t:         310         310
   tau-t:         0.1         0.1
annealing:          No          No
annealing-npoints:           0           0
   acc:	           0           0           0
   nfreeze:           N           N           N
   energygrp-flags[  0]: 0

Changing nstlist from 10 to 100, rlist from 1 to 1.162

When checking whether update groups are usable:
  Domain decomposition is not active, so there is no need for update groups
  At least one moleculetype does not conform to the requirements for using update groups
1 GPU selected for this run.
Mapping of GPU IDs to the 2 GPU tasks in the 1 rank on this node:
  PP:0,PME:0
PP tasks will do (non-perturbed) short-ranged interactions on the GPU
PP task will update and constrain coordinates on the CPU
PME tasks will do all aspects on the GPU
Using 1 MPI thread
Using 6 OpenMP threads 

Pinning threads with an auto-selected logical cpu stride of 2
System total charge: -0.999
Will do PME sum in reciprocal space for electrostatic interactions.

++++ PLEASE READ AND CITE THE FOLLOWING REFERENCE ++++
U. Essmann, L. Perera, M. L. Berkowitz, T. Darden, H. Lee and L. G. Pedersen 
A smooth particle mesh Ewald method
J. Chem. Phys. 103 (1995) pp. 8577-8592
-------- -------- --- Thank You --- -------- --------

Using a Gaussian width (1/beta) of 0.320163 nm for Ewald
Potential shift: LJ r^-12: -1.000e+00 r^-6: -1.000e+00, Ewald -1.000e-05
Initialized non-bonded Coulomb Ewald tables, spacing: 9.33e-04 size: 1073

Generated table with 1081 data points for 1-4 COUL.
Tabscale = 500 points/nm
Generated table with 1081 data points for 1-4 LJ6.
Tabscale = 500 points/nm
Generated table with 1081 data points for 1-4 LJ12.
Tabscale = 500 points/nm
Long Range LJ corr.: <C6> 8.7868e-04


Using GPU 8x8 nonbonded short-range kernels

Using a dual 8x8 pair-list setup updated with dynamic, rolling pruning:
  outer list: updated every 100 steps, buffer 0.162 nm, rlist 1.162 nm
  inner list: updated every  50 steps, buffer 0.003 nm, rlist 1.003 nm
At tolerance 0.005 kJ/mol/ps per atom, equivalent classical 1x1 list would be:
  outer list: updated every 100 steps, buffer 0.433 nm, rlist 1.433 nm
  inner list: updated every  50 steps, buffer 0.176 nm, rlist 1.176 nm

Using Lorentz-Berthelot Lennard-Jones combination rule

Initializing LINear Constraint Solver

++++ PLEASE READ AND CITE THE FOLLOWING REFERENCE ++++
B. Hess and H. Bekker and H. J. C. Berendsen and J. G. E. M. Fraaije
LINCS: A Linear Constraint Solver for molecular simulations
J. Comp. Chem. 18 (1997) pp. 1463-1472
-------- -------- --- Thank You --- -------- --------

The number of constraints is 1062

++++ PLEASE READ AND CITE THE FOLLOWING REFERENCE ++++
G. Bussi, D. Donadio and M. Parrinello
Canonical sampling through velocity rescaling
J. Chem. Phys. 126 (2007) pp. 014101
-------- -------- --- Thank You --- -------- --------

There are: 2120 Atoms
Center of mass motion removal mode is Linear
We have the following groups for center of mass motion removal:
  0:  rest

Started mdrun on rank 0 Wed Feb 15 12:58:53 2023

           Step           Time
              0        0.00000

   Energies (kJ/mol)
           Bond          Angle    Proper Dih.Periodic Improper Dih.      CMAP Dih.
    1.73394e+03    4.58403e+03    3.01511e+03    2.61989e+02    3.79712e+02
          LJ-14     Coulomb-14        LJ (SR)  Disper. corr.   Coulomb (SR)
    2.07501e+03    2.48267e+04   -3.75603e+03   -2.44757e+02   -4.70904e+04
   Coul. recip.      Potential    Kinetic En.   Total Energy  Conserved En.
    8.29661e+02   -1.33850e+04    6.97740e+03   -6.40761e+03   -6.40355e+03
    Temperature Pres. DC (bar) Pressure (bar)   Constr. rmsd
    3.16974e+02   -6.05937e+01   -2.15898e+01    2.07831e-05

           Step           Time
            500        2.00000

   Energies (kJ/mol)
           Bond          Angle    Proper Dih.Periodic Improper Dih.      CMAP Dih.
    1.65720e+03    4.54511e+03    3.00933e+03    2.81556e+02    3.75161e+02
          LJ-14     Coulomb-14        LJ (SR)  Disper. corr.   Coulomb (SR)
    2.05251e+03    2.46545e+04   -3.67404e+03   -2.53350e+02   -4.70165e+04
   Coul. recip.      Potential    Kinetic En.   Total Energy  Conserved En.
    7.79718e+02   -1.35889e+04    6.76000e+03   -6.82888e+03   -6.38006e+03
    Temperature Pres. DC (bar) Pressure (bar)   Constr. rmsd
    3.07097e+02   -6.49066e+01    2.20965e+02    1.98473e-05

           Step           Time
           1000        4.00000

   Energies (kJ/mol)
           Bond          Angle    Proper Dih.Periodic Improper Dih.      CMAP Dih.
    1.69507e+03    4.48508e+03    2.92187e+03    2.96410e+02    4.25986e+02
          LJ-14     Coulomb-14        LJ (SR)  Disper. corr.   Coulomb (SR)
    2.01742e+03    2.46257e+04   -3.66203e+03   -2.86345e+02   -4.71125e+04
   Coul. recip.      Potential    Kinetic En.   Total Energy  Conserved En.
    8.25504e+02   -1.37679e+04    6.81157e+03   -6.95629e+03   -6.20364e+03
    Temperature Pres. DC (bar) Pressure (bar)   Constr. rmsd
    3.09440e+02   -8.28432e+01    2.66490e+02    2.02433e-05

           Step           Time
           1500        6.00000

   Energies (kJ/mol)
           Bond          Angle    Proper Dih.Periodic Improper Dih.      CMAP Dih.
    1.74939e+03    4.68246e+03    3.04215e+03    3.06089e+02    3.43611e+02
          LJ-14     Coulomb-14        LJ (SR)  Disper. corr.   Coulomb (SR)
    1.98504e+03    2.48075e+04   -3.71016e+03   -3.12119e+02   -4.71922e+04
   Coul. recip.      Potential    Kinetic En.   Total Energy  Conserved En.
    8.21949e+02   -1.34763e+04    6.77926e+03   -6.69706e+03   -6.06949e+03
    Temperature Pres. DC (bar) Pressure (bar)   Constr. rmsd
    3.07972e+02   -9.83752e+01   -1.89058e+02    2.11522e-05

           Step           Time
           2000        8.00000

   Energies (kJ/mol)
           Bond          Angle    Proper Dih.Periodic Improper Dih.      CMAP Dih.
    1.71569e+03    4.61748e+03    2.98363e+03    2.95567e+02    3.91102e+02
          LJ-14     Coulomb-14        LJ (SR)  Disper. corr.   Coulomb (SR)
    1.98238e+03    2.47202e+04   -3.68556e+03   -3.25661e+02   -4.71923e+04
   Coul. recip.      Potential    Kinetic En.   Total Energy  Conserved En.
    7.86454e+02   -1.37109e+04    6.91882e+03   -6.79212e+03   -6.01131e+03
    Temperature Pres. DC (bar) Pressure (bar)   Constr. rmsd
    3.14313e+02   -1.07071e+02    4.14451e+01    2.18621e-05

           Step           Time
           2500       10.00000

   Energies (kJ/mol)
           Bond          Angle    Proper Dih.Periodic Improper Dih.      CMAP Dih.
    1.74696e+03    4.56527e+03    3.01933e+03    3.09455e+02    3.98332e+02
          LJ-14     Coulomb-14        LJ (SR)  Disper. corr.   Coulomb (SR)
    2.00778e+03    2.46619e+04   -3.78760e+03   -3.64483e+02   -4.70373e+04
   Coul. recip.      Potential    Kinetic En.   Total Energy  Conserved En.
    7.92882e+02   -1.36875e+04    6.76126e+03   -6.92620e+03   -5.81214e+03
    Temperature Pres. DC (bar) Pressure (bar)   Constr. rmsd
    3.07155e+02   -1.34038e+02   -1.25716e+03    2.12387e-05

           Step           Time
           3000       12.00000

   Energies (kJ/mol)
           Bond          Angle    Proper Dih.Periodic Improper Dih.      CMAP Dih.
    1.74229e+03    4.68649e+03    2.95044e+03    2.96943e+02    3.90488e+02
          LJ-14     Coulomb-14        LJ (SR)  Disper. corr.   Coulomb (SR)
    2.09684e+03    2.47677e+04   -3.70901e+03   -3.71393e+02   -4.72519e+04
   Coul. recip.      Potential    Kinetic En.   Total Energy  Conserved En.
    7.52782e+02   -1.36484e+04    6.97962e+03   -6.66874e+03   -5.80547e+03
    Temperature Pres. DC (bar) Pressure (bar)   Constr. rmsd
    3.17075e+02   -1.39156e+02    8.31288e+02    2.08341e-05

           Step           Time
           3500       14.00000

   Energies (kJ/mol)
           Bond          Angle    Proper Dih.Periodic Improper Dih.      CMAP Dih.
    1.68964e+03    4.73541e+03    3.04716e+03    2.78916e+02    3.31710e+02
          LJ-14     Coulomb-14        LJ (SR)  Disper. corr.   Coulomb (SR)
    2.03245e+03    2.46564e+04   -3.72046e+03   -3.84473e+02   -4.72636e+04
   Coul. recip.      Potential    Kinetic En.   Total Energy  Conserved En.
    7.17810e+02   -1.38791e+04    6.67227e+03   -7.20679e+03   -5.82574e+03
    Temperature Pres. DC (bar) Pressure (bar)   Constr. rmsd
    3.03112e+02   -1.49105e+02    9.09072e+02    2.24579e-05

           Step           Time
           4000       16.00000

   Energies (kJ/mol)
           Bond          Angle    Proper Dih.Periodic Improper Dih.      CMAP Dih.
    1.68692e+03    4.40449e+03    2.98478e+03    2.98475e+02    3.62054e+02
          LJ-14     Coulomb-14        LJ (SR)  Disper. corr.   Coulomb (SR)
    2.04602e+03    2.49231e+04   -3.64655e+03   -3.84855e+02   -4.75510e+04
   Coul. recip.      Potential    Kinetic En.   Total Energy  Conserved En.
    7.47314e+02   -1.41292e+04    6.88074e+03   -7.24849e+03   -5.85734e+03
    Temperature Pres. DC (bar) Pressure (bar)   Constr. rmsd
    3.12583e+02   -1.49401e+02    1.06448e+03    2.28018e-05

           Step           Time
           4500       18.00000

   Energies (kJ/mol)
           Bond          Angle    Proper Dih.Periodic Improper Dih.      CMAP Dih.
    1.78027e+03    4.72526e+03    3.03195e+03    2.69806e+02    3.44259e+02
          LJ-14     Coulomb-14        LJ (SR)  Disper. corr.   Coulomb (SR)
    1.98216e+03    2.48269e+04   -3.66639e+03   -3.93931e+02   -4.74202e+04
   Coul. recip.      Potential    Kinetic En.   Total Energy  Conserved En.
    7.11653e+02   -1.38083e+04    7.10037e+03   -6.70790e+03   -5.70479e+03
    Temperature Pres. DC (bar) Pressure (bar)   Constr. rmsd
    3.22560e+02   -1.56513e+02   -8.22421e+01    2.25719e-05

           Step           Time
           5000       20.00000

   Energies (kJ/mol)
           Bond          Angle    Proper Dih.Periodic Improper Dih.      CMAP Dih.
    1.70109e+03    4.66467e+03    3.05379e+03    2.67795e+02    3.59587e+02
          LJ-14     Coulomb-14        LJ (SR)  Disper. corr.   Coulomb (SR)
    1.96182e+03    2.46891e+04   -3.78588e+03   -3.96356e+02   -4.71997e+04
   Coul. recip.      Potential    Kinetic En.   Total Energy  Conserved En.
    7.58504e+02   -1.39256e+04    6.70319e+03   -7.22243e+03   -5.66441e+03
    Temperature Pres. DC (bar) Pressure (bar)   Constr. rmsd
    3.04517e+02   -1.58441e+02   -7.37440e+02    2.16658e-05

           Step           Time
           5500       22.00000

   Energies (kJ/mol)
           Bond          Angle    Proper Dih.Periodic Improper Dih.      CMAP Dih.
    1.75023e+03    4.68137e+03    3.00678e+03    2.78846e+02    3.78961e+02
          LJ-14     Coulomb-14        LJ (SR)  Disper. corr.   Coulomb (SR)
    2.02561e+03    2.46115e+04   -3.85693e+03   -3.93772e+02   -4.72053e+04
   Coul. recip.      Potential    Kinetic En.   Total Energy  Conserved En.
    7.14384e+02   -1.40083e+04    6.82329e+03   -7.18501e+03   -5.54952e+03
    Temperature Pres. DC (bar) Pressure (bar)   Constr. rmsd
    3.09973e+02   -1.56387e+02    5.52320e+02    2.52679e-05

           Step           Time
           6000       24.00000

   Energies (kJ/mol)
           Bond          Angle    Proper Dih.Periodic Improper Dih.      CMAP Dih.
    1.73506e+03    4.62932e+03    3.04382e+03    2.78486e+02    3.68233e+02
          LJ-14     Coulomb-14        LJ (SR)  Disper. corr.   Coulomb (SR)
    2.03204e+03    2.46957e+04   -3.77046e+03   -3.92340e+02   -4.73800e+04
   Coul. recip.      Potential    Kinetic En.   Total Energy  Conserved En.
    7.24278e+02   -1.40359e+04    6.91121e+03   -7.12471e+03   -5.54816e+03
    Temperature Pres. DC (bar) Pressure (bar)   Constr. rmsd
    3.13967e+02   -1.55254e+02   -9.93625e+01    2.07232e-05

           Step           Time
           6500       26.00000

   Energies (kJ/mol)
           Bond          Angle    Proper Dih.Periodic Improper Dih.      CMAP Dih.
    1.78119e+03    4.46726e+03    3.07833e+03    3.08982e+02    3.81651e+02
          LJ-14     Coulomb-14        LJ (SR)  Disper. corr.   Coulomb (SR)
    2.04703e+03    2.46043e+04   -3.79878e+03   -3.99498e+02   -4.72121e+04
   Coul. recip.      Potential    Kinetic En.   Total Energy  Conserved En.
    7.52137e+02   -1.39895e+04    6.82849e+03   -7.16104e+03   -5.57175e+03
    Temperature Pres. DC (bar) Pressure (bar)   Constr. rmsd
    3.10209e+02   -1.60957e+02    1.12969e+03    2.42594e-05

           Step           Time
           7000       28.00000

   Energies (kJ/mol)
           Bond          Angle    Proper Dih.Periodic Improper Dih.      CMAP Dih.
    1.66139e+03    4.72948e+03    3.08942e+03    3.10948e+02    3.67692e+02
          LJ-14     Coulomb-14        LJ (SR)  Disper. corr.   Coulomb (SR)
    1.93676e+03    2.44244e+04   -3.65656e+03   -4.04011e+02   -4.71618e+04
   Coul. recip.      Potential    Kinetic En.   Total Energy  Conserved En.
    7.57058e+02   -1.39453e+04    6.89643e+03   -7.04884e+03   -5.49360e+03
    Temperature Pres. DC (bar) Pressure (bar)   Constr. rmsd
    3.13295e+02   -1.64605e+02   -7.27643e+02    1.87551e-05

           Step           Time
           7500       30.00000

   Energies (kJ/mol)
           Bond          Angle    Proper Dih.Periodic Improper Dih.      CMAP Dih.
    1.72881e+03    4.55513e+03    2.93532e+03    2.95061e+02    3.58567e+02
          LJ-14     Coulomb-14        LJ (SR)  Disper. corr.   Coulomb (SR)
    2.02354e+03    2.48493e+04   -3.63690e+03   -4.13246e+02   -4.73889e+04
   Coul. recip.      Potential    Kinetic En.   Total Energy  Conserved En.
    7.18425e+02   -1.39749e+04    6.86695e+03   -7.10794e+03   -5.46875e+03
    Temperature Pres. DC (bar) Pressure (bar)   Constr. rmsd
    3.11956e+02   -1.72199e+02    3.57325e+02    2.15329e-05

           Step           Time
           8000       32.00000

   Energies (kJ/mol)
           Bond          Angle    Proper Dih.Periodic Improper Dih.      CMAP Dih.
    1.62580e+03    4.57849e+03    3.00016e+03    2.71586e+02    4.08301e+02
          LJ-14     Coulomb-14        LJ (SR)  Disper. corr.   Coulomb (SR)
    2.04696e+03    2.47204e+04   -3.79597e+03   -4.22795e+02   -4.72020e+04
   Coul. recip.      Potential    Kinetic En.   Total Energy  Conserved En.
    7.08281e+02   -1.40608e+04    6.64244e+03   -7.41837e+03   -5.41870e+03
    Temperature Pres. DC (bar) Pressure (bar)   Constr. rmsd
    3.01757e+02   -1.80231e+02    5.34126e+01    2.01872e-05

           Step           Time
           8500       34.00000

   Energies (kJ/mol)
           Bond          Angle    Proper Dih.Periodic Improper Dih.      CMAP Dih.
    1.60692e+03    4.60519e+03    2.99055e+03    2.91289e+02    4.01477e+02
          LJ-14     Coulomb-14        LJ (SR)  Disper. corr.   Coulomb (SR)
    2.06562e+03    2.45965e+04   -3.81109e+03   -4.41777e+02   -4.71674e+04
   Coul. recip.      Potential    Kinetic En.   Total Energy  Conserved En.
    7.00852e+02   -1.41619e+04    7.01023e+03   -7.15171e+03   -5.43955e+03
    Temperature Pres. DC (bar) Pressure (bar)   Constr. rmsd
    3.18465e+02   -1.96741e+02    2.64276e+02    2.49323e-05

           Step           Time
           9000       36.00000

   Energies (kJ/mol)
           Bond          Angle    Proper Dih.Periodic Improper Dih.      CMAP Dih.
    1.73676e+03    4.60299e+03    2.97538e+03    2.92621e+02    4.24786e+02
          LJ-14     Coulomb-14        LJ (SR)  Disper. corr.   Coulomb (SR)
    1.93152e+03    2.45651e+04   -3.90710e+03   -4.26029e+02   -4.69998e+04
   Coul. recip.      Potential    Kinetic En.   Total Energy  Conserved En.
    7.24801e+02   -1.40789e+04    6.90954e+03   -7.16940e+03   -5.35849e+03
    Temperature Pres. DC (bar) Pressure (bar)   Constr. rmsd
    3.13891e+02   -1.82993e+02   -1.18321e+03    2.42028e-05

           Step           Time
           9500       38.00000

   Energies (kJ/mol)
           Bond          Angle    Proper Dih.Periodic Improper Dih.      CMAP Dih.
    1.89731e+03    4.62780e+03    2.92182e+03    3.38661e+02    3.95373e+02
          LJ-14     Coulomb-14        LJ (SR)  Disper. corr.   Coulomb (SR)
    1.99332e+03    2.44807e+04   -3.87170e+03   -4.33265e+02   -4.71616e+04
   Coul. recip.      Potential    Kinetic En.   Total Energy  Conserved En.
    7.06245e+02   -1.41053e+04    6.75768e+03   -7.34763e+03   -5.29678e+03
    Temperature Pres. DC (bar) Pressure (bar)   Constr. rmsd
    3.06992e+02   -1.89248e+02   -5.43025e+02    2.04418e-05

           Step           Time
          10000       40.00000

   Energies (kJ/mol)
           Bond          Angle    Proper Dih.Periodic Improper Dih.      CMAP Dih.
    1.79164e+03    4.81231e+03    3.00406e+03    2.84620e+02    3.99885e+02
          LJ-14     Coulomb-14        LJ (SR)  Disper. corr.   Coulomb (SR)
    2.06225e+03    2.47248e+04   -3.71307e+03   -4.29621e+02   -4.73760e+04
   Coul. recip.      Potential    Kinetic En.   Total Energy  Conserved En.
    6.90558e+02   -1.37486e+04    7.00316e+03   -6.74548e+03   -5.14487e+03
    Temperature Pres. DC (bar) Pressure (bar)   Constr. rmsd
    3.18144e+02   -1.86085e+02    1.00972e+03    2.37719e-05

           Step           Time
          10500       42.00000

   Energies (kJ/mol)
           Bond          Angle    Proper Dih.Periodic Improper Dih.      CMAP Dih.
    1.79951e+03    4.83339e+03    3.08938e+03    3.18478e+02    4.24961e+02
          LJ-14     Coulomb-14        LJ (SR)  Disper. corr.   Coulomb (SR)
    2.02301e+03    2.45656e+04   -3.89450e+03   -4.39203e+02   -4.73130e+04
   Coul. recip.      Potential    Kinetic En.   Total Energy  Conserved En.
    6.89252e+02   -1.39031e+04    6.86692e+03   -7.03623e+03   -5.12069e+03
    Temperature Pres. DC (bar) Pressure (bar)   Constr. rmsd
    3.11955e+02   -1.94459e+02    6.70162e+02    2.03490e-05

           Step           Time
          11000       44.00000

   Energies (kJ/mol)
           Bond          Angle    Proper Dih.Periodic Improper Dih.      CMAP Dih.
    1.69198e+03    4.64822e+03    3.08378e+03    3.21072e+02    3.96954e+02
          LJ-14     Coulomb-14        LJ (SR)  Disper. corr.   Coulomb (SR)
    1.98867e+03    2.47409e+04   -3.83832e+03   -4.19150e+02   -4.74311e+04
   Coul. recip.      Potential    Kinetic En.   Total Energy  Conserved En.
    6.53429e+02   -1.41636e+04    6.84525e+03   -7.31832e+03   -5.04961e+03
    Temperature Pres. DC (bar) Pressure (bar)   Constr. rmsd
    3.10970e+02   -1.77144e+02   -4.97132e+02    2.20565e-05

           Step           Time
          11500       46.00000

   Energies (kJ/mol)
           Bond          Angle    Proper Dih.Periodic Improper Dih.      CMAP Dih.
    1.76080e+03    4.79138e+03    2.91198e+03    2.59755e+02    3.94698e+02
          LJ-14     Coulomb-14        LJ (SR)  Disper. corr.   Coulomb (SR)
    1.97496e+03    2.45781e+04   -3.91749e+03   -4.32792e+02   -4.71382e+04
   Coul. recip.      Potential    Kinetic En.   Total Energy  Conserved En.
    6.44593e+02   -1.41722e+04    6.88008e+03   -7.29207e+03   -5.01569e+03
    Temperature Pres. DC (bar) Pressure (bar)   Constr. rmsd
    3.12553e+02   -1.88836e+02   -1.61063e+03    2.39468e-05

           Step           Time
          12000       48.00000

   Energies (kJ/mol)
           Bond          Angle    Proper Dih.Periodic Improper Dih.      CMAP Dih.
    1.66080e+03    4.78258e+03    3.04514e+03    3.19844e+02    3.84061e+02
          LJ-14     Coulomb-14        LJ (SR)  Disper. corr.   Coulomb (SR)
    2.00046e+03    2.45142e+04   -3.85142e+03   -4.24081e+02   -4.71670e+04
   Coul. recip.      Potential    Kinetic En.   Total Energy  Conserved En.
    6.83378e+02   -1.40520e+04    6.82338e+03   -7.22863e+03   -4.97858e+03
    Temperature Pres. DC (bar) Pressure (bar)   Constr. rmsd
    3.09977e+02   -1.81326e+02   -7.34997e+02    2.40566e-05

           Step           Time
          12500       50.00000

   Energies (kJ/mol)
           Bond          Angle    Proper Dih.Periodic Improper Dih.      CMAP Dih.
    1.64151e+03    4.78994e+03    3.00918e+03    3.15592e+02    3.71408e+02
          LJ-14     Coulomb-14        LJ (SR)  Disper. corr.   Coulomb (SR)
    2.06156e+03    2.46100e+04   -3.88299e+03   -4.31085e+02   -4.72555e+04
   Coul. recip.      Potential    Kinetic En.   Total Energy  Conserved En.
    6.62290e+02   -1.41081e+04    6.85591e+03   -7.25220e+03   -4.86915e+03
    Temperature Pres. DC (bar) Pressure (bar)   Constr. rmsd
    3.11455e+02   -1.87352e+02    1.15736e+02    2.60081e-05

           Step           Time
          13000       52.00000

   Energies (kJ/mol)
           Bond          Angle    Proper Dih.Periodic Improper Dih.      CMAP Dih.
    1.68012e+03    4.59406e+03    2.89974e+03    3.09023e+02    3.56378e+02
          LJ-14     Coulomb-14        LJ (SR)  Disper. corr.   Coulomb (SR)
    2.04566e+03    2.47348e+04   -3.75668e+03   -4.34339e+02   -4.74728e+04
   Coul. recip.      Potential    Kinetic En.   Total Energy  Conserved En.
    6.60643e+02   -1.43834e+04    7.03070e+03   -7.35269e+03   -4.83053e+03
    Temperature Pres. DC (bar) Pressure (bar)   Constr. rmsd
    3.19395e+02   -1.90185e+02    5.12385e+02    2.45273e-05

           Step           Time
          13500       54.00000

   Energies (kJ/mol)
           Bond          Angle    Proper Dih.Periodic Improper Dih.      CMAP Dih.
    1.79306e+03    4.66255e+03    2.89099e+03    2.92478e+02    3.98299e+02
          LJ-14     Coulomb-14        LJ (SR)  Disper. corr.   Coulomb (SR)
    2.02370e+03    2.47283e+04   -3.75072e+03   -4.21092e+02   -4.73475e+04
   Coul. recip.      Potential    Kinetic En.   Total Energy  Conserved En.
    6.54431e+02   -1.40754e+04    6.79346e+03   -7.28198e+03   -4.68293e+03
    Temperature Pres. DC (bar) Pressure (bar)   Constr. rmsd
    3.08618e+02   -1.78785e+02   -1.06722e+03    2.10873e-05

           Step           Time
          14000       56.00000

   Energies (kJ/mol)
           Bond          Angle    Proper Dih.Periodic Improper Dih.      CMAP Dih.
    1.66546e+03    4.47440e+03    2.96428e+03    2.93067e+02    3.56893e+02
          LJ-14     Coulomb-14        LJ (SR)  Disper. corr.   Coulomb (SR)
    2.04642e+03    2.46481e+04   -3.76842e+03   -4.31847e+02   -4.73096e+04
   Coul. recip.      Potential    Kinetic En.   Total Energy  Conserved En.
    6.63867e+02   -1.43974e+04    6.75021e+03   -7.64721e+03   -4.68790e+03
    Temperature Pres. DC (bar) Pressure (bar)   Constr. rmsd
    3.06653e+02   -1.88014e+02    8.51878e+02    2.40249e-05

           Step           Time
          14500       58.00000

   Energies (kJ/mol)
           Bond          Angle    Proper Dih.Periodic Improper Dih.      CMAP Dih.
    1.71513e+03    4.89062e+03    3.00916e+03    2.90982e+02    4.05854e+02
          LJ-14     Coulomb-14        LJ (SR)  Disper. corr.   Coulomb (SR)
    2.02016e+03    2.45868e+04   -3.82107e+03   -4.34430e+02   -4.72691e+04
   Coul. recip.      Potential    Kinetic En.   Total Energy  Conserved En.
    6.56087e+02   -1.39497e+04    6.90914e+03   -7.04060e+03   -4.58820e+03
    Temperature Pres. DC (bar) Pressure (bar)   Constr. rmsd
    3.13873e+02   -1.90264e+02    3.59873e+02    2.13913e-05

           Step           Time
          15000       60.00000

   Energies (kJ/mol)
           Bond          Angle    Proper Dih.Periodic Improper Dih.      CMAP Dih.
    1.75513e+03    4.64019e+03    2.91916e+03    2.95394e+02    3.67725e+02
          LJ-14     Coulomb-14        LJ (SR)  Disper. corr.   Coulomb (SR)
    2.00071e+03    2.43608e+04   -3.75040e+03   -4.31763e+02   -4.71128e+04
   Coul. recip.      Potential    Kinetic En.   Total Energy  Conserved En.
    6.68579e+02   -1.42873e+04    6.84144e+03   -7.44585e+03   -4.59155e+03
    Temperature Pres. DC (bar) Pressure (bar)   Constr. rmsd
    3.10798e+02   -1.87941e+02    2.59502e+01    2.36976e-05

           Step           Time
          15500       62.00000

   Energies (kJ/mol)
           Bond          Angle    Proper Dih.Periodic Improper Dih.      CMAP Dih.
    1.69211e+03    4.72829e+03    2.93494e+03    2.55814e+02    3.45148e+02
          LJ-14     Coulomb-14        LJ (SR)  Disper. corr.   Coulomb (SR)
    1.99929e+03    2.46083e+04   -3.71264e+03   -4.47992e+02   -4.72013e+04
   Coul. recip.      Potential    Kinetic En.   Total Energy  Conserved En.
    6.09893e+02   -1.41881e+04    6.93415e+03   -7.25399e+03   -4.53037e+03
    Temperature Pres. DC (bar) Pressure (bar)   Constr. rmsd
    3.15009e+02   -2.02304e+02    3.11862e+01    2.33783e-05

           Step           Time
          16000       64.00000

   Energies (kJ/mol)
           Bond          Angle    Proper Dih.Periodic Improper Dih.      CMAP Dih.
    1.62620e+03    4.60316e+03    3.01069e+03    2.84504e+02    3.60196e+02
          LJ-14     Coulomb-14        LJ (SR)  Disper. corr.   Coulomb (SR)
    2.09534e+03    2.46345e+04   -3.75674e+03   -4.33173e+02   -4.73012e+04
   Coul. recip.      Potential    Kinetic En.   Total Energy  Conserved En.
    6.49778e+02   -1.42268e+04    6.71909e+03   -7.50768e+03   -4.54428e+03
    Temperature Pres. DC (bar) Pressure (bar)   Constr. rmsd
    3.05239e+02   -1.89168e+02    5.37837e+02    1.91171e-05

           Step           Time
          16500       66.00000

   Energies (kJ/mol)
           Bond          Angle    Proper Dih.Periodic Improper Dih.      CMAP Dih.
    1.73823e+03    4.60889e+03    3.05885e+03    2.71510e+02    3.64226e+02
          LJ-14     Coulomb-14        LJ (SR)  Disper. corr.   Coulomb (SR)
    2.09273e+03    2.46500e+04   -3.93444e+03   -4.56539e+02   -4.72330e+04
   Coul. recip.      Potential    Kinetic En.   Total Energy  Conserved En.
    6.44332e+02   -1.41953e+04    6.81197e+03   -7.38333e+03   -4.40269e+03
    Temperature Pres. DC (bar) Pressure (bar)   Constr. rmsd
    3.09459e+02   -2.10080e+02    3.92823e+02    2.36379e-05

           Step           Time
          17000       68.00000

   Energies (kJ/mol)
           Bond          Angle    Proper Dih.Periodic Improper Dih.      CMAP Dih.
    1.65559e+03    4.57944e+03    3.05605e+03    2.88189e+02    3.46418e+02
          LJ-14     Coulomb-14        LJ (SR)  Disper. corr.   Coulomb (SR)
    2.07181e+03    2.46682e+04   -3.75719e+03   -4.45306e+02   -4.73523e+04
   Coul. recip.      Potential    Kinetic En.   Total Energy  Conserved En.
    6.43204e+02   -1.42459e+04    6.87505e+03   -7.37086e+03   -4.39352e+03
    Temperature Pres. DC (bar) Pressure (bar)   Constr. rmsd
    3.12324e+02   -1.99889e+02   -1.65467e+01    2.36668e-05

           Step           Time
          17500       70.00000

   Energies (kJ/mol)
           Bond          Angle    Proper Dih.Periodic Improper Dih.      CMAP Dih.
    1.76497e+03    4.67966e+03    2.98040e+03    2.79043e+02    3.42921e+02
          LJ-14     Coulomb-14        LJ (SR)  Disper. corr.   Coulomb (SR)
    1.98142e+03    2.46057e+04   -3.82628e+03   -4.32249e+02   -4.74134e+04
   Coul. recip.      Potential    Kinetic En.   Total Energy  Conserved En.
    6.37633e+02   -1.44002e+04    6.80673e+03   -7.59347e+03   -4.35450e+03
    Temperature Pres. DC (bar) Pressure (bar)   Constr. rmsd
    3.09220e+02   -1.88364e+02   -8.28703e+02    2.38271e-05

           Step           Time
          18000       72.00000

   Energies (kJ/mol)
           Bond          Angle    Proper Dih.Periodic Improper Dih.      CMAP Dih.
    1.66206e+03    4.56411e+03    3.00657e+03    2.64790e+02    3.65099e+02
          LJ-14     Coulomb-14        LJ (SR)  Disper. corr.   Coulomb (SR)
    2.06491e+03    2.47745e+04   -3.77837e+03   -4.49070e+02   -4.73582e+04
   Coul. recip.      Potential    Kinetic En.   Total Energy  Conserved En.
    6.17365e+02   -1.42662e+04    6.89550e+03   -7.37073e+03   -4.21002e+03
    Temperature Pres. DC (bar) Pressure (bar)   Constr. rmsd
    3.13253e+02   -2.03276e+02    3.86089e+02    2.47530e-05

           Step           Time
          18500       74.00000

   Energies (kJ/mol)
           Bond          Angle    Proper Dih.Periodic Improper Dih.      CMAP Dih.
    1.57914e+03    4.80996e+03    2.98350e+03    2.95194e+02    3.47601e+02
          LJ-14     Coulomb-14        LJ (SR)  Disper. corr.   Coulomb (SR)
    2.04977e+03    2.46607e+04   -3.89623e+03   -4.41304e+02   -4.73552e+04
   Coul. recip.      Potential    Kinetic En.   Total Energy  Conserved En.
    6.27016e+02   -1.43399e+04    6.78967e+03   -7.55022e+03   -4.17451e+03
    Temperature Pres. DC (bar) Pressure (bar)   Constr. rmsd
    3.08446e+02   -1.96320e+02    2.86344e+02    2.52588e-05

           Step           Time
          19000       76.00000

   Energies (kJ/mol)
           Bond          Angle    Proper Dih.Periodic Improper Dih.      CMAP Dih.
    1.69973e+03    4.46198e+03    2.99369e+03    3.04523e+02    4.39629e+02
          LJ-14     Coulomb-14        LJ (SR)  Disper. corr.   Coulomb (SR)
    2.10253e+03    2.46723e+04   -3.85847e+03   -4.52158e+02   -4.74870e+04
   Coul. recip.      Potential    Kinetic En.   Total Energy  Conserved En.
    6.40333e+02   -1.44829e+04    6.94091e+03   -7.54197e+03   -4.07368e+03
    Temperature Pres. DC (bar) Pressure (bar)   Constr. rmsd
    3.15316e+02   -2.06076e+02    1.58307e+03    2.20111e-05

           Step           Time
          19500       78.00000

   Energies (kJ/mol)
           Bond          Angle    Proper Dih.Periodic Improper Dih.      CMAP Dih.
    1.65586e+03    4.79238e+03    2.95477e+03    2.87773e+02    3.76140e+02
          LJ-14     Coulomb-14        LJ (SR)  Disper. corr.   Coulomb (SR)
    1.94499e+03    2.45144e+04   -3.73102e+03   -4.40273e+02   -4.74485e+04
   Coul. recip.      Potential    Kinetic En.   Total Energy  Conserved En.
    6.08924e+02   -1.44846e+04    6.65863e+03   -7.82594e+03   -3.94927e+03
    Temperature Pres. DC (bar) Pressure (bar)   Constr. rmsd
    3.02493e+02   -1.95406e+02   -5.61137e+02    2.14438e-05

           Step           Time
          20000       80.00000

   Energies (kJ/mol)
           Bond          Angle    Proper Dih.Periodic Improper Dih.      CMAP Dih.
    1.66679e+03    4.52029e+03    2.97394e+03    3.05152e+02    3.62225e+02
          LJ-14     Coulomb-14        LJ (SR)  Disper. corr.   Coulomb (SR)
    2.02115e+03    2.46810e+04   -3.80939e+03   -4.37928e+02   -4.73932e+04
   Coul. recip.      Potential    Kinetic En.   Total Energy  Conserved En.
    6.39600e+02   -1.44703e+04    6.63210e+03   -7.83825e+03   -3.91932e+03
    Temperature Pres. DC (bar) Pressure (bar)   Constr. rmsd
    3.01287e+02   -1.93334e+02    2.88926e+02    2.05709e-05

           Step           Time
          20500       82.00000

   Energies (kJ/mol)
           Bond          Angle    Proper Dih.Periodic Improper Dih.      CMAP Dih.
    1.71335e+03    4.54103e+03    2.98429e+03    2.87037e+02    4.00182e+02
          LJ-14     Coulomb-14        LJ (SR)  Disper. corr.   Coulomb (SR)
    2.03644e+03    2.46798e+04   -3.79819e+03   -4.59764e+02   -4.73653e+04
   Coul. recip.      Potential    Kinetic En.   Total Energy  Conserved En.
    6.29274e+02   -1.43519e+04    6.74069e+03   -7.61120e+03   -3.84142e+03
    Temperature Pres. DC (bar) Pressure (bar)   Constr. rmsd
    3.06221e+02   -2.13053e+02    2.65126e+02    2.63923e-05

           Step           Time
          21000       84.00000

   Energies (kJ/mol)
           Bond          Angle    Proper Dih.Periodic Improper Dih.      CMAP Dih.
    1.76237e+03    4.70965e+03    2.97241e+03    2.77924e+02    3.72195e+02
          LJ-14     Coulomb-14        LJ (SR)  Disper. corr.   Coulomb (SR)
    1.98130e+03    2.45238e+04   -3.87014e+03   -4.49257e+02   -4.72615e+04
   Coul. recip.      Potential    Kinetic En.   Total Energy  Conserved En.
    6.25962e+02   -1.43553e+04    6.88059e+03   -7.47471e+03   -3.67429e+03
    Temperature Pres. DC (bar) Pressure (bar)   Constr. rmsd
    3.12576e+02   -2.03445e+02   -6.55597e+02    2.32084e-05

           Step           Time
          21500       86.00000

   Energies (kJ/mol)
           Bond          Angle    Proper Dih.Periodic Improper Dih.      CMAP Dih.
    1.85075e+03    4.55703e+03    2.96138e+03    2.48152e+02    4.08371e+02
          LJ-14     Coulomb-14        LJ (SR)  Disper. corr.   Coulomb (SR)
    1.99411e+03    2.46975e+04   -3.76681e+03   -4.52944e+02   -4.74767e+04
   Coul. recip.      Potential    Kinetic En.   Total Energy  Conserved En.
    6.17798e+02   -1.43614e+04    6.92982e+03   -7.43157e+03   -3.69029e+03
    Temperature Pres. DC (bar) Pressure (bar)   Constr. rmsd
    3.14812e+02   -2.06792e+02   -6.10374e+02    2.43907e-05

           Step           Time
          22000       88.00000

   Energies (kJ/mol)
           Bond          Angle    Proper Dih.Periodic Improper Dih.      CMAP Dih.
    1.77791e+03    4.73595e+03    2.96693e+03    2.96065e+02    3.82672e+02
          LJ-14     Coulomb-14        LJ (SR)  Disper. corr.   Coulomb (SR)
    2.04400e+03    2.45317e+04   -3.79612e+03   -4.45838e+02   -4.72530e+04
   Coul. recip.      Potential    Kinetic En.   Total Energy  Conserved En.
    6.13985e+02   -1.41458e+04    6.87715e+03   -7.26863e+03   -3.71973e+03
    Temperature Pres. DC (bar) Pressure (bar)   Constr. rmsd
    3.12420e+02   -2.00367e+02   -3.22750e+02    2.28754e-05

           Step           Time
          22500       90.00000

   Energies (kJ/mol)
           Bond          Angle    Proper Dih.Periodic Improper Dih.      CMAP Dih.
    1.66253e+03    4.51681e+03    2.91230e+03    2.82904e+02    3.86827e+02
          LJ-14     Coulomb-14        LJ (SR)  Disper. corr.   Coulomb (SR)
    2.08769e+03    2.46275e+04   -3.75692e+03   -4.38023e+02   -4.72740e+04
   Coul. recip.      Potential    Kinetic En.   Total Energy  Conserved En.
    6.47336e+02   -1.43449e+04    6.87133e+03   -7.47362e+03   -3.64146e+03
    Temperature Pres. DC (bar) Pressure (bar)   Constr. rmsd
    3.12155e+02   -1.93418e+02   -2.98534e+02    2.18941e-05

           Step           Time
          23000       92.00000

   Energies (kJ/mol)
           Bond          Angle    Proper Dih.Periodic Improper Dih.      CMAP Dih.
    1.75831e+03    4.67883e+03    2.93700e+03    2.60816e+02    3.74093e+02
          LJ-14     Coulomb-14        LJ (SR)  Disper. corr.   Coulomb (SR)
    2.05989e+03    2.46818e+04   -3.70812e+03   -4.46463e+02   -4.73729e+04
   Coul. recip.      Potential    Kinetic En.   Total Energy  Conserved En.
    6.77287e+02   -1.40994e+04    6.93175e+03   -7.16766e+03   -3.50547e+03
    Temperature Pres. DC (bar) Pressure (bar)   Constr. rmsd
    3.14900e+02   -2.00928e+02    6.66264e+01    2.26744e-05

           Step           Time
          23500       94.00000

   Energies (kJ/mol)
           Bond          Angle    Proper Dih.Periodic Improper Dih.      CMAP Dih.
    1.65420e+03    4.59785e+03    3.01415e+03    2.78329e+02    3.58886e+02
          LJ-14     Coulomb-14        LJ (SR)  Disper. corr.   Coulomb (SR)
    2.00981e+03    2.47665e+04   -3.89174e+03   -4.46264e+02   -4.74284e+04
   Coul. recip.      Potential    Kinetic En.   Total Energy  Conserved En.
    6.43520e+02   -1.44432e+04    6.83712e+03   -7.60606e+03   -3.53030e+03
    Temperature Pres. DC (bar) Pressure (bar)   Constr. rmsd
    3.10601e+02   -2.00749e+02   -6.60328e+02    2.18002e-05

           Step           Time
          24000       96.00000

   Energies (kJ/mol)
           Bond          Angle    Proper Dih.Periodic Improper Dih.      CMAP Dih.
    1.90076e+03    4.77260e+03    3.03488e+03    2.68736e+02    4.10533e+02
          LJ-14     Coulomb-14        LJ (SR)  Disper. corr.   Coulomb (SR)
    1.94864e+03    2.45091e+04   -3.81317e+03   -4.33587e+02   -4.72729e+04
   Coul. recip.      Potential    Kinetic En.   Total Energy  Conserved En.
    6.35696e+02   -1.40387e+04    7.14558e+03   -6.89310e+03   -3.42697e+03
    Temperature Pres. DC (bar) Pressure (bar)   Constr. rmsd
    3.24614e+02   -1.89529e+02   -7.79796e+02    2.51489e-05

           Step           Time
          24500       98.00000

   Energies (kJ/mol)
           Bond          Angle    Proper Dih.Periodic Improper Dih.      CMAP Dih.
    1.77233e+03    4.70410e+03    3.01114e+03    3.17517e+02    3.78710e+02
          LJ-14     Coulomb-14        LJ (SR)  Disper. corr.   Coulomb (SR)
    2.02614e+03    2.45080e+04   -3.80764e+03   -4.49811e+02   -4.73778e+04
   Coul. recip.      Potential    Kinetic En.   Total Energy  Conserved En.
    6.26515e+02   -1.42908e+04    6.77550e+03   -7.51532e+03   -3.31300e+03
    Temperature Pres. DC (bar) Pressure (bar)   Constr. rmsd
    3.07802e+02   -2.03946e+02    2.07435e+02    2.16231e-05

           Step           Time
          25000      100.00000

Writing checkpoint, step 25000 at Wed Feb 15 12:58:58 2023


   Energies (kJ/mol)
           Bond          Angle    Proper Dih.Periodic Improper Dih.      CMAP Dih.
    1.82778e+03    4.42485e+03    3.02977e+03    2.77128e+02    4.25193e+02
          LJ-14     Coulomb-14        LJ (SR)  Disper. corr.   Coulomb (SR)
    2.03039e+03    2.45939e+04   -3.82540e+03   -4.49659e+02   -4.73678e+04
   Coul. recip.      Potential    Kinetic En.   Total Energy  Conserved En.
    6.49737e+02   -1.43842e+04    6.74706e+03   -7.63709e+03   -3.30961e+03
    Temperature Pres. DC (bar) Pressure (bar)   Constr. rmsd
    3.06510e+02   -2.03809e+02   -3.91838e+02    2.63187e-05


Energy conservation over simulation part #1 of length 100 ps, time 0 to 100 ps
  Conserved energy drift: 1.46e-02 kJ/mol/ps per atom


	<======  ###############  ==>
	<====  A V E R A G E S  ====>
	<==  ###############  ======>

	Statistics over 25001 steps using 251 frames

   Energies (kJ/mol)
           Bond          Angle    Proper Dih.Periodic Improper Dih.      CMAP Dih.
    1.73121e+03    4.61845e+03    2.97541e+03    2.84638e+02    3.78611e+02
          LJ-14     Coulomb-14        LJ (SR)  Disper. corr.   Coulomb (SR)
    2.02098e+03    2.46457e+04   -3.78564e+03   -4.14433e+02   -4.72554e+04
   Coul. recip.      Potential    Kinetic En.   Total Energy  Conserved En.
    6.89101e+02   -1.41114e+04    6.82553e+03   -7.28588e+03   -4.83246e+03
    Temperature Pres. DC (bar) Pressure (bar)   Constr. rmsd
    3.10074e+02   -1.75396e+02   -8.72069e+01    0.00000e+00

          Box-X          Box-Y          Box-Z
    3.05185e+00    3.56413e+00    3.70068e+00

   Total Virial (kJ/mol)
    2.12909e+03   -1.22570e+02    7.59833e+01
   -1.22570e+02    2.46498e+03   -2.26818e+02
    7.59831e+01   -2.26817e+02    2.54440e+03

   Pressure (bar)
    1.52043e+02    1.08724e+02   -7.84705e+01
    1.08724e+02   -1.55291e+02    2.12346e+02
   -7.84704e+01    2.12346e+02   -2.58372e+02

      T-Protein  T-non-Protein
    3.10061e+02    3.10496e+02


	M E G A - F L O P S   A C C O U N T I N G

 NB=Group-cutoff nonbonded kernels    NxN=N-by-N cluster Verlet kernels
 RF=Reaction-Field  VdW=Van der Waals  QSTab=quadratic-spline table
 W3=SPC/TIP3p  W4=TIP4p (single or pairs)
 V&F=Potential and force  V=Potential only  F=Force only

 Computing:                               M-Number         M-Flops  % Flops
-----------------------------------------------------------------------------
 Pair Search distance check              31.485504         283.370     0.0
 NxN Ewald Elec. + LJ [F]             36175.784832     2387601.799    95.6
 NxN Ewald Elec. + LJ [V&F]             366.920704       39260.515     1.6
 1,4 nonbonded interactions             138.655546       12478.999     0.5
 Shift-X                                  0.532120           3.193     0.0
 Bonds                                   26.876075        1585.688     0.1
 Angles                                  96.503860       16212.648     0.6
 Propers                                130.080203       29788.366     1.2
 Impropers                               10.300412        2142.486     0.1
 Virial                                   5.414665          97.464     0.0
 Stop-CM                                  0.532120           5.321     0.0
 Calc-Ekin                               10.604240         286.314     0.0
 Lincs                                   26.551062        1593.064     0.1
 Lincs-Mat                              144.305772         577.223     0.0
 Constraint-V                            53.102124         477.919     0.0
 Constraint-Vir                           2.656062          63.745     0.0
 CMAP                                     3.225129        5482.719     0.2
-----------------------------------------------------------------------------
 Total                                                 2497940.835   100.0
-----------------------------------------------------------------------------


     R E A L   C Y C L E   A N D   T I M E   A C C O U N T I N G

On 1 MPI rank, each using 6 OpenMP threads

 Computing:          Num   Num      Call    Wall time         Giga-Cycles
                     Ranks Threads  Count      (s)         total sum    %
-----------------------------------------------------------------------------
 Neighbor search        1    6        251       0.070          1.520   1.6
 Launch GPU ops.        1    6      25001       1.132         24.409  25.0
 Force                  1    6      25001       2.338         50.405  51.6
 Wait PME GPU gather    1    6      25001       0.078          1.676   1.7
 Reduce GPU PME F       1    6      25001       0.054          1.169   1.2
 Wait GPU NB local                              0.047          1.016   1.0
 NB X/F buffer ops.     1    6      49751       0.170          3.659   3.7
 Write traj.            1    6         51       0.034          0.723   0.7
 Update                 1    6      25001       0.159          3.437   3.5
 Constraints            1    6      25001       0.311          6.712   6.9
 Rest                                           0.141          3.030   3.1
-----------------------------------------------------------------------------
 Total                                          4.534         97.756 100.0
-----------------------------------------------------------------------------

               Core t (s)   Wall t (s)        (%)
       Time:       27.205        4.534      600.0
                 (ns/day)    (hour/ns)
Performance:     1905.572        0.013
Finished mdrun on rank 0 Wed Feb 15 12:58:58 2023

