            --------------------------------------------------------
                             AMBER SQM VERSION 19
 
                                     By
              Ross C. Walker, Michael F. Crowley, Scott Brozell,
                         Tim Giese, Andreas W. Goetz,
                        Tai-Sung Lee and David A. Case
 
            --------------------------------------------------------
 

--------------------------------------------------------------------------------
  QM CALCULATION INFO
--------------------------------------------------------------------------------

| QMMM: Citation for AMBER QMMM Run:
| QMMM: R.C. Walker, M.F. Crowley and D.A. Case, J. COMP. CHEM. 29:1019, 2008

QMMM: SINGLET STATE CALCULATION
QMMM: RHF CALCULATION, NO. OF DOUBLY OCCUPIED LEVELS = 89

| QMMM: *** Selected Hamiltonian *** 
| QMMM: AM1         

| QMMM: *** Parameter sets in use ***
| QMMM: C : M.J.S.DEWAR et al. JACS, 107, 3902, (1985)
| QMMM: O : M.J.S.DEWAR et al. JACS, 107, 3902, (1985)
| QMMM: N : M.J.S.DEWAR et al. JACS, 107, 3902, (1985)
| QMMM: H : M.J.S.DEWAR et al. JACS, 107, 3902, (1985)

| QMMM: *** SCF convergence criteria ***
| QMMM: Energy change                :  0.1D-09 kcal/mol
| QMMM: Error matrix |FP-PF|         :  0.1D+00 au
| QMMM: Density matrix change        :  0.5D-06
| QMMM: Maximum number of SCF cycles :     1000

| QMMM: *** Diagonalization Routine Information ***
| QMMM: Pseudo diagonalizations are allowed.
| QMMM: Auto diagonalization routine selection is in use.
| QMMM:
| QMMM: Timing diagonalization routines:
| QMMM:                              norbs =      169
| QMMM:    diag iterations used for timing =        5
| QMMM:
| QMMM:              Internal diag routine = 0.045431 seconds
| QMMM:                 Dspev diag routine = 0.045579 seconds
| QMMM:                Dspevd diag routine = 0.018300 seconds
| QMMM:                Dspevx diag routine = 0.078236 seconds
| QMMM:                 Dsyev diag routine = 0.028064 seconds
| QMMM:                Dsyevd diag routine = 0.015349 seconds
| QMMM:                Dsyevr diag routine = 0.019151 seconds
| QMMM:
| QMMM:                Pseudo diag routine = 0.019102 seconds
| QMMM: Pseudo diagonalization appears to be slower than regular
| QMMM: diagonalization. Setting pseudo_diag=0 for optimum performance.
| QMMM:
| QMMM: Using dsyevd routine (diag_routine=6).

  QMMM: QM Region Cartesian Coordinates (*=link atom) 
  QMMM: QM_NO.   MM_NO.  ATOM         X         Y         Z
  QMMM:     1        1      C        2.3600   10.6210   15.5130
  QMMM:     2        2      C        6.0970   10.0740   16.3860
  QMMM:     3        3      C        6.4370    8.6900   16.2580
  QMMM:     4        4      C        4.9160   11.7070   14.8380
  QMMM:     5        5      C        3.7310   12.2490   14.2720
  QMMM:     6        6      C        6.9200    5.7870   16.8350
  QMMM:     7        7      C        6.7200    5.2070   15.4380
  QMMM:     8        8      C        7.5930    8.1560   16.9270
  QMMM:     9        9      C        8.4080    9.0190   17.7190
  QMMM:    10       10      C        8.0780   10.4000   17.8420
  QMMM:    11       11      C        6.9260   10.9280   17.1780
  QMMM:    12       12      C        3.3590    6.9490   14.4400
  QMMM:    13       13      C        2.5280    5.5810   18.2210
  QMMM:    14       14      C        3.0490    6.9750   17.9580
  QMMM:    15       15      C        2.8930    7.7040   16.8070
  QMMM:    16       16      C        2.2770    7.1780   15.5020
  QMMM:    17       17      C        2.9070    3.2440   18.9290
  QMMM:    18       18      C        4.1060    6.6740   22.5750
  QMMM:    19       19      C        4.3410    7.5550   20.2760
  QMMM:    20       20      C        1.1270    5.2900   18.0640
  QMMM:    21       21      C        2.4560   11.7100   14.6080
  QMMM:    22       22      C        5.6860    7.9410   20.5700
  QMMM:    23       23      C        3.5450   10.0610   16.0900
  QMMM:    24       24      C        4.8400   10.6120   15.7530
  QMMM:    25       25      O        7.2750    5.7190   14.4680
  QMMM:    26       26      O        5.9360    4.1630   15.2630
  QMMM:    27       27      O        7.9380    6.8180   16.8020
  QMMM:    28       28      C        3.4130    4.5430   18.6550
  QMMM:    29       29      N        3.4580    8.9580   16.9990
  QMMM:    30       30      N        3.9960    9.0000   18.3230
  QMMM:    31       31      C        3.7940    7.8620   18.9220
  QMMM:    32       32      C        3.5500    6.9180   21.2880
  QMMM:    33       33      C        5.4470    7.0620   22.8580
  QMMM:    34       34      C        6.2380    7.6950   21.8610
  QMMM:    35       35      C        1.5210    2.9690   18.7680
  QMMM:    36       36      C        0.6320    3.9900   18.3350
  QMMM:    37       37      H        1.3920   10.2140   15.7670
  QMMM:    38       38      H        5.8200    8.0410   15.6540
  QMMM:    39       39      H        5.8770   12.1240   14.5760
  QMMM:    40       40      H        3.7970   13.0770   13.5810
  QMMM:    41       41      H        5.9820    6.2170   17.1850
  QMMM:    42       42      H        7.2300    4.9940   17.5150
  QMMM:    43       43      H        9.2760    8.6250   18.2260
  QMMM:    44       44      H        8.7000   11.0510   18.4390
  QMMM:    45       45      H        6.6820   11.9750   17.2750
  QMMM:    46       46      H        1.7680    6.2350   15.7020
  QMMM:    47       47      H        1.5550    7.9030   15.1280
  QMMM:    48       48      H        3.5760    2.4640   19.2600
  QMMM:    49       49      H        3.5110    6.1940   23.3380
  QMMM:    50       50      H        0.4500    6.0660   17.7380
  QMMM:    51       51      H        1.5610   12.1310   14.1730
  QMMM:    52       52      H        6.2860    8.4210   19.8110
  QMMM:    53       53      H        4.4670    4.7480   18.7740
  QMMM:    54       54      H        2.5330    6.6240   21.0740
  QMMM:    55       55      H        5.8650    6.8740   23.8360
  QMMM:    56       56      H        7.2540    7.9890   22.0810
  QMMM:    57       57      H        1.1420    1.9790   18.9760
  QMMM:    58       58      H       -0.4190    3.7750   18.2130
  QMMM:    59       59      H        2.8980    6.5770   13.5250
  QMMM:    60       60      H        3.8690    7.8900   14.2330
  QMMM:    61       61      H        4.0800    6.2180   14.8070

--------------------------------------------------------------------------------
  RESULTS
--------------------------------------------------------------------------------

      iter         sqm energy              rms gradient
      ----    -------------------    -----------------------
xmin    10       25.6974 kcal/mol        2.4911 kcal/(mol*A)
xmin    20       24.9778 kcal/mol        0.8887 kcal/(mol*A)
xmin    30       24.4521 kcal/mol        0.8980 kcal/(mol*A)
xmin    40       23.9955 kcal/mol        0.2439 kcal/(mol*A)
xmin    50       23.1093 kcal/mol        0.5114 kcal/(mol*A)
xmin    60       22.3522 kcal/mol        0.5586 kcal/(mol*A)
xmin    70       22.0385 kcal/mol        0.2187 kcal/(mol*A)
xmin    80       22.0008 kcal/mol        0.0303 kcal/(mol*A)
xmin    90       21.9970 kcal/mol        0.0198 kcal/(mol*A)
xmin   100       21.9966 kcal/mol        0.0019 kcal/(mol*A)
xmin   110       21.9966 kcal/mol        0.0008 kcal/(mol*A)
  ... geometry converged !
 
 Final MO eigenvalues (eV):
 -39.4706  -37.8855  -37.0945  -36.8398  -36.5708  -34.8998  -33.2157  -32.3530
 -32.1190  -30.9200  -29.7644  -29.6460  -29.6233  -29.1934  -28.7851  -27.9818
 -27.4490  -26.4770  -26.2682  -24.3877  -22.6500  -22.1442  -21.7360  -21.1696
 -20.8745  -20.5196  -20.4520  -19.8104  -19.3186  -18.1295  -17.7217  -16.6065
 -15.8247  -15.4631  -15.2210  -14.8990  -14.4979  -14.3199  -14.0305  -13.9215
 -13.6686  -13.6018  -13.3986  -13.1334  -12.9030  -12.7383  -12.6514  -12.4736
 -12.3058  -12.2470  -12.0039  -11.9253  -11.8146  -11.5679  -11.5441  -11.4543
 -11.2928  -11.2219  -10.8241  -10.7651  -10.6146  -10.5182  -10.3843  -10.3361
 -10.1497   -9.9944   -9.8927   -9.8290   -9.6151   -9.4899   -9.2978   -9.2551
  -9.1206   -8.8201   -8.7081   -8.3638   -8.1535   -7.8418   -7.6188   -7.5079
  -7.1437   -7.0706   -6.7262   -6.7030   -6.4778   -6.1555   -5.6508   -5.3347
  -4.9398    2.0780    2.2859    2.4713    2.7320    2.8800    3.1130    3.2663
   3.3764    3.4019    3.8626    4.0662    4.7192    5.1594    5.4073    5.5704
   5.7582    5.8150    5.8750    5.9137    6.0369    6.0820    6.1491    6.2031
   6.2312    6.3483    6.3577    6.3738    6.4561    6.4862    6.5015    6.6011
   6.6612    6.7109    6.7595    6.8245    6.8458    6.8825    6.9606    7.0134
   7.0400    7.0780    7.1237    7.1887    7.2563    7.2857    7.3185    7.3343
   7.3531    7.4051    7.4524    7.5101    7.5910    7.6227    7.6833    7.7387
   7.7584    7.7867    7.8040    7.8870    7.9368    7.9591    7.9833    8.0104
   8.0668    8.1650    8.1943    8.2661    8.2941    8.3469    8.3731    8.4216
   8.4329    8.6001    8.6532    8.7706    8.7889    9.3554    9.8380   11.8814
  12.7743

 Heat of formation   =         21.99658462 kcal/mol  (        0.95384349 eV)

 Total SCF energy    =    -131127.43229481 kcal/mol  (    -5686.11215016 eV)
 Electronic energy   =   -1250568.94799457 kcal/mol  (   -54228.73890961 eV)
 Core-core repulsion =    1119441.51569976 kcal/mol  (    48542.62675945 eV)
 
    Atomic Charges for Step       1 :
  Atom    Element       Mulliken Charge
     1      C                 -0.128
     2      C                 -0.031
     3      C                 -0.140
     4      C                 -0.120
     5      C                 -0.133
     6      C                 -0.096
     7      C                  0.307
     8      C                  0.114
     9      C                 -0.176
    10      C                 -0.123
    11      C                 -0.165
    12      C                 -0.234
    13      C                 -0.010
    14      C                 -0.132
    15      C                 -0.018
    16      C                 -0.100
    17      C                 -0.130
    18      C                 -0.142
    19      C                  0.015
    20      C                 -0.131
    21      C                 -0.138
    22      C                 -0.100
    23      C                  0.080
    24      C                  0.014
    25      O                 -0.548
    26      O                 -0.592
    27      O                 -0.212
    28      C                 -0.095
    29      N                 -0.083
    30      N                 -0.058
    31      C                 -0.078
    32      C                 -0.113
    33      C                 -0.139
    34      C                 -0.141
    35      C                 -0.142
    36      C                 -0.157
    37      H                  0.139
    38      H                  0.191
    39      H                  0.142
    40      H                  0.125
    41      H                  0.073
    42      H                  0.096
    43      H                  0.132
    44      H                  0.112
    45      H                  0.117
    46      H                  0.105
    47      H                  0.067
    48      H                  0.139
    49      H                  0.120
    50      H                  0.121
    51      H                  0.125
    52      H                  0.153
    53      H                  0.211
    54      H                  0.140
    55      H                  0.117
    56      H                  0.124
    57      H                  0.114
    58      H                  0.112
    59      H                  0.066
    60      H                  0.076
    61      H                  0.159
 Total Mulliken Charge =      -1.000
 
                  X        Y        Z     TOTAL  
  QM DIPOLE   -29.177  -28.902  -76.794   87.086
 
 Final Structure

  QMMM: QM Region Cartesian Coordinates (*=link atom) 
  QMMM: QM_NO.   MM_NO.  ATOM         X         Y         Z
  QMMM:     1        1      C        2.5034   10.5002   15.5780
  QMMM:     2        2      C        6.2031    9.9695   16.3363
  QMMM:     3        3      C        6.5461    8.6175   16.2676
  QMMM:     4        4      C        4.9939   11.5057   14.8439
  QMMM:     5        5      C        3.8394   12.0297   14.2748
  QMMM:     6        6      C        7.2478    5.8638   16.8334
  QMMM:     7        7      C        6.5053    5.5063   15.5376
  QMMM:     8        8      C        7.7893    8.1946   16.7672
  QMMM:     9        9      C        8.6929    9.1256   17.3131
  QMMM:    10       10      C        8.3371   10.4696   17.3681
  QMMM:    11       11      C        7.1014   10.8959   16.8913
  QMMM:    12       12      C        3.4820    7.0122   14.4995
  QMMM:    13       13      C        2.5643    5.5739   18.2781
  QMMM:    14       14      C        3.0151    6.9330   18.0703
  QMMM:    15       15      C        2.9565    7.6424   16.8532
  QMMM:    16       16      C        2.4156    7.1885   15.5530
  QMMM:    17       17      C        2.8855    3.1919   17.9860
  QMMM:    18       18      C        3.4811    6.7313   22.5970
  QMMM:    19       19      C        4.0211    7.5885   20.3954
  QMMM:    20       20      C        1.3538    5.3160   18.9375
  QMMM:    21       21      C        2.5929   11.5246   14.6431
  QMMM:    22       22      C        5.2812    7.9827   20.8723
  QMMM:    23       23      C        3.6718    9.9536   16.1507
  QMMM:    24       24      C        4.9388   10.4632   15.7837
  QMMM:    25       25      O        6.6976    6.1624   14.4799
  QMMM:    26       26      O        5.6835    4.5444   15.6312
  QMMM:    27       27      O        8.2372    6.8961   16.7308
  QMMM:    28       28      C        3.3255    4.5009   17.7884
  QMMM:    29       29      N        3.5370    8.9029   17.1084
  QMMM:    30       30      N        3.9556    9.0191   18.3772
  QMMM:    31       31      C        3.6622    7.8397   19.0062
  QMMM:    32       32      C        3.1236    6.9625   21.2700
  QMMM:    33       33      C        4.7340    7.1240   23.0657
  QMMM:    34       34      C        5.6317    7.7489   22.2006
  QMMM:    35       35      C        1.6906    2.9406   18.6586
  QMMM:    36       36      C        0.9225    4.0051   19.1294
  QMMM:    37       37      H        1.5138   10.1138   15.8681
  QMMM:    38       38      H        5.8817    7.8786   15.7819
  QMMM:    39       39      H        5.9808   11.8988   14.5529
  QMMM:    40       40      H        3.9095   12.8385   13.5337
  QMMM:    41       41      H        6.5056    6.1249   17.6300
  QMMM:    42       42      H        7.8621    4.9808   17.1572
  QMMM:    43       43      H        9.6681    8.7799   17.6801
  QMMM:    44       44      H        9.0383   11.2001   17.7964
  QMMM:    45       45      H        6.8224   11.9568   16.9505
  QMMM:    46       46      H        1.8993    6.2045   15.7284
  QMMM:    47       47      H        1.6412    7.9211   15.1943
  QMMM:    48       48      H        3.4900    2.3592   17.5960
  QMMM:    49       49      H        2.7716    6.2341   23.2734
  QMMM:    50       50      H        0.7365    6.1535   19.2942
  QMMM:    51       51      H        1.6762   11.9358   14.1968
  QMMM:    52       52      H        5.9954    8.4728   20.1924
  QMMM:    53       53      H        4.2645    4.6873   17.2223
  QMMM:    54       54      H        2.1374    6.6426   20.9011
  QMMM:    55       55      H        5.0145    6.9384   24.1118
  QMMM:    56       56      H        6.6227    8.0561   22.5642
  QMMM:    57       57      H        1.3503    1.9071   18.8123
  QMMM:    58       58      H       -0.0258    3.8120   19.6496
  QMMM:    59       59      H        3.0108    6.6778   13.5441
  QMMM:    60       60      H        4.0214    7.9721   14.3129
  QMMM:    61       61      H        4.2411    6.2415   14.8061

           --------- Calculation Completed ----------

